INFO - 2025-05-21 15:43:59 --> Session: Class initialized using 'CodeIgniter\Session\Handlers\FileHandler' driver.
INFO - 2025-05-21 15:44:03 --> Session: Class initialized using 'CodeIgniter\Session\Handlers\FileHandler' driver.
INFO - 2025-05-21 15:48:04 --> Session: Class initialized using 'CodeIgniter\Session\Handlers\FileHandler' driver.
INFO - 2025-05-21 15:54:42 --> Session: Class initialized using 'CodeIgniter\Session\Handlers\FileHandler' driver.
INFO - 2025-05-21 15:54:43 --> Session: Class initialized using 'CodeIgniter\Session\Handlers\FileHandler' driver.
INFO - 2025-05-21 16:41:45 --> Session: Class initialized using 'CodeIgniter\Session\Handlers\FileHandler' driver.
INFO - 2025-05-21 17:01:07 --> Session: Class initialized using 'CodeIgniter\Session\Handlers\FileHandler' driver.
INFO - 2025-05-21 17:46:48 --> Session: Class initialized using 'CodeIgniter\Session\Handlers\FileHandler' driver.
DEBUG - 2025-05-21 17:46:48 --> Selected Gejala: Array
(
    [0] => 1
    [1] => 2
    [2] => 3
    [3] => 4
)

DEBUG - 2025-05-21 17:46:48 --> List CF: Array
(
    [0] => 1
    [1] => 3
    [2] => 5
    [3] => 2
)

DEBUG - 2025-05-21 17:46:48 --> Merged Data CF: Array
(
    [0] => Array
        (
            [id_gejala] => 1
            [tingkat_kepercayaan] => Tidak Sama Sekali
            [cf_user] => 0
        )

    [1] => Array
        (
            [id_gejala] => 2
            [tingkat_kepercayaan] => Mungkin
            [cf_user] => 0.4
        )

    [2] => Array
        (
            [id_gejala] => 3
            [tingkat_kepercayaan] => Pasti
            [cf_user] => 0.8
        )

    [3] => Array
        (
            [id_gejala] => 4
            [tingkat_kepercayaan] => Tidak Yakin
            [cf_user] => 0.2
        )

)

DEBUG - 2025-05-21 17:46:48 --> Checking relation for gejala 1: Array
(
    [0] => Array
        (
            [id_aturan] => 1
            [id_penyakit] => 1
            [id_gejala] => 1
            [mb] => 0.8
            [md] => 0
            [cf] => 0.8
        )

    [1] => Array
        (
            [id_aturan] => 7
            [id_penyakit] => 3
            [id_gejala] => 1
            [mb] => 0.8
            [md] => 0
            [cf] => 0.8
        )

    [2] => Array
        (
            [id_aturan] => 17
            [id_penyakit] => 5
            [id_gejala] => 1
            [mb] => 0.9
            [md] => 0
            [cf] => 0.9
        )

)

DEBUG - 2025-05-21 17:46:48 --> Found penyakit for relation: Array
(
    [id_penyakit] => 1
    [kode_penyakit] => P01
    [nama_penyakit] => Mild Major Depressive Disorder (Ringan)
    [deskripsi_penyakit] => Mild Major Depressive Disorder adalah tingkat depresi mayor yang
                memiliki gejala yang lebih ringan dibandingkan dengan tingkat yang lebih
                parah. Pada tingkat ini, gejala depresi biasanya memengaruhi kehidupan
                sehari-hari, namun individu masih dapat menjalani aktivitas sehari-hari
                dengan tingkat fungsionalitas yang relatif normal.
    [solusi_penyakit] => Solusi penanganan untuk Mild Major Depressive Disorder melibatkan kombinasi terapi kognitif perilaku (CBT), terapi dukungan, dan perubahan gaya hidup sehat. Terapi kognitif perilaku membantu individu mengubah pola pikir negatif menjadi pola pikir yang lebih adaptif dan positif. Terapi dukungan, seperti terapi interpersonal atau kelompok dukungan, dapat memberikan wadah untuk berbagi pengalaman dan mendapatkan dukungan emosional dari orang-orang terdekat. Selain itu, menjaga pola tidur yang teratur, mengadopsi pola makan sehat, dan berpartisipasi dalam kegiatan fisik yang memadai juga penting untuk meningkatkan kesejahteraan mental dan mengurangi gejala depresi pada tingkat yang lebih ringan.
)

DEBUG - 2025-05-21 17:46:48 --> Added to CF array: Array
(
    [id_gejala] => 1
    [kode_gejala] => G01
    [nama_gejala] => Anda mengalami suasana hati sedih hampir setiap hari dalam kurun waktu 2 minggu
    [tingkat_kepercayaan] => Tidak Sama Sekali
    [cf_user] => 0
    [cf_pakar] => 0.8
    [nilai_cf] => 0
    [id_penyakit] => 1
)

DEBUG - 2025-05-21 17:46:48 --> Found penyakit for relation: Array
(
    [id_penyakit] => 3
    [kode_penyakit] => P03
    [nama_penyakit] => Moderate Major Depressive Disorder (Sedang)
    [deskripsi_penyakit] => Moderate Major Depressive Disorder mengacu pada tingkat depresi mayor
                yang memiliki gejala sedang. Pada tingkat ini, gejala depresi dapat lebih
                mengganggu kehidupan sehari-hari individu dan mempengaruhi
                fungsionalitas mereka dalam berbagai bidang, seperti pekerjaan, hubungan,
                atau aktivitas sosial.
    [solusi_penyakit] => Solusi penanganan untuk Moderate Major Depressive Disorder melibatkan pendekatan terapi kombinasi yang mencakup terapi kognitif perilaku (CBT), terapi interpersonal, dan mungkin juga penggunaan obat antidepresan yang diresepkan oleh dokter. Terapi kognitif perilaku membantu individu mengidentifikasi dan mengubah pola pikir negatif yang mendasari depresi, sedangkan terapi interpersonal fokus pada perbaikan hubungan dan interaksi sosial. Penggunaan obat antidepresan dapat membantu mengurangi gejala depresi. Dalam kombinasi dengan dukungan sosial dan perubahan gaya hidup sehat, seperti menjaga rutinitas tidur yang teratur, pola makan sehat, dan olahraga, solusi penanganan tersebut bertujuan untuk memperbaiki kesejahteraan mental individu dan membantu mereka mengatasi gejala depresi yang sedang.
)

DEBUG - 2025-05-21 17:46:48 --> Added to CF array: Array
(
    [id_gejala] => 1
    [kode_gejala] => G01
    [nama_gejala] => Anda mengalami suasana hati sedih hampir setiap hari dalam kurun waktu 2 minggu
    [tingkat_kepercayaan] => Tidak Sama Sekali
    [cf_user] => 0
    [cf_pakar] => 0.8
    [nilai_cf] => 0
    [id_penyakit] => 3
)

DEBUG - 2025-05-21 17:46:48 --> Found penyakit for relation: Array
(
    [id_penyakit] => 5
    [kode_penyakit] => P05
    [nama_penyakit] => Severe Major Depressive Disorder (Parah)
    [deskripsi_penyakit] => Severe Major Depressive Disorder adalah tingkat depresi mayor yang
                memiliki gejala yang sangat parah dan mengganggu. Pada tingkat ini, gejala
                depresi sangat menghambat individu dalam menjalani kehidupan seharihari. Mereka mungkin mengalami kesulitan dalam menjalankan tugas-tugas
                rutin, berinteraksi dengan orang lain, atau bahkan memiliki pemikiran atau
                perilaku yang berpotensi merugikan diri sendiri.
    [solusi_penyakit] => Solusi penanganan untuk Severe Major Depressive Disorder yang parah meliputi kombinasi konseling terapi psikologis, pengobatan dengan obat antidepresan yang diresepkan oleh dokter, dan dukungan sosial yang kuat. Terapi kognitif perilaku dan terapi interpersonal dapat membantu individu mengatasi gejala depresi dan mengembangkan strategi penanganan yang efektif. Penting juga untuk melibatkan keluarga dan teman-teman dalam proses pemulihan serta memonitor dan mengurangi risiko perilaku yang merugikan diri sendiri melalui perawatan yang tepat dan pengawasan yang ketat.
)

DEBUG - 2025-05-21 17:46:48 --> Added to CF array: Array
(
    [id_gejala] => 1
    [kode_gejala] => G01
    [nama_gejala] => Anda mengalami suasana hati sedih hampir setiap hari dalam kurun waktu 2 minggu
    [tingkat_kepercayaan] => Tidak Sama Sekali
    [cf_user] => 0
    [cf_pakar] => 0.9
    [nilai_cf] => 0
    [id_penyakit] => 5
)

DEBUG - 2025-05-21 17:46:48 --> Checking relation for gejala 2: Array
(
    [0] => Array
        (
            [id_aturan] => 18
            [id_penyakit] => 5
            [id_gejala] => 2
            [mb] => 0.5
            [md] => 0
            [cf] => 0.5
        )

    [1] => Array
        (
            [id_aturan] => 36
            [id_penyakit] => 3
            [id_gejala] => 2
            [mb] => 0.8
            [md] => 0
            [cf] => 0.8
        )

)

DEBUG - 2025-05-21 17:46:48 --> Found penyakit for relation: Array
(
    [id_penyakit] => 5
    [kode_penyakit] => P05
    [nama_penyakit] => Severe Major Depressive Disorder (Parah)
    [deskripsi_penyakit] => Severe Major Depressive Disorder adalah tingkat depresi mayor yang
                memiliki gejala yang sangat parah dan mengganggu. Pada tingkat ini, gejala
                depresi sangat menghambat individu dalam menjalani kehidupan seharihari. Mereka mungkin mengalami kesulitan dalam menjalankan tugas-tugas
                rutin, berinteraksi dengan orang lain, atau bahkan memiliki pemikiran atau
                perilaku yang berpotensi merugikan diri sendiri.
    [solusi_penyakit] => Solusi penanganan untuk Severe Major Depressive Disorder yang parah meliputi kombinasi konseling terapi psikologis, pengobatan dengan obat antidepresan yang diresepkan oleh dokter, dan dukungan sosial yang kuat. Terapi kognitif perilaku dan terapi interpersonal dapat membantu individu mengatasi gejala depresi dan mengembangkan strategi penanganan yang efektif. Penting juga untuk melibatkan keluarga dan teman-teman dalam proses pemulihan serta memonitor dan mengurangi risiko perilaku yang merugikan diri sendiri melalui perawatan yang tepat dan pengawasan yang ketat.
)

DEBUG - 2025-05-21 17:46:48 --> Added to CF array: Array
(
    [id_gejala] => 2
    [kode_gejala] => G02
    [nama_gejala] => Anda kehilangan minat atau kesenangan yang signifikan dalam semua hal atau hampir semua aktivitas sepanjang hari dalam kurun waktu 2 minggu terakhir
    [tingkat_kepercayaan] => Mungkin
    [cf_user] => 0.4
    [cf_pakar] => 0.5
    [nilai_cf] => 0.2
    [id_penyakit] => 5
)

DEBUG - 2025-05-21 17:46:48 --> Found penyakit for relation: Array
(
    [id_penyakit] => 3
    [kode_penyakit] => P03
    [nama_penyakit] => Moderate Major Depressive Disorder (Sedang)
    [deskripsi_penyakit] => Moderate Major Depressive Disorder mengacu pada tingkat depresi mayor
                yang memiliki gejala sedang. Pada tingkat ini, gejala depresi dapat lebih
                mengganggu kehidupan sehari-hari individu dan mempengaruhi
                fungsionalitas mereka dalam berbagai bidang, seperti pekerjaan, hubungan,
                atau aktivitas sosial.
    [solusi_penyakit] => Solusi penanganan untuk Moderate Major Depressive Disorder melibatkan pendekatan terapi kombinasi yang mencakup terapi kognitif perilaku (CBT), terapi interpersonal, dan mungkin juga penggunaan obat antidepresan yang diresepkan oleh dokter. Terapi kognitif perilaku membantu individu mengidentifikasi dan mengubah pola pikir negatif yang mendasari depresi, sedangkan terapi interpersonal fokus pada perbaikan hubungan dan interaksi sosial. Penggunaan obat antidepresan dapat membantu mengurangi gejala depresi. Dalam kombinasi dengan dukungan sosial dan perubahan gaya hidup sehat, seperti menjaga rutinitas tidur yang teratur, pola makan sehat, dan olahraga, solusi penanganan tersebut bertujuan untuk memperbaiki kesejahteraan mental individu dan membantu mereka mengatasi gejala depresi yang sedang.
)

DEBUG - 2025-05-21 17:46:48 --> Added to CF array: Array
(
    [id_gejala] => 2
    [kode_gejala] => G02
    [nama_gejala] => Anda kehilangan minat atau kesenangan yang signifikan dalam semua hal atau hampir semua aktivitas sepanjang hari dalam kurun waktu 2 minggu terakhir
    [tingkat_kepercayaan] => Mungkin
    [cf_user] => 0.4
    [cf_pakar] => 0.8
    [nilai_cf] => 0.32
    [id_penyakit] => 3
)

DEBUG - 2025-05-21 17:46:48 --> Checking relation for gejala 3: Array
(
    [0] => Array
        (
            [id_aturan] => 8
            [id_penyakit] => 3
            [id_gejala] => 3
            [mb] => 0.7
            [md] => 0
            [cf] => 0.7
        )

    [1] => Array
        (
            [id_aturan] => 19
            [id_penyakit] => 5
            [id_gejala] => 3
            [mb] => 0.8
            [md] => 0
            [cf] => 0.8
        )

)

DEBUG - 2025-05-21 17:46:48 --> Found penyakit for relation: Array
(
    [id_penyakit] => 3
    [kode_penyakit] => P03
    [nama_penyakit] => Moderate Major Depressive Disorder (Sedang)
    [deskripsi_penyakit] => Moderate Major Depressive Disorder mengacu pada tingkat depresi mayor
                yang memiliki gejala sedang. Pada tingkat ini, gejala depresi dapat lebih
                mengganggu kehidupan sehari-hari individu dan mempengaruhi
                fungsionalitas mereka dalam berbagai bidang, seperti pekerjaan, hubungan,
                atau aktivitas sosial.
    [solusi_penyakit] => Solusi penanganan untuk Moderate Major Depressive Disorder melibatkan pendekatan terapi kombinasi yang mencakup terapi kognitif perilaku (CBT), terapi interpersonal, dan mungkin juga penggunaan obat antidepresan yang diresepkan oleh dokter. Terapi kognitif perilaku membantu individu mengidentifikasi dan mengubah pola pikir negatif yang mendasari depresi, sedangkan terapi interpersonal fokus pada perbaikan hubungan dan interaksi sosial. Penggunaan obat antidepresan dapat membantu mengurangi gejala depresi. Dalam kombinasi dengan dukungan sosial dan perubahan gaya hidup sehat, seperti menjaga rutinitas tidur yang teratur, pola makan sehat, dan olahraga, solusi penanganan tersebut bertujuan untuk memperbaiki kesejahteraan mental individu dan membantu mereka mengatasi gejala depresi yang sedang.
)

DEBUG - 2025-05-21 17:46:48 --> Added to CF array: Array
(
    [id_gejala] => 3
    [kode_gejala] => G03
    [nama_gejala] => Anda mengalami perubahan berat badan yang signifikan tanpa melakukan diet atau perubahan nafsu makan selama 2 minggu terakhir
    [tingkat_kepercayaan] => Pasti
    [cf_user] => 0.8
    [cf_pakar] => 0.7
    [nilai_cf] => 0.56
    [id_penyakit] => 3
)

DEBUG - 2025-05-21 17:46:48 --> Found penyakit for relation: Array
(
    [id_penyakit] => 5
    [kode_penyakit] => P05
    [nama_penyakit] => Severe Major Depressive Disorder (Parah)
    [deskripsi_penyakit] => Severe Major Depressive Disorder adalah tingkat depresi mayor yang
                memiliki gejala yang sangat parah dan mengganggu. Pada tingkat ini, gejala
                depresi sangat menghambat individu dalam menjalani kehidupan seharihari. Mereka mungkin mengalami kesulitan dalam menjalankan tugas-tugas
                rutin, berinteraksi dengan orang lain, atau bahkan memiliki pemikiran atau
                perilaku yang berpotensi merugikan diri sendiri.
    [solusi_penyakit] => Solusi penanganan untuk Severe Major Depressive Disorder yang parah meliputi kombinasi konseling terapi psikologis, pengobatan dengan obat antidepresan yang diresepkan oleh dokter, dan dukungan sosial yang kuat. Terapi kognitif perilaku dan terapi interpersonal dapat membantu individu mengatasi gejala depresi dan mengembangkan strategi penanganan yang efektif. Penting juga untuk melibatkan keluarga dan teman-teman dalam proses pemulihan serta memonitor dan mengurangi risiko perilaku yang merugikan diri sendiri melalui perawatan yang tepat dan pengawasan yang ketat.
)

DEBUG - 2025-05-21 17:46:48 --> Added to CF array: Array
(
    [id_gejala] => 3
    [kode_gejala] => G03
    [nama_gejala] => Anda mengalami perubahan berat badan yang signifikan tanpa melakukan diet atau perubahan nafsu makan selama 2 minggu terakhir
    [tingkat_kepercayaan] => Pasti
    [cf_user] => 0.8
    [cf_pakar] => 0.8
    [nilai_cf] => 0.64
    [id_penyakit] => 5
)

DEBUG - 2025-05-21 17:46:48 --> Checking relation for gejala 4: Array
(
    [0] => Array
        (
            [id_aturan] => 20
            [id_penyakit] => 5
            [id_gejala] => 4
            [mb] => 0.8
            [md] => 0
            [cf] => 0.8
        )

)

DEBUG - 2025-05-21 17:46:48 --> Found penyakit for relation: Array
(
    [id_penyakit] => 5
    [kode_penyakit] => P05
    [nama_penyakit] => Severe Major Depressive Disorder (Parah)
    [deskripsi_penyakit] => Severe Major Depressive Disorder adalah tingkat depresi mayor yang
                memiliki gejala yang sangat parah dan mengganggu. Pada tingkat ini, gejala
                depresi sangat menghambat individu dalam menjalani kehidupan seharihari. Mereka mungkin mengalami kesulitan dalam menjalankan tugas-tugas
                rutin, berinteraksi dengan orang lain, atau bahkan memiliki pemikiran atau
                perilaku yang berpotensi merugikan diri sendiri.
    [solusi_penyakit] => Solusi penanganan untuk Severe Major Depressive Disorder yang parah meliputi kombinasi konseling terapi psikologis, pengobatan dengan obat antidepresan yang diresepkan oleh dokter, dan dukungan sosial yang kuat. Terapi kognitif perilaku dan terapi interpersonal dapat membantu individu mengatasi gejala depresi dan mengembangkan strategi penanganan yang efektif. Penting juga untuk melibatkan keluarga dan teman-teman dalam proses pemulihan serta memonitor dan mengurangi risiko perilaku yang merugikan diri sendiri melalui perawatan yang tepat dan pengawasan yang ketat.
)

DEBUG - 2025-05-21 17:46:48 --> Added to CF array: Array
(
    [id_gejala] => 4
    [kode_gejala] => G04
    [nama_gejala] => Anda mengalami kesulitan tidur atau tidur berlebihan selama 2 minggu terakhir
    [tingkat_kepercayaan] => Tidak Yakin
    [cf_user] => 0.2
    [cf_pakar] => 0.8
    [nilai_cf] => 0.16
    [id_penyakit] => 5
)

DEBUG - 2025-05-21 17:46:48 --> Final CF Array: Array
(
    [0] => Array
        (
            [id_gejala] => 1
            [kode_gejala] => G01
            [nama_gejala] => Anda mengalami suasana hati sedih hampir setiap hari dalam kurun waktu 2 minggu
            [tingkat_kepercayaan] => Tidak Sama Sekali
            [cf_user] => 0
            [cf_pakar] => 0.8
            [nilai_cf] => 0
            [id_penyakit] => 1
        )

    [1] => Array
        (
            [id_gejala] => 1
            [kode_gejala] => G01
            [nama_gejala] => Anda mengalami suasana hati sedih hampir setiap hari dalam kurun waktu 2 minggu
            [tingkat_kepercayaan] => Tidak Sama Sekali
            [cf_user] => 0
            [cf_pakar] => 0.8
            [nilai_cf] => 0
            [id_penyakit] => 3
        )

    [2] => Array
        (
            [id_gejala] => 1
            [kode_gejala] => G01
            [nama_gejala] => Anda mengalami suasana hati sedih hampir setiap hari dalam kurun waktu 2 minggu
            [tingkat_kepercayaan] => Tidak Sama Sekali
            [cf_user] => 0
            [cf_pakar] => 0.9
            [nilai_cf] => 0
            [id_penyakit] => 5
        )

    [3] => Array
        (
            [id_gejala] => 2
            [kode_gejala] => G02
            [nama_gejala] => Anda kehilangan minat atau kesenangan yang signifikan dalam semua hal atau hampir semua aktivitas sepanjang hari dalam kurun waktu 2 minggu terakhir
            [tingkat_kepercayaan] => Mungkin
            [cf_user] => 0.4
            [cf_pakar] => 0.5
            [nilai_cf] => 0.2
            [id_penyakit] => 5
        )

    [4] => Array
        (
            [id_gejala] => 2
            [kode_gejala] => G02
            [nama_gejala] => Anda kehilangan minat atau kesenangan yang signifikan dalam semua hal atau hampir semua aktivitas sepanjang hari dalam kurun waktu 2 minggu terakhir
            [tingkat_kepercayaan] => Mungkin
            [cf_user] => 0.4
            [cf_pakar] => 0.8
            [nilai_cf] => 0.32
            [id_penyakit] => 3
        )

    [5] => Array
        (
            [id_gejala] => 3
            [kode_gejala] => G03
            [nama_gejala] => Anda mengalami perubahan berat badan yang signifikan tanpa melakukan diet atau perubahan nafsu makan selama 2 minggu terakhir
            [tingkat_kepercayaan] => Pasti
            [cf_user] => 0.8
            [cf_pakar] => 0.7
            [nilai_cf] => 0.56
            [id_penyakit] => 3
        )

    [6] => Array
        (
            [id_gejala] => 3
            [kode_gejala] => G03
            [nama_gejala] => Anda mengalami perubahan berat badan yang signifikan tanpa melakukan diet atau perubahan nafsu makan selama 2 minggu terakhir
            [tingkat_kepercayaan] => Pasti
            [cf_user] => 0.8
            [cf_pakar] => 0.8
            [nilai_cf] => 0.64
            [id_penyakit] => 5
        )

    [7] => Array
        (
            [id_gejala] => 4
            [kode_gejala] => G04
            [nama_gejala] => Anda mengalami kesulitan tidur atau tidur berlebihan selama 2 minggu terakhir
            [tingkat_kepercayaan] => Tidak Yakin
            [cf_user] => 0.2
            [cf_pakar] => 0.8
            [nilai_cf] => 0.16
            [id_penyakit] => 5
        )

)

DEBUG - 2025-05-21 17:46:48 --> Grouped By Penyakit: Array
(
    [1] => Array
        (
            [0] => Array
                (
                    [id_gejala] => 1
                    [kode_gejala] => G01
                    [nama_gejala] => Anda mengalami suasana hati sedih hampir setiap hari dalam kurun waktu 2 minggu
                    [tingkat_kepercayaan] => Tidak Sama Sekali
                    [cf_user] => 0
                    [cf_pakar] => 0.8
                    [nilai_cf] => 0
                    [id_penyakit] => 1
                )

        )

    [3] => Array
        (
            [0] => Array
                (
                    [id_gejala] => 1
                    [kode_gejala] => G01
                    [nama_gejala] => Anda mengalami suasana hati sedih hampir setiap hari dalam kurun waktu 2 minggu
                    [tingkat_kepercayaan] => Tidak Sama Sekali
                    [cf_user] => 0
                    [cf_pakar] => 0.8
                    [nilai_cf] => 0
                    [id_penyakit] => 3
                )

            [1] => Array
                (
                    [id_gejala] => 2
                    [kode_gejala] => G02
                    [nama_gejala] => Anda kehilangan minat atau kesenangan yang signifikan dalam semua hal atau hampir semua aktivitas sepanjang hari dalam kurun waktu 2 minggu terakhir
                    [tingkat_kepercayaan] => Mungkin
                    [cf_user] => 0.4
                    [cf_pakar] => 0.8
                    [nilai_cf] => 0.32
                    [id_penyakit] => 3
                )

            [2] => Array
                (
                    [id_gejala] => 3
                    [kode_gejala] => G03
                    [nama_gejala] => Anda mengalami perubahan berat badan yang signifikan tanpa melakukan diet atau perubahan nafsu makan selama 2 minggu terakhir
                    [tingkat_kepercayaan] => Pasti
                    [cf_user] => 0.8
                    [cf_pakar] => 0.7
                    [nilai_cf] => 0.56
                    [id_penyakit] => 3
                )

        )

    [5] => Array
        (
            [0] => Array
                (
                    [id_gejala] => 1
                    [kode_gejala] => G01
                    [nama_gejala] => Anda mengalami suasana hati sedih hampir setiap hari dalam kurun waktu 2 minggu
                    [tingkat_kepercayaan] => Tidak Sama Sekali
                    [cf_user] => 0
                    [cf_pakar] => 0.9
                    [nilai_cf] => 0
                    [id_penyakit] => 5
                )

            [1] => Array
                (
                    [id_gejala] => 2
                    [kode_gejala] => G02
                    [nama_gejala] => Anda kehilangan minat atau kesenangan yang signifikan dalam semua hal atau hampir semua aktivitas sepanjang hari dalam kurun waktu 2 minggu terakhir
                    [tingkat_kepercayaan] => Mungkin
                    [cf_user] => 0.4
                    [cf_pakar] => 0.5
                    [nilai_cf] => 0.2
                    [id_penyakit] => 5
                )

            [2] => Array
                (
                    [id_gejala] => 3
                    [kode_gejala] => G03
                    [nama_gejala] => Anda mengalami perubahan berat badan yang signifikan tanpa melakukan diet atau perubahan nafsu makan selama 2 minggu terakhir
                    [tingkat_kepercayaan] => Pasti
                    [cf_user] => 0.8
                    [cf_pakar] => 0.8
                    [nilai_cf] => 0.64
                    [id_penyakit] => 5
                )

            [3] => Array
                (
                    [id_gejala] => 4
                    [kode_gejala] => G04
                    [nama_gejala] => Anda mengalami kesulitan tidur atau tidur berlebihan selama 2 minggu terakhir
                    [tingkat_kepercayaan] => Tidak Yakin
                    [cf_user] => 0.2
                    [cf_pakar] => 0.8
                    [nilai_cf] => 0.16
                    [id_penyakit] => 5
                )

        )

)

DEBUG - 2025-05-21 17:46:48 --> Isi array $new: Array
(
    [0] => Array
        (
            [id_penyakit] => 1
            [nilai_cf] => 0
        )

    [1] => Array
        (
            [id_penyakit] => 3
            [nilai_cf] => 0.7008
        )

    [2] => Array
        (
            [id_penyakit] => 5
            [nilai_cf] => 0.75808
        )

)

DEBUG - 2025-05-21 17:46:48 --> Max CF Value: 0.75808
DEBUG - 2025-05-21 17:46:48 --> ID Penyakit Terbesar: 5
DEBUG - 2025-05-21 17:46:48 --> Penyakit Data: Array
(
    [id_penyakit] => 5
    [kode_penyakit] => P05
    [nama_penyakit] => Severe Major Depressive Disorder (Parah)
    [deskripsi_penyakit] => Severe Major Depressive Disorder adalah tingkat depresi mayor yang
                memiliki gejala yang sangat parah dan mengganggu. Pada tingkat ini, gejala
                depresi sangat menghambat individu dalam menjalani kehidupan seharihari. Mereka mungkin mengalami kesulitan dalam menjalankan tugas-tugas
                rutin, berinteraksi dengan orang lain, atau bahkan memiliki pemikiran atau
                perilaku yang berpotensi merugikan diri sendiri.
    [solusi_penyakit] => Solusi penanganan untuk Severe Major Depressive Disorder yang parah meliputi kombinasi konseling terapi psikologis, pengobatan dengan obat antidepresan yang diresepkan oleh dokter, dan dukungan sosial yang kuat. Terapi kognitif perilaku dan terapi interpersonal dapat membantu individu mengatasi gejala depresi dan mengembangkan strategi penanganan yang efektif. Penting juga untuk melibatkan keluarga dan teman-teman dalam proses pemulihan serta memonitor dan mengurangi risiko perilaku yang merugikan diri sendiri melalui perawatan yang tepat dan pengawasan yang ketat.
)

INFO - 2025-05-21 20:27:43 --> Session: Class initialized using 'CodeIgniter\Session\Handlers\FileHandler' driver.
INFO - 2025-05-21 20:27:44 --> Session: Class initialized using 'CodeIgniter\Session\Handlers\FileHandler' driver.
INFO - 2025-05-21 20:27:47 --> Session: Class initialized using 'CodeIgniter\Session\Handlers\FileHandler' driver.
INFO - 2025-05-21 20:27:47 --> Session: Class initialized using 'CodeIgniter\Session\Handlers\FileHandler' driver.
INFO - 2025-05-21 20:29:50 --> Session: Class initialized using 'CodeIgniter\Session\Handlers\FileHandler' driver.
DEBUG - 2025-05-21 20:29:50 --> Selected Gejala: Array
(
    [0] => 1
    [1] => 2
    [2] => 5
    [3] => 6
    [4] => 8
)

DEBUG - 2025-05-21 20:29:50 --> List CF: Array
(
    [0] => 4
    [1] => 2
    [2] => 5
    [3] => 4
    [4] => 5
)

DEBUG - 2025-05-21 20:29:50 --> Merged Data CF: Array
(
    [0] => Array
        (
            [id_gejala] => 1
            [tingkat_kepercayaan] => Kemungkinan Besar
            [cf_user] => 0.6
        )

    [1] => Array
        (
            [id_gejala] => 2
            [tingkat_kepercayaan] => Tidak Yakin
            [cf_user] => 0.2
        )

    [2] => Array
        (
            [id_gejala] => 5
            [tingkat_kepercayaan] => Pasti
            [cf_user] => 0.8
        )

    [3] => Array
        (
            [id_gejala] => 6
            [tingkat_kepercayaan] => Kemungkinan Besar
            [cf_user] => 0.6
        )

    [4] => Array
        (
            [id_gejala] => 8
            [tingkat_kepercayaan] => Pasti
            [cf_user] => 0.8
        )

)

DEBUG - 2025-05-21 20:29:50 --> Checking relation for gejala 1: Array
(
    [0] => Array
        (
            [id_aturan] => 1
            [id_penyakit] => 1
            [id_gejala] => 1
            [mb] => 0.8
            [md] => 0
            [cf] => 0.8
        )

    [1] => Array
        (
            [id_aturan] => 7
            [id_penyakit] => 3
            [id_gejala] => 1
            [mb] => 0.8
            [md] => 0
            [cf] => 0.8
        )

    [2] => Array
        (
            [id_aturan] => 17
            [id_penyakit] => 5
            [id_gejala] => 1
            [mb] => 0.9
            [md] => 0
            [cf] => 0.9
        )

)

DEBUG - 2025-05-21 20:29:50 --> Found penyakit for relation: Array
(
    [id_penyakit] => 1
    [kode_penyakit] => P01
    [nama_penyakit] => Mild Major Depressive Disorder (Ringan)
    [deskripsi_penyakit] => Mild Major Depressive Disorder adalah tingkat depresi mayor yang
                memiliki gejala yang lebih ringan dibandingkan dengan tingkat yang lebih
                parah. Pada tingkat ini, gejala depresi biasanya memengaruhi kehidupan
                sehari-hari, namun individu masih dapat menjalani aktivitas sehari-hari
                dengan tingkat fungsionalitas yang relatif normal.
    [solusi_penyakit] => Solusi penanganan untuk Mild Major Depressive Disorder melibatkan kombinasi terapi kognitif perilaku (CBT), terapi dukungan, dan perubahan gaya hidup sehat. Terapi kognitif perilaku membantu individu mengubah pola pikir negatif menjadi pola pikir yang lebih adaptif dan positif. Terapi dukungan, seperti terapi interpersonal atau kelompok dukungan, dapat memberikan wadah untuk berbagi pengalaman dan mendapatkan dukungan emosional dari orang-orang terdekat. Selain itu, menjaga pola tidur yang teratur, mengadopsi pola makan sehat, dan berpartisipasi dalam kegiatan fisik yang memadai juga penting untuk meningkatkan kesejahteraan mental dan mengurangi gejala depresi pada tingkat yang lebih ringan.
)

DEBUG - 2025-05-21 20:29:50 --> Added to CF array: Array
(
    [id_gejala] => 1
    [kode_gejala] => G01
    [nama_gejala] => Anda mengalami suasana hati sedih hampir setiap hari dalam kurun waktu 2 minggu
    [tingkat_kepercayaan] => Kemungkinan Besar
    [cf_user] => 0.6
    [cf_pakar] => 0.8
    [nilai_cf] => 0.48
    [id_penyakit] => 1
)

DEBUG - 2025-05-21 20:29:50 --> Found penyakit for relation: Array
(
    [id_penyakit] => 3
    [kode_penyakit] => P03
    [nama_penyakit] => Moderate Major Depressive Disorder (Sedang)
    [deskripsi_penyakit] => Moderate Major Depressive Disorder mengacu pada tingkat depresi mayor
                yang memiliki gejala sedang. Pada tingkat ini, gejala depresi dapat lebih
                mengganggu kehidupan sehari-hari individu dan mempengaruhi
                fungsionalitas mereka dalam berbagai bidang, seperti pekerjaan, hubungan,
                atau aktivitas sosial.
    [solusi_penyakit] => Solusi penanganan untuk Moderate Major Depressive Disorder melibatkan pendekatan terapi kombinasi yang mencakup terapi kognitif perilaku (CBT), terapi interpersonal, dan mungkin juga penggunaan obat antidepresan yang diresepkan oleh dokter. Terapi kognitif perilaku membantu individu mengidentifikasi dan mengubah pola pikir negatif yang mendasari depresi, sedangkan terapi interpersonal fokus pada perbaikan hubungan dan interaksi sosial. Penggunaan obat antidepresan dapat membantu mengurangi gejala depresi. Dalam kombinasi dengan dukungan sosial dan perubahan gaya hidup sehat, seperti menjaga rutinitas tidur yang teratur, pola makan sehat, dan olahraga, solusi penanganan tersebut bertujuan untuk memperbaiki kesejahteraan mental individu dan membantu mereka mengatasi gejala depresi yang sedang.
)

DEBUG - 2025-05-21 20:29:50 --> Added to CF array: Array
(
    [id_gejala] => 1
    [kode_gejala] => G01
    [nama_gejala] => Anda mengalami suasana hati sedih hampir setiap hari dalam kurun waktu 2 minggu
    [tingkat_kepercayaan] => Kemungkinan Besar
    [cf_user] => 0.6
    [cf_pakar] => 0.8
    [nilai_cf] => 0.48
    [id_penyakit] => 3
)

DEBUG - 2025-05-21 20:29:50 --> Found penyakit for relation: Array
(
    [id_penyakit] => 5
    [kode_penyakit] => P05
    [nama_penyakit] => Severe Major Depressive Disorder (Parah)
    [deskripsi_penyakit] => Severe Major Depressive Disorder adalah tingkat depresi mayor yang
                memiliki gejala yang sangat parah dan mengganggu. Pada tingkat ini, gejala
                depresi sangat menghambat individu dalam menjalani kehidupan seharihari. Mereka mungkin mengalami kesulitan dalam menjalankan tugas-tugas
                rutin, berinteraksi dengan orang lain, atau bahkan memiliki pemikiran atau
                perilaku yang berpotensi merugikan diri sendiri.
    [solusi_penyakit] => Solusi penanganan untuk Severe Major Depressive Disorder yang parah meliputi kombinasi konseling terapi psikologis, pengobatan dengan obat antidepresan yang diresepkan oleh dokter, dan dukungan sosial yang kuat. Terapi kognitif perilaku dan terapi interpersonal dapat membantu individu mengatasi gejala depresi dan mengembangkan strategi penanganan yang efektif. Penting juga untuk melibatkan keluarga dan teman-teman dalam proses pemulihan serta memonitor dan mengurangi risiko perilaku yang merugikan diri sendiri melalui perawatan yang tepat dan pengawasan yang ketat.
)

DEBUG - 2025-05-21 20:29:50 --> Added to CF array: Array
(
    [id_gejala] => 1
    [kode_gejala] => G01
    [nama_gejala] => Anda mengalami suasana hati sedih hampir setiap hari dalam kurun waktu 2 minggu
    [tingkat_kepercayaan] => Kemungkinan Besar
    [cf_user] => 0.6
    [cf_pakar] => 0.9
    [nilai_cf] => 0.54
    [id_penyakit] => 5
)

DEBUG - 2025-05-21 20:29:50 --> Checking relation for gejala 2: Array
(
    [0] => Array
        (
            [id_aturan] => 18
            [id_penyakit] => 5
            [id_gejala] => 2
            [mb] => 0.5
            [md] => 0
            [cf] => 0.5
        )

    [1] => Array
        (
            [id_aturan] => 36
            [id_penyakit] => 3
            [id_gejala] => 2
            [mb] => 0.8
            [md] => 0
            [cf] => 0.8
        )

)

DEBUG - 2025-05-21 20:29:50 --> Found penyakit for relation: Array
(
    [id_penyakit] => 5
    [kode_penyakit] => P05
    [nama_penyakit] => Severe Major Depressive Disorder (Parah)
    [deskripsi_penyakit] => Severe Major Depressive Disorder adalah tingkat depresi mayor yang
                memiliki gejala yang sangat parah dan mengganggu. Pada tingkat ini, gejala
                depresi sangat menghambat individu dalam menjalani kehidupan seharihari. Mereka mungkin mengalami kesulitan dalam menjalankan tugas-tugas
                rutin, berinteraksi dengan orang lain, atau bahkan memiliki pemikiran atau
                perilaku yang berpotensi merugikan diri sendiri.
    [solusi_penyakit] => Solusi penanganan untuk Severe Major Depressive Disorder yang parah meliputi kombinasi konseling terapi psikologis, pengobatan dengan obat antidepresan yang diresepkan oleh dokter, dan dukungan sosial yang kuat. Terapi kognitif perilaku dan terapi interpersonal dapat membantu individu mengatasi gejala depresi dan mengembangkan strategi penanganan yang efektif. Penting juga untuk melibatkan keluarga dan teman-teman dalam proses pemulihan serta memonitor dan mengurangi risiko perilaku yang merugikan diri sendiri melalui perawatan yang tepat dan pengawasan yang ketat.
)

DEBUG - 2025-05-21 20:29:50 --> Added to CF array: Array
(
    [id_gejala] => 2
    [kode_gejala] => G02
    [nama_gejala] => Anda kehilangan minat atau kesenangan yang signifikan dalam semua hal atau hampir semua aktivitas sepanjang hari dalam kurun waktu 2 minggu terakhir
    [tingkat_kepercayaan] => Tidak Yakin
    [cf_user] => 0.2
    [cf_pakar] => 0.5
    [nilai_cf] => 0.1
    [id_penyakit] => 5
)

DEBUG - 2025-05-21 20:29:50 --> Found penyakit for relation: Array
(
    [id_penyakit] => 3
    [kode_penyakit] => P03
    [nama_penyakit] => Moderate Major Depressive Disorder (Sedang)
    [deskripsi_penyakit] => Moderate Major Depressive Disorder mengacu pada tingkat depresi mayor
                yang memiliki gejala sedang. Pada tingkat ini, gejala depresi dapat lebih
                mengganggu kehidupan sehari-hari individu dan mempengaruhi
                fungsionalitas mereka dalam berbagai bidang, seperti pekerjaan, hubungan,
                atau aktivitas sosial.
    [solusi_penyakit] => Solusi penanganan untuk Moderate Major Depressive Disorder melibatkan pendekatan terapi kombinasi yang mencakup terapi kognitif perilaku (CBT), terapi interpersonal, dan mungkin juga penggunaan obat antidepresan yang diresepkan oleh dokter. Terapi kognitif perilaku membantu individu mengidentifikasi dan mengubah pola pikir negatif yang mendasari depresi, sedangkan terapi interpersonal fokus pada perbaikan hubungan dan interaksi sosial. Penggunaan obat antidepresan dapat membantu mengurangi gejala depresi. Dalam kombinasi dengan dukungan sosial dan perubahan gaya hidup sehat, seperti menjaga rutinitas tidur yang teratur, pola makan sehat, dan olahraga, solusi penanganan tersebut bertujuan untuk memperbaiki kesejahteraan mental individu dan membantu mereka mengatasi gejala depresi yang sedang.
)

DEBUG - 2025-05-21 20:29:50 --> Added to CF array: Array
(
    [id_gejala] => 2
    [kode_gejala] => G02
    [nama_gejala] => Anda kehilangan minat atau kesenangan yang signifikan dalam semua hal atau hampir semua aktivitas sepanjang hari dalam kurun waktu 2 minggu terakhir
    [tingkat_kepercayaan] => Tidak Yakin
    [cf_user] => 0.2
    [cf_pakar] => 0.8
    [nilai_cf] => 0.16
    [id_penyakit] => 3
)

DEBUG - 2025-05-21 20:29:50 --> Checking relation for gejala 5: Array
(
    [0] => Array
        (
            [id_aturan] => 21
            [id_penyakit] => 5
            [id_gejala] => 5
            [mb] => 0.9
            [md] => 0
            [cf] => 0.9
        )

)

DEBUG - 2025-05-21 20:29:50 --> Found penyakit for relation: Array
(
    [id_penyakit] => 5
    [kode_penyakit] => P05
    [nama_penyakit] => Severe Major Depressive Disorder (Parah)
    [deskripsi_penyakit] => Severe Major Depressive Disorder adalah tingkat depresi mayor yang
                memiliki gejala yang sangat parah dan mengganggu. Pada tingkat ini, gejala
                depresi sangat menghambat individu dalam menjalani kehidupan seharihari. Mereka mungkin mengalami kesulitan dalam menjalankan tugas-tugas
                rutin, berinteraksi dengan orang lain, atau bahkan memiliki pemikiran atau
                perilaku yang berpotensi merugikan diri sendiri.
    [solusi_penyakit] => Solusi penanganan untuk Severe Major Depressive Disorder yang parah meliputi kombinasi konseling terapi psikologis, pengobatan dengan obat antidepresan yang diresepkan oleh dokter, dan dukungan sosial yang kuat. Terapi kognitif perilaku dan terapi interpersonal dapat membantu individu mengatasi gejala depresi dan mengembangkan strategi penanganan yang efektif. Penting juga untuk melibatkan keluarga dan teman-teman dalam proses pemulihan serta memonitor dan mengurangi risiko perilaku yang merugikan diri sendiri melalui perawatan yang tepat dan pengawasan yang ketat.
)

DEBUG - 2025-05-21 20:29:50 --> Added to CF array: Array
(
    [id_gejala] => 5
    [kode_gejala] => G05
    [nama_gejala] => Anda merasa gelisah atau pergerakan anda lebih lambat selama 2 minggu terakhir
    [tingkat_kepercayaan] => Pasti
    [cf_user] => 0.8
    [cf_pakar] => 0.9
    [nilai_cf] => 0.72
    [id_penyakit] => 5
)

DEBUG - 2025-05-21 20:29:50 --> Checking relation for gejala 6: Array
(
    [0] => Array
        (
            [id_aturan] => 2
            [id_penyakit] => 1
            [id_gejala] => 6
            [mb] => 0.9
            [md] => 0
            [cf] => 0.9
        )

    [1] => Array
        (
            [id_aturan] => 9
            [id_penyakit] => 3
            [id_gejala] => 6
            [mb] => 0.6
            [md] => 0
            [cf] => 0.6
        )

    [2] => Array
        (
            [id_aturan] => 22
            [id_penyakit] => 5
            [id_gejala] => 6
            [mb] => 0.6
            [md] => 0
            [cf] => 0.6
        )

)

DEBUG - 2025-05-21 20:29:50 --> Found penyakit for relation: Array
(
    [id_penyakit] => 1
    [kode_penyakit] => P01
    [nama_penyakit] => Mild Major Depressive Disorder (Ringan)
    [deskripsi_penyakit] => Mild Major Depressive Disorder adalah tingkat depresi mayor yang
                memiliki gejala yang lebih ringan dibandingkan dengan tingkat yang lebih
                parah. Pada tingkat ini, gejala depresi biasanya memengaruhi kehidupan
                sehari-hari, namun individu masih dapat menjalani aktivitas sehari-hari
                dengan tingkat fungsionalitas yang relatif normal.
    [solusi_penyakit] => Solusi penanganan untuk Mild Major Depressive Disorder melibatkan kombinasi terapi kognitif perilaku (CBT), terapi dukungan, dan perubahan gaya hidup sehat. Terapi kognitif perilaku membantu individu mengubah pola pikir negatif menjadi pola pikir yang lebih adaptif dan positif. Terapi dukungan, seperti terapi interpersonal atau kelompok dukungan, dapat memberikan wadah untuk berbagi pengalaman dan mendapatkan dukungan emosional dari orang-orang terdekat. Selain itu, menjaga pola tidur yang teratur, mengadopsi pola makan sehat, dan berpartisipasi dalam kegiatan fisik yang memadai juga penting untuk meningkatkan kesejahteraan mental dan mengurangi gejala depresi pada tingkat yang lebih ringan.
)

DEBUG - 2025-05-21 20:29:50 --> Added to CF array: Array
(
    [id_gejala] => 6
    [kode_gejala] => G06
    [nama_gejala] => Anda merasa lelah atau kehilangan energi hampir setiap hari selama 2 minggu terakhir
    [tingkat_kepercayaan] => Kemungkinan Besar
    [cf_user] => 0.6
    [cf_pakar] => 0.9
    [nilai_cf] => 0.54
    [id_penyakit] => 1
)

DEBUG - 2025-05-21 20:29:50 --> Found penyakit for relation: Array
(
    [id_penyakit] => 3
    [kode_penyakit] => P03
    [nama_penyakit] => Moderate Major Depressive Disorder (Sedang)
    [deskripsi_penyakit] => Moderate Major Depressive Disorder mengacu pada tingkat depresi mayor
                yang memiliki gejala sedang. Pada tingkat ini, gejala depresi dapat lebih
                mengganggu kehidupan sehari-hari individu dan mempengaruhi
                fungsionalitas mereka dalam berbagai bidang, seperti pekerjaan, hubungan,
                atau aktivitas sosial.
    [solusi_penyakit] => Solusi penanganan untuk Moderate Major Depressive Disorder melibatkan pendekatan terapi kombinasi yang mencakup terapi kognitif perilaku (CBT), terapi interpersonal, dan mungkin juga penggunaan obat antidepresan yang diresepkan oleh dokter. Terapi kognitif perilaku membantu individu mengidentifikasi dan mengubah pola pikir negatif yang mendasari depresi, sedangkan terapi interpersonal fokus pada perbaikan hubungan dan interaksi sosial. Penggunaan obat antidepresan dapat membantu mengurangi gejala depresi. Dalam kombinasi dengan dukungan sosial dan perubahan gaya hidup sehat, seperti menjaga rutinitas tidur yang teratur, pola makan sehat, dan olahraga, solusi penanganan tersebut bertujuan untuk memperbaiki kesejahteraan mental individu dan membantu mereka mengatasi gejala depresi yang sedang.
)

DEBUG - 2025-05-21 20:29:50 --> Added to CF array: Array
(
    [id_gejala] => 6
    [kode_gejala] => G06
    [nama_gejala] => Anda merasa lelah atau kehilangan energi hampir setiap hari selama 2 minggu terakhir
    [tingkat_kepercayaan] => Kemungkinan Besar
    [cf_user] => 0.6
    [cf_pakar] => 0.6
    [nilai_cf] => 0.36
    [id_penyakit] => 3
)

DEBUG - 2025-05-21 20:29:50 --> Found penyakit for relation: Array
(
    [id_penyakit] => 5
    [kode_penyakit] => P05
    [nama_penyakit] => Severe Major Depressive Disorder (Parah)
    [deskripsi_penyakit] => Severe Major Depressive Disorder adalah tingkat depresi mayor yang
                memiliki gejala yang sangat parah dan mengganggu. Pada tingkat ini, gejala
                depresi sangat menghambat individu dalam menjalani kehidupan seharihari. Mereka mungkin mengalami kesulitan dalam menjalankan tugas-tugas
                rutin, berinteraksi dengan orang lain, atau bahkan memiliki pemikiran atau
                perilaku yang berpotensi merugikan diri sendiri.
    [solusi_penyakit] => Solusi penanganan untuk Severe Major Depressive Disorder yang parah meliputi kombinasi konseling terapi psikologis, pengobatan dengan obat antidepresan yang diresepkan oleh dokter, dan dukungan sosial yang kuat. Terapi kognitif perilaku dan terapi interpersonal dapat membantu individu mengatasi gejala depresi dan mengembangkan strategi penanganan yang efektif. Penting juga untuk melibatkan keluarga dan teman-teman dalam proses pemulihan serta memonitor dan mengurangi risiko perilaku yang merugikan diri sendiri melalui perawatan yang tepat dan pengawasan yang ketat.
)

DEBUG - 2025-05-21 20:29:50 --> Added to CF array: Array
(
    [id_gejala] => 6
    [kode_gejala] => G06
    [nama_gejala] => Anda merasa lelah atau kehilangan energi hampir setiap hari selama 2 minggu terakhir
    [tingkat_kepercayaan] => Kemungkinan Besar
    [cf_user] => 0.6
    [cf_pakar] => 0.6
    [nilai_cf] => 0.36
    [id_penyakit] => 5
)

DEBUG - 2025-05-21 20:29:50 --> Checking relation for gejala 8: Array
(
    [0] => Array
        (
            [id_aturan] => 3
            [id_penyakit] => 1
            [id_gejala] => 8
            [mb] => 0.8
            [md] => 0
            [cf] => 0.8
        )

    [1] => Array
        (
            [id_aturan] => 11
            [id_penyakit] => 3
            [id_gejala] => 8
            [mb] => 0.7
            [md] => 0
            [cf] => 0.7
        )

    [2] => Array
        (
            [id_aturan] => 24
            [id_penyakit] => 5
            [id_gejala] => 8
            [mb] => 0.5
            [md] => 0
            [cf] => 0.5
        )

)

DEBUG - 2025-05-21 20:29:50 --> Found penyakit for relation: Array
(
    [id_penyakit] => 1
    [kode_penyakit] => P01
    [nama_penyakit] => Mild Major Depressive Disorder (Ringan)
    [deskripsi_penyakit] => Mild Major Depressive Disorder adalah tingkat depresi mayor yang
                memiliki gejala yang lebih ringan dibandingkan dengan tingkat yang lebih
                parah. Pada tingkat ini, gejala depresi biasanya memengaruhi kehidupan
                sehari-hari, namun individu masih dapat menjalani aktivitas sehari-hari
                dengan tingkat fungsionalitas yang relatif normal.
    [solusi_penyakit] => Solusi penanganan untuk Mild Major Depressive Disorder melibatkan kombinasi terapi kognitif perilaku (CBT), terapi dukungan, dan perubahan gaya hidup sehat. Terapi kognitif perilaku membantu individu mengubah pola pikir negatif menjadi pola pikir yang lebih adaptif dan positif. Terapi dukungan, seperti terapi interpersonal atau kelompok dukungan, dapat memberikan wadah untuk berbagi pengalaman dan mendapatkan dukungan emosional dari orang-orang terdekat. Selain itu, menjaga pola tidur yang teratur, mengadopsi pola makan sehat, dan berpartisipasi dalam kegiatan fisik yang memadai juga penting untuk meningkatkan kesejahteraan mental dan mengurangi gejala depresi pada tingkat yang lebih ringan.
)

DEBUG - 2025-05-21 20:29:50 --> Added to CF array: Array
(
    [id_gejala] => 8
    [kode_gejala] => G08
    [nama_gejala] => Anda kesulitan berpikir atau berkonsentrasi, atau sulit membuat keputusan hampir setiap hari dalam 2 minggu terakhir
    [tingkat_kepercayaan] => Pasti
    [cf_user] => 0.8
    [cf_pakar] => 0.8
    [nilai_cf] => 0.64
    [id_penyakit] => 1
)

DEBUG - 2025-05-21 20:29:50 --> Found penyakit for relation: Array
(
    [id_penyakit] => 3
    [kode_penyakit] => P03
    [nama_penyakit] => Moderate Major Depressive Disorder (Sedang)
    [deskripsi_penyakit] => Moderate Major Depressive Disorder mengacu pada tingkat depresi mayor
                yang memiliki gejala sedang. Pada tingkat ini, gejala depresi dapat lebih
                mengganggu kehidupan sehari-hari individu dan mempengaruhi
                fungsionalitas mereka dalam berbagai bidang, seperti pekerjaan, hubungan,
                atau aktivitas sosial.
    [solusi_penyakit] => Solusi penanganan untuk Moderate Major Depressive Disorder melibatkan pendekatan terapi kombinasi yang mencakup terapi kognitif perilaku (CBT), terapi interpersonal, dan mungkin juga penggunaan obat antidepresan yang diresepkan oleh dokter. Terapi kognitif perilaku membantu individu mengidentifikasi dan mengubah pola pikir negatif yang mendasari depresi, sedangkan terapi interpersonal fokus pada perbaikan hubungan dan interaksi sosial. Penggunaan obat antidepresan dapat membantu mengurangi gejala depresi. Dalam kombinasi dengan dukungan sosial dan perubahan gaya hidup sehat, seperti menjaga rutinitas tidur yang teratur, pola makan sehat, dan olahraga, solusi penanganan tersebut bertujuan untuk memperbaiki kesejahteraan mental individu dan membantu mereka mengatasi gejala depresi yang sedang.
)

DEBUG - 2025-05-21 20:29:50 --> Added to CF array: Array
(
    [id_gejala] => 8
    [kode_gejala] => G08
    [nama_gejala] => Anda kesulitan berpikir atau berkonsentrasi, atau sulit membuat keputusan hampir setiap hari dalam 2 minggu terakhir
    [tingkat_kepercayaan] => Pasti
    [cf_user] => 0.8
    [cf_pakar] => 0.7
    [nilai_cf] => 0.56
    [id_penyakit] => 3
)

DEBUG - 2025-05-21 20:29:50 --> Found penyakit for relation: Array
(
    [id_penyakit] => 5
    [kode_penyakit] => P05
    [nama_penyakit] => Severe Major Depressive Disorder (Parah)
    [deskripsi_penyakit] => Severe Major Depressive Disorder adalah tingkat depresi mayor yang
                memiliki gejala yang sangat parah dan mengganggu. Pada tingkat ini, gejala
                depresi sangat menghambat individu dalam menjalani kehidupan seharihari. Mereka mungkin mengalami kesulitan dalam menjalankan tugas-tugas
                rutin, berinteraksi dengan orang lain, atau bahkan memiliki pemikiran atau
                perilaku yang berpotensi merugikan diri sendiri.
    [solusi_penyakit] => Solusi penanganan untuk Severe Major Depressive Disorder yang parah meliputi kombinasi konseling terapi psikologis, pengobatan dengan obat antidepresan yang diresepkan oleh dokter, dan dukungan sosial yang kuat. Terapi kognitif perilaku dan terapi interpersonal dapat membantu individu mengatasi gejala depresi dan mengembangkan strategi penanganan yang efektif. Penting juga untuk melibatkan keluarga dan teman-teman dalam proses pemulihan serta memonitor dan mengurangi risiko perilaku yang merugikan diri sendiri melalui perawatan yang tepat dan pengawasan yang ketat.
)

DEBUG - 2025-05-21 20:29:50 --> Added to CF array: Array
(
    [id_gejala] => 8
    [kode_gejala] => G08
    [nama_gejala] => Anda kesulitan berpikir atau berkonsentrasi, atau sulit membuat keputusan hampir setiap hari dalam 2 minggu terakhir
    [tingkat_kepercayaan] => Pasti
    [cf_user] => 0.8
    [cf_pakar] => 0.5
    [nilai_cf] => 0.4
    [id_penyakit] => 5
)

DEBUG - 2025-05-21 20:29:50 --> Final CF Array: Array
(
    [0] => Array
        (
            [id_gejala] => 1
            [kode_gejala] => G01
            [nama_gejala] => Anda mengalami suasana hati sedih hampir setiap hari dalam kurun waktu 2 minggu
            [tingkat_kepercayaan] => Kemungkinan Besar
            [cf_user] => 0.6
            [cf_pakar] => 0.8
            [nilai_cf] => 0.48
            [id_penyakit] => 1
        )

    [1] => Array
        (
            [id_gejala] => 1
            [kode_gejala] => G01
            [nama_gejala] => Anda mengalami suasana hati sedih hampir setiap hari dalam kurun waktu 2 minggu
            [tingkat_kepercayaan] => Kemungkinan Besar
            [cf_user] => 0.6
            [cf_pakar] => 0.8
            [nilai_cf] => 0.48
            [id_penyakit] => 3
        )

    [2] => Array
        (
            [id_gejala] => 1
            [kode_gejala] => G01
            [nama_gejala] => Anda mengalami suasana hati sedih hampir setiap hari dalam kurun waktu 2 minggu
            [tingkat_kepercayaan] => Kemungkinan Besar
            [cf_user] => 0.6
            [cf_pakar] => 0.9
            [nilai_cf] => 0.54
            [id_penyakit] => 5
        )

    [3] => Array
        (
            [id_gejala] => 2
            [kode_gejala] => G02
            [nama_gejala] => Anda kehilangan minat atau kesenangan yang signifikan dalam semua hal atau hampir semua aktivitas sepanjang hari dalam kurun waktu 2 minggu terakhir
            [tingkat_kepercayaan] => Tidak Yakin
            [cf_user] => 0.2
            [cf_pakar] => 0.5
            [nilai_cf] => 0.1
            [id_penyakit] => 5
        )

    [4] => Array
        (
            [id_gejala] => 2
            [kode_gejala] => G02
            [nama_gejala] => Anda kehilangan minat atau kesenangan yang signifikan dalam semua hal atau hampir semua aktivitas sepanjang hari dalam kurun waktu 2 minggu terakhir
            [tingkat_kepercayaan] => Tidak Yakin
            [cf_user] => 0.2
            [cf_pakar] => 0.8
            [nilai_cf] => 0.16
            [id_penyakit] => 3
        )

    [5] => Array
        (
            [id_gejala] => 5
            [kode_gejala] => G05
            [nama_gejala] => Anda merasa gelisah atau pergerakan anda lebih lambat selama 2 minggu terakhir
            [tingkat_kepercayaan] => Pasti
            [cf_user] => 0.8
            [cf_pakar] => 0.9
            [nilai_cf] => 0.72
            [id_penyakit] => 5
        )

    [6] => Array
        (
            [id_gejala] => 6
            [kode_gejala] => G06
            [nama_gejala] => Anda merasa lelah atau kehilangan energi hampir setiap hari selama 2 minggu terakhir
            [tingkat_kepercayaan] => Kemungkinan Besar
            [cf_user] => 0.6
            [cf_pakar] => 0.9
            [nilai_cf] => 0.54
            [id_penyakit] => 1
        )

    [7] => Array
        (
            [id_gejala] => 6
            [kode_gejala] => G06
            [nama_gejala] => Anda merasa lelah atau kehilangan energi hampir setiap hari selama 2 minggu terakhir
            [tingkat_kepercayaan] => Kemungkinan Besar
            [cf_user] => 0.6
            [cf_pakar] => 0.6
            [nilai_cf] => 0.36
            [id_penyakit] => 3
        )

    [8] => Array
        (
            [id_gejala] => 6
            [kode_gejala] => G06
            [nama_gejala] => Anda merasa lelah atau kehilangan energi hampir setiap hari selama 2 minggu terakhir
            [tingkat_kepercayaan] => Kemungkinan Besar
            [cf_user] => 0.6
            [cf_pakar] => 0.6
            [nilai_cf] => 0.36
            [id_penyakit] => 5
        )

    [9] => Array
        (
            [id_gejala] => 8
            [kode_gejala] => G08
            [nama_gejala] => Anda kesulitan berpikir atau berkonsentrasi, atau sulit membuat keputusan hampir setiap hari dalam 2 minggu terakhir
            [tingkat_kepercayaan] => Pasti
            [cf_user] => 0.8
            [cf_pakar] => 0.8
            [nilai_cf] => 0.64
            [id_penyakit] => 1
        )

    [10] => Array
        (
            [id_gejala] => 8
            [kode_gejala] => G08
            [nama_gejala] => Anda kesulitan berpikir atau berkonsentrasi, atau sulit membuat keputusan hampir setiap hari dalam 2 minggu terakhir
            [tingkat_kepercayaan] => Pasti
            [cf_user] => 0.8
            [cf_pakar] => 0.7
            [nilai_cf] => 0.56
            [id_penyakit] => 3
        )

    [11] => Array
        (
            [id_gejala] => 8
            [kode_gejala] => G08
            [nama_gejala] => Anda kesulitan berpikir atau berkonsentrasi, atau sulit membuat keputusan hampir setiap hari dalam 2 minggu terakhir
            [tingkat_kepercayaan] => Pasti
            [cf_user] => 0.8
            [cf_pakar] => 0.5
            [nilai_cf] => 0.4
            [id_penyakit] => 5
        )

)

DEBUG - 2025-05-21 20:29:50 --> Grouped By Penyakit: Array
(
    [1] => Array
        (
            [0] => Array
                (
                    [id_gejala] => 1
                    [kode_gejala] => G01
                    [nama_gejala] => Anda mengalami suasana hati sedih hampir setiap hari dalam kurun waktu 2 minggu
                    [tingkat_kepercayaan] => Kemungkinan Besar
                    [cf_user] => 0.6
                    [cf_pakar] => 0.8
                    [nilai_cf] => 0.48
                    [id_penyakit] => 1
                )

            [1] => Array
                (
                    [id_gejala] => 6
                    [kode_gejala] => G06
                    [nama_gejala] => Anda merasa lelah atau kehilangan energi hampir setiap hari selama 2 minggu terakhir
                    [tingkat_kepercayaan] => Kemungkinan Besar
                    [cf_user] => 0.6
                    [cf_pakar] => 0.9
                    [nilai_cf] => 0.54
                    [id_penyakit] => 1
                )

            [2] => Array
                (
                    [id_gejala] => 8
                    [kode_gejala] => G08
                    [nama_gejala] => Anda kesulitan berpikir atau berkonsentrasi, atau sulit membuat keputusan hampir setiap hari dalam 2 minggu terakhir
                    [tingkat_kepercayaan] => Pasti
                    [cf_user] => 0.8
                    [cf_pakar] => 0.8
                    [nilai_cf] => 0.64
                    [id_penyakit] => 1
                )

        )

    [3] => Array
        (
            [0] => Array
                (
                    [id_gejala] => 1
                    [kode_gejala] => G01
                    [nama_gejala] => Anda mengalami suasana hati sedih hampir setiap hari dalam kurun waktu 2 minggu
                    [tingkat_kepercayaan] => Kemungkinan Besar
                    [cf_user] => 0.6
                    [cf_pakar] => 0.8
                    [nilai_cf] => 0.48
                    [id_penyakit] => 3
                )

            [1] => Array
                (
                    [id_gejala] => 2
                    [kode_gejala] => G02
                    [nama_gejala] => Anda kehilangan minat atau kesenangan yang signifikan dalam semua hal atau hampir semua aktivitas sepanjang hari dalam kurun waktu 2 minggu terakhir
                    [tingkat_kepercayaan] => Tidak Yakin
                    [cf_user] => 0.2
                    [cf_pakar] => 0.8
                    [nilai_cf] => 0.16
                    [id_penyakit] => 3
                )

            [2] => Array
                (
                    [id_gejala] => 6
                    [kode_gejala] => G06
                    [nama_gejala] => Anda merasa lelah atau kehilangan energi hampir setiap hari selama 2 minggu terakhir
                    [tingkat_kepercayaan] => Kemungkinan Besar
                    [cf_user] => 0.6
                    [cf_pakar] => 0.6
                    [nilai_cf] => 0.36
                    [id_penyakit] => 3
                )

            [3] => Array
                (
                    [id_gejala] => 8
                    [kode_gejala] => G08
                    [nama_gejala] => Anda kesulitan berpikir atau berkonsentrasi, atau sulit membuat keputusan hampir setiap hari dalam 2 minggu terakhir
                    [tingkat_kepercayaan] => Pasti
                    [cf_user] => 0.8
                    [cf_pakar] => 0.7
                    [nilai_cf] => 0.56
                    [id_penyakit] => 3
                )

        )

    [5] => Array
        (
            [0] => Array
                (
                    [id_gejala] => 1
                    [kode_gejala] => G01
                    [nama_gejala] => Anda mengalami suasana hati sedih hampir setiap hari dalam kurun waktu 2 minggu
                    [tingkat_kepercayaan] => Kemungkinan Besar
                    [cf_user] => 0.6
                    [cf_pakar] => 0.9
                    [nilai_cf] => 0.54
                    [id_penyakit] => 5
                )

            [1] => Array
                (
                    [id_gejala] => 2
                    [kode_gejala] => G02
                    [nama_gejala] => Anda kehilangan minat atau kesenangan yang signifikan dalam semua hal atau hampir semua aktivitas sepanjang hari dalam kurun waktu 2 minggu terakhir
                    [tingkat_kepercayaan] => Tidak Yakin
                    [cf_user] => 0.2
                    [cf_pakar] => 0.5
                    [nilai_cf] => 0.1
                    [id_penyakit] => 5
                )

            [2] => Array
                (
                    [id_gejala] => 5
                    [kode_gejala] => G05
                    [nama_gejala] => Anda merasa gelisah atau pergerakan anda lebih lambat selama 2 minggu terakhir
                    [tingkat_kepercayaan] => Pasti
                    [cf_user] => 0.8
                    [cf_pakar] => 0.9
                    [nilai_cf] => 0.72
                    [id_penyakit] => 5
                )

            [3] => Array
                (
                    [id_gejala] => 6
                    [kode_gejala] => G06
                    [nama_gejala] => Anda merasa lelah atau kehilangan energi hampir setiap hari selama 2 minggu terakhir
                    [tingkat_kepercayaan] => Kemungkinan Besar
                    [cf_user] => 0.6
                    [cf_pakar] => 0.6
                    [nilai_cf] => 0.36
                    [id_penyakit] => 5
                )

            [4] => Array
                (
                    [id_gejala] => 8
                    [kode_gejala] => G08
                    [nama_gejala] => Anda kesulitan berpikir atau berkonsentrasi, atau sulit membuat keputusan hampir setiap hari dalam 2 minggu terakhir
                    [tingkat_kepercayaan] => Pasti
                    [cf_user] => 0.8
                    [cf_pakar] => 0.5
                    [nilai_cf] => 0.4
                    [id_penyakit] => 5
                )

        )

)

DEBUG - 2025-05-21 20:29:50 --> Isi array $new: Array
(
    [0] => Array
        (
            [id_penyakit] => 1
            [nilai_cf] => 0.913888
        )

    [1] => Array
        (
            [id_penyakit] => 3
            [nilai_cf] => 0.87699712
        )

    [2] => Array
        (
            [id_penyakit] => 5
            [nilai_cf] => 0.95548672
        )

)

DEBUG - 2025-05-21 20:29:50 --> Max CF Value: 0.95548672
DEBUG - 2025-05-21 20:29:50 --> ID Penyakit Terbesar: 5
DEBUG - 2025-05-21 20:29:50 --> Penyakit Data: Array
(
    [id_penyakit] => 5
    [kode_penyakit] => P05
    [nama_penyakit] => Severe Major Depressive Disorder (Parah)
    [deskripsi_penyakit] => Severe Major Depressive Disorder adalah tingkat depresi mayor yang
                memiliki gejala yang sangat parah dan mengganggu. Pada tingkat ini, gejala
                depresi sangat menghambat individu dalam menjalani kehidupan seharihari. Mereka mungkin mengalami kesulitan dalam menjalankan tugas-tugas
                rutin, berinteraksi dengan orang lain, atau bahkan memiliki pemikiran atau
                perilaku yang berpotensi merugikan diri sendiri.
    [solusi_penyakit] => Solusi penanganan untuk Severe Major Depressive Disorder yang parah meliputi kombinasi konseling terapi psikologis, pengobatan dengan obat antidepresan yang diresepkan oleh dokter, dan dukungan sosial yang kuat. Terapi kognitif perilaku dan terapi interpersonal dapat membantu individu mengatasi gejala depresi dan mengembangkan strategi penanganan yang efektif. Penting juga untuk melibatkan keluarga dan teman-teman dalam proses pemulihan serta memonitor dan mengurangi risiko perilaku yang merugikan diri sendiri melalui perawatan yang tepat dan pengawasan yang ketat.
)

INFO - 2025-05-21 20:29:56 --> Session: Class initialized using 'CodeIgniter\Session\Handlers\FileHandler' driver.
INFO - 2025-05-21 21:39:39 --> Session: Class initialized using 'CodeIgniter\Session\Handlers\FileHandler' driver.
