INFO - 2025-07-21 08:45:39 --> Session: Class initialized using 'CodeIgniter\Session\Handlers\FileHandler' driver.
INFO - 2025-07-21 08:45:50 --> Session: Class initialized using 'CodeIgniter\Session\Handlers\FileHandler' driver.
INFO - 2025-07-21 08:45:54 --> Session: Class initialized using 'CodeIgniter\Session\Handlers\FileHandler' driver.
INFO - 2025-07-21 08:45:54 --> Session: Class initialized using 'CodeIgniter\Session\Handlers\FileHandler' driver.
INFO - 2025-07-21 08:45:57 --> Session: Class initialized using 'CodeIgniter\Session\Handlers\FileHandler' driver.
INFO - 2025-07-21 08:46:30 --> Session: Class initialized using 'CodeIgniter\Session\Handlers\FileHandler' driver.
INFO - 2025-07-21 08:46:37 --> Session: Class initialized using 'CodeIgniter\Session\Handlers\FileHandler' driver.
INFO - 2025-07-21 08:46:42 --> Session: Class initialized using 'CodeIgniter\Session\Handlers\FileHandler' driver.
INFO - 2025-07-21 08:48:22 --> Session: Class initialized using 'CodeIgniter\Session\Handlers\FileHandler' driver.
INFO - 2025-07-21 08:48:25 --> Session: Class initialized using 'CodeIgniter\Session\Handlers\FileHandler' driver.
INFO - 2025-07-21 08:48:27 --> Session: Class initialized using 'CodeIgniter\Session\Handlers\FileHandler' driver.
INFO - 2025-07-21 08:48:31 --> Session: Class initialized using 'CodeIgniter\Session\Handlers\FileHandler' driver.
INFO - 2025-07-21 08:48:32 --> Session: Class initialized using 'CodeIgniter\Session\Handlers\FileHandler' driver.
INFO - 2025-07-21 08:50:23 --> Session: Class initialized using 'CodeIgniter\Session\Handlers\FileHandler' driver.
INFO - 2025-07-21 08:50:23 --> Session: Class initialized using 'CodeIgniter\Session\Handlers\FileHandler' driver.
INFO - 2025-07-21 08:50:36 --> Session: Class initialized using 'CodeIgniter\Session\Handlers\FileHandler' driver.
INFO - 2025-07-21 08:51:20 --> Session: Class initialized using 'CodeIgniter\Session\Handlers\FileHandler' driver.
DEBUG - 2025-07-21 08:51:20 --> Selected Gejala: Array
(
    [0] => 62
    [1] => 63
    [2] => 64
)

DEBUG - 2025-07-21 08:51:20 --> List CF: Array
(
    [62] => 3
    [63] => 4
    [64] => 2
)

DEBUG - 2025-07-21 08:51:21 --> Merged Data CF: Array
(
    [0] => Array
        (
            [id_gejala] => 62
            [tingkat_kepercayaan] => Mungkin
            [cf_user] => 0.4
        )

    [1] => Array
        (
            [id_gejala] => 63
            [tingkat_kepercayaan] => Kemungkinan Besar
            [cf_user] => 0.6
        )

    [2] => Array
        (
            [id_gejala] => 64
            [tingkat_kepercayaan] => Tidak Yakin
            [cf_user] => 0.2
        )

)

DEBUG - 2025-07-21 08:51:21 --> Checking relation for gejala 62: Array
(
    [0] => Array
        (
            [id_aturan] => 1
            [id_penyakit] => 1
            [id_gejala] => 62
            [mb] => 0.8
            [md] => 0
            [cf] => 0.8
            [deleted_at] => 
        )

    [1] => Array
        (
            [id_aturan] => 8
            [id_penyakit] => 3
            [id_gejala] => 62
            [mb] => 0.8
            [md] => 0
            [cf] => 0.8
            [deleted_at] => 
        )

    [2] => Array
        (
            [id_aturan] => 18
            [id_penyakit] => 5
            [id_gejala] => 62
            [mb] => 0.9
            [md] => 0
            [cf] => 0.9
            [deleted_at] => 
        )

)

DEBUG - 2025-07-21 08:51:21 --> Found penyakit for relation: Array
(
    [id_penyakit] => 1
    [kode_penyakit] => P01
    [nama_penyakit] => Mild Major Depressive Disorder (Ringan)
    [deskripsi_penyakit] => Mild Major Depressive Disorder adalah tingkat depresi mayor yang memiliki gejala yang lebih ringan dibandingkan dengan tingkat yang lebih parah. Pada tingkat ini, gejala depresi biasanya memengaruhi kehidupan sehari-hari, namun individu masih dapat menjalani aktivitas sehari-hari dengan tingkat fungsionalitas yang relatif normal.
    [solusi_penyakit] => Solusi penanganan untuk Mild Major Depressive Disorder melibatkan kombinasi terapi kognitif perilaku (CBT), terapi dukungan, dan perubahan gaya hidup sehat. Terapi kognitif perilaku membantu individu mengubah pola pikir negatif menjadi pola pikir yang lebih adaptif dan positif. Terapi dukungan, seperti terapi interpersonal atau kelompok dukungan, dapat memberikan wadah untuk berbagi pengalaman dan mendapatkan dukungan emosional dari orang-orang terdekat. Selain itu, menjaga pola tidur yang teratur, mengadopsi pola makan sehat, dan berpartisipasi dalam kegiatan fisik yang memadai juga penting untuk meningkatkan kesejahteraan mental dan mengurangi gejala depresi pada tingkat yang lebih ringan.
    [deleted_at] => 
)

DEBUG - 2025-07-21 08:51:21 --> Added to CF array: Array
(
    [id_gejala] => 62
    [kode_gejala] => G01
    [nama_gejala] => Anda mengalami suasana hati sedih hampir setiap hari dalam kurun waktu 2 minggu
    [tingkat_kepercayaan] => Mungkin
    [cf_user] => 0.4
    [cf_pakar] => 0.8
    [nilai_cf] => 0.32
    [id_penyakit] => 1
)

DEBUG - 2025-07-21 08:51:21 --> Found penyakit for relation: Array
(
    [id_penyakit] => 3
    [kode_penyakit] => P03
    [nama_penyakit] => Moderate Major Depressive Disorder (Sedang)
    [deskripsi_penyakit] => Moderate Major Depressive Disorder mengacu pada tingkat depresi mayor yang memiliki gejala sedang. Pada tingkat ini, gejala depresi dapat lebih mengganggu kehidupan sehari-hari individu dan mempengaruhi fungsionalitas mereka dalam berbagai bidang, seperti pekerjaan, hubungan, atau aktivitas sosial.
    [solusi_penyakit] => Solusi penanganan untuk Moderate Major Depressive Disorder melibatkan pendekatan terapi kombinasi yang mencakup terapi kognitif perilaku (CBT), terapi interpersonal, dan penggunaan obat antidepresan yang diresepkan oleh dokter. Terapi kognitif perilaku membantu individu mengidentifikasi dan mengubah pola pikir negatif yang mendasari depresi, sedangkan terapi interpersonal fokus pada perbaikan hubungan dan interaksi sosial. Penggunaan obat antidepresan dapat membantu mengurangi gejala depresi. Dalam kombinasi terapi antara dukungan sosial dan perubahan gaya hidup sehat, seperti menjaga rutinitas tidur yang teratur, pola makan sehat, dan olahraga, solusi penanganan tersebut bertujuan untuk memperbaiki kesejahteraan mental individu dan membantu mereka mengatasi gejala depresi yang sedang.
    [deleted_at] => 
)

DEBUG - 2025-07-21 08:51:21 --> Added to CF array: Array
(
    [id_gejala] => 62
    [kode_gejala] => G01
    [nama_gejala] => Anda mengalami suasana hati sedih hampir setiap hari dalam kurun waktu 2 minggu
    [tingkat_kepercayaan] => Mungkin
    [cf_user] => 0.4
    [cf_pakar] => 0.8
    [nilai_cf] => 0.32
    [id_penyakit] => 3
)

DEBUG - 2025-07-21 08:51:21 --> Found penyakit for relation: Array
(
    [id_penyakit] => 5
    [kode_penyakit] => P05
    [nama_penyakit] => Severe Major Depressive Disorder (Parah)
    [deskripsi_penyakit] => Severe Major Depressive Disorder adalah tingkat depresi mayor yang memiliki gejala yang sangat parah dan mengganggu. Pada tingkat ini, gejala depresi sangat menghambat individu dalam menjalani kehidupan sehari-hari. Mereka mungkin mengalami kesulitan dalam menjalankan tugas-tugas rutin, berinteraksi dengan orang lain, atau bahkan memiliki pemikiran atau perilaku yang berpotensi merugikan diri sendiri.
    [solusi_penyakit] => Solusi penanganan untuk Severe Major Depressive Disorder yang parah meliputi kombinasi konseling terapi psikologis disertai terapi Elektrokonvulsif (ECT) bagi depresi yang berat apabila tidak dapat merespons terapi lainnya, pengobatan dengan obat antidepresan yang diresepkan oleh dokter, dan dukungan sosial yang kuat. Terapi kognitif perilaku dan terapi interpersonal dapat membantu individu mengatasi gejala depresi dan mengembangkan strategi penanganan yang efektif. Penting juga untuk melibatkan keluarga dan teman-teman dalam proses pemulihan serta memonitor dan mengurangi risiko perilaku yang merugikan diri sendiri melalui perawatan yang tepat dan pengawasan yang ketat.
    [deleted_at] => 
)

DEBUG - 2025-07-21 08:51:21 --> Added to CF array: Array
(
    [id_gejala] => 62
    [kode_gejala] => G01
    [nama_gejala] => Anda mengalami suasana hati sedih hampir setiap hari dalam kurun waktu 2 minggu
    [tingkat_kepercayaan] => Mungkin
    [cf_user] => 0.4
    [cf_pakar] => 0.9
    [nilai_cf] => 0.36
    [id_penyakit] => 5
)

DEBUG - 2025-07-21 08:51:21 --> Checking relation for gejala 63: Array
(
    [0] => Array
        (
            [id_aturan] => 9
            [id_penyakit] => 3
            [id_gejala] => 63
            [mb] => 0.8
            [md] => 0
            [cf] => 0.8
            [deleted_at] => 
        )

    [1] => Array
        (
            [id_aturan] => 19
            [id_penyakit] => 5
            [id_gejala] => 63
            [mb] => 0.7
            [md] => 0
            [cf] => 0.7
            [deleted_at] => 
        )

)

DEBUG - 2025-07-21 08:51:21 --> Found penyakit for relation: Array
(
    [id_penyakit] => 3
    [kode_penyakit] => P03
    [nama_penyakit] => Moderate Major Depressive Disorder (Sedang)
    [deskripsi_penyakit] => Moderate Major Depressive Disorder mengacu pada tingkat depresi mayor yang memiliki gejala sedang. Pada tingkat ini, gejala depresi dapat lebih mengganggu kehidupan sehari-hari individu dan mempengaruhi fungsionalitas mereka dalam berbagai bidang, seperti pekerjaan, hubungan, atau aktivitas sosial.
    [solusi_penyakit] => Solusi penanganan untuk Moderate Major Depressive Disorder melibatkan pendekatan terapi kombinasi yang mencakup terapi kognitif perilaku (CBT), terapi interpersonal, dan penggunaan obat antidepresan yang diresepkan oleh dokter. Terapi kognitif perilaku membantu individu mengidentifikasi dan mengubah pola pikir negatif yang mendasari depresi, sedangkan terapi interpersonal fokus pada perbaikan hubungan dan interaksi sosial. Penggunaan obat antidepresan dapat membantu mengurangi gejala depresi. Dalam kombinasi terapi antara dukungan sosial dan perubahan gaya hidup sehat, seperti menjaga rutinitas tidur yang teratur, pola makan sehat, dan olahraga, solusi penanganan tersebut bertujuan untuk memperbaiki kesejahteraan mental individu dan membantu mereka mengatasi gejala depresi yang sedang.
    [deleted_at] => 
)

DEBUG - 2025-07-21 08:51:21 --> Added to CF array: Array
(
    [id_gejala] => 63
    [kode_gejala] => G02
    [nama_gejala] => Anda kehilangan minat atau kesenangan yang signifikan dalam semua hal atau hampir semua aktivitas sepanjang hari dalam kurun waktu 2 minggu terakhir
    [tingkat_kepercayaan] => Kemungkinan Besar
    [cf_user] => 0.6
    [cf_pakar] => 0.8
    [nilai_cf] => 0.48
    [id_penyakit] => 3
)

DEBUG - 2025-07-21 08:51:21 --> Found penyakit for relation: Array
(
    [id_penyakit] => 5
    [kode_penyakit] => P05
    [nama_penyakit] => Severe Major Depressive Disorder (Parah)
    [deskripsi_penyakit] => Severe Major Depressive Disorder adalah tingkat depresi mayor yang memiliki gejala yang sangat parah dan mengganggu. Pada tingkat ini, gejala depresi sangat menghambat individu dalam menjalani kehidupan sehari-hari. Mereka mungkin mengalami kesulitan dalam menjalankan tugas-tugas rutin, berinteraksi dengan orang lain, atau bahkan memiliki pemikiran atau perilaku yang berpotensi merugikan diri sendiri.
    [solusi_penyakit] => Solusi penanganan untuk Severe Major Depressive Disorder yang parah meliputi kombinasi konseling terapi psikologis disertai terapi Elektrokonvulsif (ECT) bagi depresi yang berat apabila tidak dapat merespons terapi lainnya, pengobatan dengan obat antidepresan yang diresepkan oleh dokter, dan dukungan sosial yang kuat. Terapi kognitif perilaku dan terapi interpersonal dapat membantu individu mengatasi gejala depresi dan mengembangkan strategi penanganan yang efektif. Penting juga untuk melibatkan keluarga dan teman-teman dalam proses pemulihan serta memonitor dan mengurangi risiko perilaku yang merugikan diri sendiri melalui perawatan yang tepat dan pengawasan yang ketat.
    [deleted_at] => 
)

DEBUG - 2025-07-21 08:51:21 --> Added to CF array: Array
(
    [id_gejala] => 63
    [kode_gejala] => G02
    [nama_gejala] => Anda kehilangan minat atau kesenangan yang signifikan dalam semua hal atau hampir semua aktivitas sepanjang hari dalam kurun waktu 2 minggu terakhir
    [tingkat_kepercayaan] => Kemungkinan Besar
    [cf_user] => 0.6
    [cf_pakar] => 0.7
    [nilai_cf] => 0.42
    [id_penyakit] => 5
)

DEBUG - 2025-07-21 08:51:21 --> Checking relation for gejala 64: Array
(
    [0] => Array
        (
            [id_aturan] => 20
            [id_penyakit] => 5
            [id_gejala] => 64
            [mb] => 0.8
            [md] => 0
            [cf] => 0.8
            [deleted_at] => 
        )

)

DEBUG - 2025-07-21 08:51:21 --> Found penyakit for relation: Array
(
    [id_penyakit] => 5
    [kode_penyakit] => P05
    [nama_penyakit] => Severe Major Depressive Disorder (Parah)
    [deskripsi_penyakit] => Severe Major Depressive Disorder adalah tingkat depresi mayor yang memiliki gejala yang sangat parah dan mengganggu. Pada tingkat ini, gejala depresi sangat menghambat individu dalam menjalani kehidupan sehari-hari. Mereka mungkin mengalami kesulitan dalam menjalankan tugas-tugas rutin, berinteraksi dengan orang lain, atau bahkan memiliki pemikiran atau perilaku yang berpotensi merugikan diri sendiri.
    [solusi_penyakit] => Solusi penanganan untuk Severe Major Depressive Disorder yang parah meliputi kombinasi konseling terapi psikologis disertai terapi Elektrokonvulsif (ECT) bagi depresi yang berat apabila tidak dapat merespons terapi lainnya, pengobatan dengan obat antidepresan yang diresepkan oleh dokter, dan dukungan sosial yang kuat. Terapi kognitif perilaku dan terapi interpersonal dapat membantu individu mengatasi gejala depresi dan mengembangkan strategi penanganan yang efektif. Penting juga untuk melibatkan keluarga dan teman-teman dalam proses pemulihan serta memonitor dan mengurangi risiko perilaku yang merugikan diri sendiri melalui perawatan yang tepat dan pengawasan yang ketat.
    [deleted_at] => 
)

DEBUG - 2025-07-21 08:51:21 --> Added to CF array: Array
(
    [id_gejala] => 64
    [kode_gejala] => G03
    [nama_gejala] => Anda mengalami kesulitan tidur atau tidur berlebihan selama 2 minggu terakhir
    [tingkat_kepercayaan] => Tidak Yakin
    [cf_user] => 0.2
    [cf_pakar] => 0.8
    [nilai_cf] => 0.16
    [id_penyakit] => 5
)

DEBUG - 2025-07-21 08:51:21 --> Final CF Array: Array
(
    [0] => Array
        (
            [id_gejala] => 62
            [kode_gejala] => G01
            [nama_gejala] => Anda mengalami suasana hati sedih hampir setiap hari dalam kurun waktu 2 minggu
            [tingkat_kepercayaan] => Mungkin
            [cf_user] => 0.4
            [cf_pakar] => 0.8
            [nilai_cf] => 0.32
            [id_penyakit] => 1
        )

    [1] => Array
        (
            [id_gejala] => 62
            [kode_gejala] => G01
            [nama_gejala] => Anda mengalami suasana hati sedih hampir setiap hari dalam kurun waktu 2 minggu
            [tingkat_kepercayaan] => Mungkin
            [cf_user] => 0.4
            [cf_pakar] => 0.8
            [nilai_cf] => 0.32
            [id_penyakit] => 3
        )

    [2] => Array
        (
            [id_gejala] => 62
            [kode_gejala] => G01
            [nama_gejala] => Anda mengalami suasana hati sedih hampir setiap hari dalam kurun waktu 2 minggu
            [tingkat_kepercayaan] => Mungkin
            [cf_user] => 0.4
            [cf_pakar] => 0.9
            [nilai_cf] => 0.36
            [id_penyakit] => 5
        )

    [3] => Array
        (
            [id_gejala] => 63
            [kode_gejala] => G02
            [nama_gejala] => Anda kehilangan minat atau kesenangan yang signifikan dalam semua hal atau hampir semua aktivitas sepanjang hari dalam kurun waktu 2 minggu terakhir
            [tingkat_kepercayaan] => Kemungkinan Besar
            [cf_user] => 0.6
            [cf_pakar] => 0.8
            [nilai_cf] => 0.48
            [id_penyakit] => 3
        )

    [4] => Array
        (
            [id_gejala] => 63
            [kode_gejala] => G02
            [nama_gejala] => Anda kehilangan minat atau kesenangan yang signifikan dalam semua hal atau hampir semua aktivitas sepanjang hari dalam kurun waktu 2 minggu terakhir
            [tingkat_kepercayaan] => Kemungkinan Besar
            [cf_user] => 0.6
            [cf_pakar] => 0.7
            [nilai_cf] => 0.42
            [id_penyakit] => 5
        )

    [5] => Array
        (
            [id_gejala] => 64
            [kode_gejala] => G03
            [nama_gejala] => Anda mengalami kesulitan tidur atau tidur berlebihan selama 2 minggu terakhir
            [tingkat_kepercayaan] => Tidak Yakin
            [cf_user] => 0.2
            [cf_pakar] => 0.8
            [nilai_cf] => 0.16
            [id_penyakit] => 5
        )

)

DEBUG - 2025-07-21 08:51:21 --> Grouped By Penyakit: Array
(
    [1] => Array
        (
            [0] => Array
                (
                    [id_gejala] => 62
                    [kode_gejala] => G01
                    [nama_gejala] => Anda mengalami suasana hati sedih hampir setiap hari dalam kurun waktu 2 minggu
                    [tingkat_kepercayaan] => Mungkin
                    [cf_user] => 0.4
                    [cf_pakar] => 0.8
                    [nilai_cf] => 0.32
                    [id_penyakit] => 1
                )

        )

    [3] => Array
        (
            [0] => Array
                (
                    [id_gejala] => 62
                    [kode_gejala] => G01
                    [nama_gejala] => Anda mengalami suasana hati sedih hampir setiap hari dalam kurun waktu 2 minggu
                    [tingkat_kepercayaan] => Mungkin
                    [cf_user] => 0.4
                    [cf_pakar] => 0.8
                    [nilai_cf] => 0.32
                    [id_penyakit] => 3
                )

            [1] => Array
                (
                    [id_gejala] => 63
                    [kode_gejala] => G02
                    [nama_gejala] => Anda kehilangan minat atau kesenangan yang signifikan dalam semua hal atau hampir semua aktivitas sepanjang hari dalam kurun waktu 2 minggu terakhir
                    [tingkat_kepercayaan] => Kemungkinan Besar
                    [cf_user] => 0.6
                    [cf_pakar] => 0.8
                    [nilai_cf] => 0.48
                    [id_penyakit] => 3
                )

        )

    [5] => Array
        (
            [0] => Array
                (
                    [id_gejala] => 62
                    [kode_gejala] => G01
                    [nama_gejala] => Anda mengalami suasana hati sedih hampir setiap hari dalam kurun waktu 2 minggu
                    [tingkat_kepercayaan] => Mungkin
                    [cf_user] => 0.4
                    [cf_pakar] => 0.9
                    [nilai_cf] => 0.36
                    [id_penyakit] => 5
                )

            [1] => Array
                (
                    [id_gejala] => 63
                    [kode_gejala] => G02
                    [nama_gejala] => Anda kehilangan minat atau kesenangan yang signifikan dalam semua hal atau hampir semua aktivitas sepanjang hari dalam kurun waktu 2 minggu terakhir
                    [tingkat_kepercayaan] => Kemungkinan Besar
                    [cf_user] => 0.6
                    [cf_pakar] => 0.7
                    [nilai_cf] => 0.42
                    [id_penyakit] => 5
                )

            [2] => Array
                (
                    [id_gejala] => 64
                    [kode_gejala] => G03
                    [nama_gejala] => Anda mengalami kesulitan tidur atau tidur berlebihan selama 2 minggu terakhir
                    [tingkat_kepercayaan] => Tidak Yakin
                    [cf_user] => 0.2
                    [cf_pakar] => 0.8
                    [nilai_cf] => 0.16
                    [id_penyakit] => 5
                )

        )

)

DEBUG - 2025-07-21 08:51:21 --> Isi array $new: Array
(
    [0] => Array
        (
            [id_penyakit] => 1
            [nilai_cf] => 0.32
        )

    [1] => Array
        (
            [id_penyakit] => 3
            [nilai_cf] => 0.6464
        )

    [2] => Array
        (
            [id_penyakit] => 5
            [nilai_cf] => 0.688192
        )

)

DEBUG - 2025-07-21 08:51:21 --> Max CF Value: 0.688192
DEBUG - 2025-07-21 08:51:21 --> ID Penyakit Terbesar: 5
DEBUG - 2025-07-21 08:51:21 --> Penyakit Data: Array
(
    [id_penyakit] => 5
    [kode_penyakit] => P05
    [nama_penyakit] => Severe Major Depressive Disorder (Parah)
    [deskripsi_penyakit] => Severe Major Depressive Disorder adalah tingkat depresi mayor yang memiliki gejala yang sangat parah dan mengganggu. Pada tingkat ini, gejala depresi sangat menghambat individu dalam menjalani kehidupan sehari-hari. Mereka mungkin mengalami kesulitan dalam menjalankan tugas-tugas rutin, berinteraksi dengan orang lain, atau bahkan memiliki pemikiran atau perilaku yang berpotensi merugikan diri sendiri.
    [solusi_penyakit] => Solusi penanganan untuk Severe Major Depressive Disorder yang parah meliputi kombinasi konseling terapi psikologis disertai terapi Elektrokonvulsif (ECT) bagi depresi yang berat apabila tidak dapat merespons terapi lainnya, pengobatan dengan obat antidepresan yang diresepkan oleh dokter, dan dukungan sosial yang kuat. Terapi kognitif perilaku dan terapi interpersonal dapat membantu individu mengatasi gejala depresi dan mengembangkan strategi penanganan yang efektif. Penting juga untuk melibatkan keluarga dan teman-teman dalam proses pemulihan serta memonitor dan mengurangi risiko perilaku yang merugikan diri sendiri melalui perawatan yang tepat dan pengawasan yang ketat.
    [deleted_at] => 
)

INFO - 2025-07-21 08:52:26 --> Session: Class initialized using 'CodeIgniter\Session\Handlers\FileHandler' driver.
