ERROR - 2025-07-22 10:57:12 --> Error connecting to the database: mysqli_sql_exception: No connection could be made because the target machine actively refused it in C:\xampp-pa\htdocs\MentalCare\vendor\codeigniter4\framework\system\Database\MySQLi\Connection.php:173
Stack trace:
#0 C:\xampp-pa\htdocs\MentalCare\vendor\codeigniter4\framework\system\Database\MySQLi\Connection.php(173): mysqli->real_connect('localhost', 'root', Object(SensitiveParameterValue), 'mentalcare', 3306, '', 0)
#1 C:\xampp-pa\htdocs\MentalCare\vendor\codeigniter4\framework\system\Database\BaseConnection.php(391): CodeIgniter\Database\MySQLi\Connection->connect(false)
#2 C:\xampp-pa\htdocs\MentalCare\vendor\codeigniter4\framework\system\Database\BaseConnection.php(574): CodeIgniter\Database\BaseConnection->initialize()
#3 C:\xampp-pa\htdocs\MentalCare\vendor\codeigniter4\framework\system\Database\BaseBuilder.php(1700): CodeIgniter\Database\BaseConnection->query('SELECT COUNT(*)...', Array, false)
#4 C:\xampp-pa\htdocs\MentalCare\app\Commands\PurgeSoftDeletes.php(58): CodeIgniter\Database\BaseBuilder->countAllResults(false)
#5 C:\xampp-pa\htdocs\MentalCare\vendor\codeigniter4\framework\system\CLI\Commands.php(65): App\Commands\PurgeSoftDeletes->run(Array)
#6 C:\xampp-pa\htdocs\MentalCare\vendor\codeigniter4\framework\system\CLI\Console.php(37): CodeIgniter\CLI\Commands->run('maintenance:pur...', Array)
#7 C:\xampp-pa\htdocs\MentalCare\spark(97): CodeIgniter\CLI\Console->run()
#8 {main}

Next CodeIgniter\Database\Exceptions\DatabaseException: No connection could be made because the target machine actively refused it in C:\xampp-pa\htdocs\MentalCare\vendor\codeigniter4\framework\system\Database\MySQLi\Connection.php:218
Stack trace:
#0 C:\xampp-pa\htdocs\MentalCare\vendor\codeigniter4\framework\system\Database\BaseConnection.php(391): CodeIgniter\Database\MySQLi\Connection->connect(false)
#1 C:\xampp-pa\htdocs\MentalCare\vendor\codeigniter4\framework\system\Database\BaseConnection.php(574): CodeIgniter\Database\BaseConnection->initialize()
#2 C:\xampp-pa\htdocs\MentalCare\vendor\codeigniter4\framework\system\Database\BaseBuilder.php(1700): CodeIgniter\Database\BaseConnection->query('SELECT COUNT(*)...', Array, false)
#3 C:\xampp-pa\htdocs\MentalCare\app\Commands\PurgeSoftDeletes.php(58): CodeIgniter\Database\BaseBuilder->countAllResults(false)
#4 C:\xampp-pa\htdocs\MentalCare\vendor\codeigniter4\framework\system\CLI\Commands.php(65): App\Commands\PurgeSoftDeletes->run(Array)
#5 C:\xampp-pa\htdocs\MentalCare\vendor\codeigniter4\framework\system\CLI\Console.php(37): CodeIgniter\CLI\Commands->run('maintenance:pur...', Array)
#6 C:\xampp-pa\htdocs\MentalCare\spark(97): CodeIgniter\CLI\Console->run()
#7 {main}
CRITICAL - 2025-07-22 10:57:12 --> Unable to connect to the database.
Main connection [MySQLi]: No connection could be made because the target machine actively refused it
in SYSTEMPATH\Database\BaseConnection.php on line 427.
 1 SYSTEMPATH\Database\BaseConnection.php(574): CodeIgniter\Database\BaseConnection->initialize()
 2 SYSTEMPATH\Database\BaseBuilder.php(1700): CodeIgniter\Database\BaseConnection->query('SELECT COUNT(*) AS `numrows`
FROM `tbl_user`
WHERE `deleted_at` IS NOT NULL
AND `deleted_at` < :deleted_at:', [...], false)
 3 APPPATH\Commands\PurgeSoftDeletes.php(58): CodeIgniter\Database\BaseBuilder->countAllResults(false)
 4 SYSTEMPATH\CLI\Commands.php(65): App\Commands\PurgeSoftDeletes->run([])
 5 SYSTEMPATH\CLI\Console.php(37): CodeIgniter\CLI\Commands->run('maintenance:purge-deleted', [])
 6 ROOTPATH\spark(97): CodeIgniter\CLI\Console->run()
