INFO - 2025-08-05 04:42:38 --> Session: Class initialized using 'CodeIgniter\Session\Handlers\FileHandler' driver.
INFO - 2025-08-05 04:42:43 --> Session: Class initialized using 'CodeIgniter\Session\Handlers\FileHandler' driver.
INFO - 2025-08-05 04:42:45 --> Session: Class initialized using 'CodeIgniter\Session\Handlers\FileHandler' driver.
INFO - 2025-08-05 04:43:12 --> Session: Class initialized using 'CodeIgniter\Session\Handlers\FileHandler' driver.
INFO - 2025-08-05 04:43:12 --> Session: Class initialized using 'CodeIgniter\Session\Handlers\FileHandler' driver.
INFO - 2025-08-05 04:43:20 --> Session: Class initialized using 'CodeIgniter\Session\Handlers\FileHandler' driver.
INFO - 2025-08-05 04:44:05 --> Session: Class initialized using 'CodeIgniter\Session\Handlers\FileHandler' driver.
INFO - 2025-08-05 04:44:05 --> Session: Class initialized using 'CodeIgniter\Session\Handlers\FileHandler' driver.
INFO - 2025-08-05 04:44:40 --> Session: Class initialized using 'CodeIgniter\Session\Handlers\FileHandler' driver.
INFO - 2025-08-05 04:44:45 --> OTP berhasil dikirim ke: 5asetfm@gmail.com
INFO - 2025-08-05 04:44:45 --> Session: Class initialized using 'CodeIgniter\Session\Handlers\FileHandler' driver.
INFO - 2025-08-05 04:53:06 --> Session: Class initialized using 'CodeIgniter\Session\Handlers\FileHandler' driver.
INFO - 2025-08-05 04:53:11 --> Session: Class initialized using 'CodeIgniter\Session\Handlers\FileHandler' driver.
INFO - 2025-08-05 04:53:11 --> Session: Class initialized using 'CodeIgniter\Session\Handlers\FileHandler' driver.
WARNING - 2025-08-05 04:53:20 --> [DEPRECATED] Calling get_class() without arguments is deprecated in VENDORPATH\google\apiclient\src\Http\REST.php on line 58.
 1 VENDORPATH\google\apiclient\src\Http\REST.php(58): get_class()
 2 VENDORPATH\google\apiclient\src\Client.php(917): Google\Http\REST::execute(Object(GuzzleHttp\Client), Object(GuzzleHttp\Psr7\Request), 'Google\\Service\\Oauth2\\Userinfo', [], null)
 3 VENDORPATH\google\apiclient\src\Service\Resource.php(238): Google\Client->execute(Object(GuzzleHttp\Psr7\Request), 'Google\\Service\\Oauth2\\Userinfo')
 4 VENDORPATH\google\apiclient-services\src\Oauth2\Resource\Userinfo.php(42): Google\Service\Resource->call('get', [...], 'Google\\Service\\Oauth2\\Userinfo')
 5 APPPATH\Controllers\Auth.php(189): Google\Service\Oauth2\Resource\Userinfo->get()
 6 SYSTEMPATH\CodeIgniter.php(932): App\Controllers\Auth->googleCallback()
 7 SYSTEMPATH\CodeIgniter.php(497): CodeIgniter\CodeIgniter->runController(Object(App\Controllers\Auth))
 8 SYSTEMPATH\CodeIgniter.php(366): CodeIgniter\CodeIgniter->handleRequest(null, Object(Config\Cache), false)
 9 FCPATH\index.php(67): CodeIgniter\CodeIgniter->run()
10 SYSTEMPATH\Commands\Server\rewrite.php(47): require_once('C:\\laragon\\www\\MentalCare\\public\\index.php')
INFO - 2025-08-05 04:53:20 --> Session: Class initialized using 'CodeIgniter\Session\Handlers\FileHandler' driver.
INFO - 2025-08-05 04:53:20 --> Session: Class initialized using 'CodeIgniter\Session\Handlers\FileHandler' driver.
INFO - 2025-08-05 05:08:19 --> Session: Class initialized using 'CodeIgniter\Session\Handlers\FileHandler' driver.
DEBUG - 2025-08-05 05:08:19 --> Selected Gejala: Array
(
    [0] => 15
    [1] => 16
    [2] => 17
)

DEBUG - 2025-08-05 05:08:19 --> List CF: Array
(
    [15] => 3
    [16] => 2
    [17] => 3
)

DEBUG - 2025-08-05 05:08:19 --> Merged Data CF: Array
(
    [0] => Array
        (
            [id_gejala] => 15
            [tingkat_kepercayaan] => Mungkin
            [cf_user] => 0.4
        )

    [1] => Array
        (
            [id_gejala] => 16
            [tingkat_kepercayaan] => Tidak Yakin
            [cf_user] => 0.2
        )

    [2] => Array
        (
            [id_gejala] => 17
            [tingkat_kepercayaan] => Mungkin
            [cf_user] => 0.4
        )

)

DEBUG - 2025-08-05 05:08:19 --> Checking relation for gejala 15: Array
(
    [0] => Array
        (
            [id_aturan] => 32
            [id_penyakit] => 6
            [id_gejala] => 15
            [mb] => 0.7
            [md] => 0
            [cf] => 0.7
            [deleted_at] => 
        )

)

DEBUG - 2025-08-05 05:08:19 --> Found penyakit for relation: Array
(
    [id_penyakit] => 6
    [kode_penyakit] => P06
    [nama_penyakit] => Severe Persistent Depressive Disorder (Dysthymia Parah)
    [deskripsi_penyakit] => Severe Persistent Depressive Disorder (Dysthymia) adalah tingkat
                Dysthymia yang memiliki gejala yang sangat parah dan menghambat. Pada
                tingkat ini, gejala depresi yang berat dan terus-menerus mengganggu
                fungsionalitas individu secara signifikan dalam berbagai aspek kehidupan,
                termasuk pekerjaan, hubungan, dan kesejahteraan umum.
    [solusi_penyakit] => Severe Persistent Depressive Disorder (Dysthymia) yang parah membutuhkan penanganan yang tepat, seperti konseling psikoterapi, terapi obat, atau terapi gabungan. Dukungan sosial dan pengelolaan stres yang sehat juga penting. Perubahan gaya hidup sehat, seperti tidur yang cukup, pola makan sehat, dan kegiatan fisik yang memadai, juga dapat membantu. Konsultasikan dengan profesional medis atau psikolog untuk mendapatkan penanganan yang sesuai dengan kebutuhan individu.
    [deleted_at] => 
)

DEBUG - 2025-08-05 05:08:19 --> Added to CF array: Array
(
    [id_gejala] => 15
    [kode_gejala] => G15
    [nama_gejala] => Dalam 2 tahun terakhir Anda sering merasakan perasaan rendah diri
    [tingkat_kepercayaan] => Mungkin
    [cf_user] => 0.4
    [cf_pakar] => 0.7
    [nilai_cf] => 0.28
    [id_penyakit] => 6
)

DEBUG - 2025-08-05 05:08:19 --> Checking relation for gejala 16: Array
(
    [0] => Array
        (
            [id_aturan] => 7
            [id_penyakit] => 2
            [id_gejala] => 16
            [mb] => 0.8
            [md] => 0
            [cf] => 0.8
            [deleted_at] => 
        )

    [1] => Array
        (
            [id_aturan] => 17
            [id_penyakit] => 4
            [id_gejala] => 16
            [mb] => 0.6
            [md] => 0
            [cf] => 0.6
            [deleted_at] => 
        )

    [2] => Array
        (
            [id_aturan] => 33
            [id_penyakit] => 6
            [id_gejala] => 16
            [mb] => 0.6
            [md] => 0
            [cf] => 0.6
            [deleted_at] => 
        )

)

DEBUG - 2025-08-05 05:08:19 --> Found penyakit for relation: Array
(
    [id_penyakit] => 2
    [kode_penyakit] => P02
    [nama_penyakit] => Mild Persistent Depressive Disorder (Dysthymia Ringan)
    [deskripsi_penyakit] => Mild Persistent Depressive Disorder (Dysthymia) mengacu pada tingkat
                yang lebih ringan dari Dysthymia. Pada tingkat ini, gejala depresi ada dan
                terjadi secara terus-menerus selama setidaknya dua tahun, tetapi gejalanya
                cenderung lebih ringan dan dapat dikelola dengan lebih baik dibandingkan
                dengan tingkat yang lebih parah.
    [solusi_penyakit] => Solusi penanganan untuk Mild Persistent Depressive Disorder (Dysthymia) meliputi terapi kognitif perilaku (CBT), dukungan sosial, dan perubahan gaya hidup sehat. Terapi kognitif perilaku membantu individu mengidentifikasi pola pikir negatif dan mengembangkan strategi untuk mengubahnya menjadi pola pikir yang lebih positif. Dukungan sosial dari keluarga, teman, atau kelompok dukungan dapat memberikan dukungan emosional dan praktis dalam menghadapi gejala dysthymia. Perubahan gaya hidup sehat, seperti menjaga pola tidur yang teratur, menerapkan kegiatan fisik yang memadai, dan mengelola stres, juga penting untuk mengelola gejala dysthymia pada tingkat yang lebih ringan.
    [deleted_at] => 
)

DEBUG - 2025-08-05 05:08:19 --> Added to CF array: Array
(
    [id_gejala] => 16
    [kode_gejala] => G16
    [nama_gejala] => Dalam 2 tahun terakhir anda mengalami kurang konsentrasi atau kesulitan mengambil keputusan
    [tingkat_kepercayaan] => Tidak Yakin
    [cf_user] => 0.2
    [cf_pakar] => 0.8
    [nilai_cf] => 0.16
    [id_penyakit] => 2
)

DEBUG - 2025-08-05 05:08:19 --> Found penyakit for relation: Array
(
    [id_penyakit] => 4
    [kode_penyakit] => P04
    [nama_penyakit] => Moderate Persistent Depressive Disorder (Dysthymia Sedang)
    [deskripsi_penyakit] => Moderate Persistent Depressive Disorder (Dysthymia) menggambarkan
                tingkat Dysthymia yang memiliki gejala sedang. Pada tingkat ini, gejala
                depresi dapat lebih mengganggu dan mempengaruhi kehidupan sehari-hari
                individu dengan lebih signifikan.
    [solusi_penyakit] => Solusi penanganan untuk Moderate Persistent Depressive Disorder (Dysthymia) meliputi terapi kognitif perilaku (CBT), konseling psikoterapi, dan dukungan sosial yang positif. Terapi kognitif perilaku dapat membantu individu mengidentifikasi pola pikir negatif dan menggantinya dengan pola pikir yang lebih positif. Konseling psikoterapi dapat memberikan wadah untuk mengeksplorasi penyebab dan emosi yang mendasari dysthymia serta mengembangkan strategi penanganan yang efektif. Dukungan sosial dari keluarga, teman, atau kelompok dukungan juga penting dalam membantu individu mengatasi gejala dan meningkatkan kesejahteraan mental.
    [deleted_at] => 
)

DEBUG - 2025-08-05 05:08:19 --> Added to CF array: Array
(
    [id_gejala] => 16
    [kode_gejala] => G16
    [nama_gejala] => Dalam 2 tahun terakhir anda mengalami kurang konsentrasi atau kesulitan mengambil keputusan
    [tingkat_kepercayaan] => Tidak Yakin
    [cf_user] => 0.2
    [cf_pakar] => 0.6
    [nilai_cf] => 0.12
    [id_penyakit] => 4
)

DEBUG - 2025-08-05 05:08:19 --> Found penyakit for relation: Array
(
    [id_penyakit] => 6
    [kode_penyakit] => P06
    [nama_penyakit] => Severe Persistent Depressive Disorder (Dysthymia Parah)
    [deskripsi_penyakit] => Severe Persistent Depressive Disorder (Dysthymia) adalah tingkat
                Dysthymia yang memiliki gejala yang sangat parah dan menghambat. Pada
                tingkat ini, gejala depresi yang berat dan terus-menerus mengganggu
                fungsionalitas individu secara signifikan dalam berbagai aspek kehidupan,
                termasuk pekerjaan, hubungan, dan kesejahteraan umum.
    [solusi_penyakit] => Severe Persistent Depressive Disorder (Dysthymia) yang parah membutuhkan penanganan yang tepat, seperti konseling psikoterapi, terapi obat, atau terapi gabungan. Dukungan sosial dan pengelolaan stres yang sehat juga penting. Perubahan gaya hidup sehat, seperti tidur yang cukup, pola makan sehat, dan kegiatan fisik yang memadai, juga dapat membantu. Konsultasikan dengan profesional medis atau psikolog untuk mendapatkan penanganan yang sesuai dengan kebutuhan individu.
    [deleted_at] => 
)

DEBUG - 2025-08-05 05:08:19 --> Added to CF array: Array
(
    [id_gejala] => 16
    [kode_gejala] => G16
    [nama_gejala] => Dalam 2 tahun terakhir anda mengalami kurang konsentrasi atau kesulitan mengambil keputusan
    [tingkat_kepercayaan] => Tidak Yakin
    [cf_user] => 0.2
    [cf_pakar] => 0.6
    [nilai_cf] => 0.12
    [id_penyakit] => 6
)

DEBUG - 2025-08-05 05:08:19 --> Checking relation for gejala 17: Array
(
    [0] => Array
        (
            [id_aturan] => 34
            [id_penyakit] => 6
            [id_gejala] => 17
            [mb] => 0.9
            [md] => 0
            [cf] => 0.9
            [deleted_at] => 
        )

)

DEBUG - 2025-08-05 05:08:19 --> Found penyakit for relation: Array
(
    [id_penyakit] => 6
    [kode_penyakit] => P06
    [nama_penyakit] => Severe Persistent Depressive Disorder (Dysthymia Parah)
    [deskripsi_penyakit] => Severe Persistent Depressive Disorder (Dysthymia) adalah tingkat
                Dysthymia yang memiliki gejala yang sangat parah dan menghambat. Pada
                tingkat ini, gejala depresi yang berat dan terus-menerus mengganggu
                fungsionalitas individu secara signifikan dalam berbagai aspek kehidupan,
                termasuk pekerjaan, hubungan, dan kesejahteraan umum.
    [solusi_penyakit] => Severe Persistent Depressive Disorder (Dysthymia) yang parah membutuhkan penanganan yang tepat, seperti konseling psikoterapi, terapi obat, atau terapi gabungan. Dukungan sosial dan pengelolaan stres yang sehat juga penting. Perubahan gaya hidup sehat, seperti tidur yang cukup, pola makan sehat, dan kegiatan fisik yang memadai, juga dapat membantu. Konsultasikan dengan profesional medis atau psikolog untuk mendapatkan penanganan yang sesuai dengan kebutuhan individu.
    [deleted_at] => 
)

DEBUG - 2025-08-05 05:08:19 --> Added to CF array: Array
(
    [id_gejala] => 17
    [kode_gejala] => G17
    [nama_gejala] => Dalam 2 tahun terakhir anda mengalami putus ada terhadap hal yang sedang anda kejar
    [tingkat_kepercayaan] => Mungkin
    [cf_user] => 0.4
    [cf_pakar] => 0.9
    [nilai_cf] => 0.36
    [id_penyakit] => 6
)

DEBUG - 2025-08-05 05:08:19 --> Final CF Array: Array
(
    [0] => Array
        (
            [id_gejala] => 15
            [kode_gejala] => G15
            [nama_gejala] => Dalam 2 tahun terakhir Anda sering merasakan perasaan rendah diri
            [tingkat_kepercayaan] => Mungkin
            [cf_user] => 0.4
            [cf_pakar] => 0.7
            [nilai_cf] => 0.28
            [id_penyakit] => 6
        )

    [1] => Array
        (
            [id_gejala] => 16
            [kode_gejala] => G16
            [nama_gejala] => Dalam 2 tahun terakhir anda mengalami kurang konsentrasi atau kesulitan mengambil keputusan
            [tingkat_kepercayaan] => Tidak Yakin
            [cf_user] => 0.2
            [cf_pakar] => 0.8
            [nilai_cf] => 0.16
            [id_penyakit] => 2
        )

    [2] => Array
        (
            [id_gejala] => 16
            [kode_gejala] => G16
            [nama_gejala] => Dalam 2 tahun terakhir anda mengalami kurang konsentrasi atau kesulitan mengambil keputusan
            [tingkat_kepercayaan] => Tidak Yakin
            [cf_user] => 0.2
            [cf_pakar] => 0.6
            [nilai_cf] => 0.12
            [id_penyakit] => 4
        )

    [3] => Array
        (
            [id_gejala] => 16
            [kode_gejala] => G16
            [nama_gejala] => Dalam 2 tahun terakhir anda mengalami kurang konsentrasi atau kesulitan mengambil keputusan
            [tingkat_kepercayaan] => Tidak Yakin
            [cf_user] => 0.2
            [cf_pakar] => 0.6
            [nilai_cf] => 0.12
            [id_penyakit] => 6
        )

    [4] => Array
        (
            [id_gejala] => 17
            [kode_gejala] => G17
            [nama_gejala] => Dalam 2 tahun terakhir anda mengalami putus ada terhadap hal yang sedang anda kejar
            [tingkat_kepercayaan] => Mungkin
            [cf_user] => 0.4
            [cf_pakar] => 0.9
            [nilai_cf] => 0.36
            [id_penyakit] => 6
        )

)

DEBUG - 2025-08-05 05:08:19 --> Grouped By Penyakit: Array
(
    [6] => Array
        (
            [0] => Array
                (
                    [id_gejala] => 15
                    [kode_gejala] => G15
                    [nama_gejala] => Dalam 2 tahun terakhir Anda sering merasakan perasaan rendah diri
                    [tingkat_kepercayaan] => Mungkin
                    [cf_user] => 0.4
                    [cf_pakar] => 0.7
                    [nilai_cf] => 0.28
                    [id_penyakit] => 6
                )

            [1] => Array
                (
                    [id_gejala] => 16
                    [kode_gejala] => G16
                    [nama_gejala] => Dalam 2 tahun terakhir anda mengalami kurang konsentrasi atau kesulitan mengambil keputusan
                    [tingkat_kepercayaan] => Tidak Yakin
                    [cf_user] => 0.2
                    [cf_pakar] => 0.6
                    [nilai_cf] => 0.12
                    [id_penyakit] => 6
                )

            [2] => Array
                (
                    [id_gejala] => 17
                    [kode_gejala] => G17
                    [nama_gejala] => Dalam 2 tahun terakhir anda mengalami putus ada terhadap hal yang sedang anda kejar
                    [tingkat_kepercayaan] => Mungkin
                    [cf_user] => 0.4
                    [cf_pakar] => 0.9
                    [nilai_cf] => 0.36
                    [id_penyakit] => 6
                )

        )

    [2] => Array
        (
            [0] => Array
                (
                    [id_gejala] => 16
                    [kode_gejala] => G16
                    [nama_gejala] => Dalam 2 tahun terakhir anda mengalami kurang konsentrasi atau kesulitan mengambil keputusan
                    [tingkat_kepercayaan] => Tidak Yakin
                    [cf_user] => 0.2
                    [cf_pakar] => 0.8
                    [nilai_cf] => 0.16
                    [id_penyakit] => 2
                )

        )

    [4] => Array
        (
            [0] => Array
                (
                    [id_gejala] => 16
                    [kode_gejala] => G16
                    [nama_gejala] => Dalam 2 tahun terakhir anda mengalami kurang konsentrasi atau kesulitan mengambil keputusan
                    [tingkat_kepercayaan] => Tidak Yakin
                    [cf_user] => 0.2
                    [cf_pakar] => 0.6
                    [nilai_cf] => 0.12
                    [id_penyakit] => 4
                )

        )

)

DEBUG - 2025-08-05 05:08:19 --> Isi array $new: Array
(
    [0] => Array
        (
            [id_penyakit] => 6
            [nilai_cf] => 0.594496
        )

    [1] => Array
        (
            [id_penyakit] => 2
            [nilai_cf] => 0.16
        )

    [2] => Array
        (
            [id_penyakit] => 4
            [nilai_cf] => 0.12
        )

)

DEBUG - 2025-08-05 05:08:19 --> Max CF Value: 0.594496
DEBUG - 2025-08-05 05:08:19 --> ID Penyakit Terbesar: 6
DEBUG - 2025-08-05 05:08:19 --> Penyakit Data: Array
(
    [id_penyakit] => 6
    [kode_penyakit] => P06
    [nama_penyakit] => Severe Persistent Depressive Disorder (Dysthymia Parah)
    [deskripsi_penyakit] => Severe Persistent Depressive Disorder (Dysthymia) adalah tingkat
                Dysthymia yang memiliki gejala yang sangat parah dan menghambat. Pada
                tingkat ini, gejala depresi yang berat dan terus-menerus mengganggu
                fungsionalitas individu secara signifikan dalam berbagai aspek kehidupan,
                termasuk pekerjaan, hubungan, dan kesejahteraan umum.
    [solusi_penyakit] => Severe Persistent Depressive Disorder (Dysthymia) yang parah membutuhkan penanganan yang tepat, seperti konseling psikoterapi, terapi obat, atau terapi gabungan. Dukungan sosial dan pengelolaan stres yang sehat juga penting. Perubahan gaya hidup sehat, seperti tidur yang cukup, pola makan sehat, dan kegiatan fisik yang memadai, juga dapat membantu. Konsultasikan dengan profesional medis atau psikolog untuk mendapatkan penanganan yang sesuai dengan kebutuhan individu.
    [deleted_at] => 
)

INFO - 2025-08-05 05:27:23 --> Session: Class initialized using 'CodeIgniter\Session\Handlers\FileHandler' driver.
INFO - 2025-08-05 05:27:56 --> Session: Class initialized using 'CodeIgniter\Session\Handlers\FileHandler' driver.
INFO - 2025-08-05 05:27:56 --> Session: Class initialized using 'CodeIgniter\Session\Handlers\FileHandler' driver.
INFO - 2025-08-05 05:28:12 --> Session: Class initialized using 'CodeIgniter\Session\Handlers\FileHandler' driver.
INFO - 2025-08-05 05:36:08 --> Session: Class initialized using 'CodeIgniter\Session\Handlers\FileHandler' driver.
INFO - 2025-08-05 05:36:08 --> Session: Class initialized using 'CodeIgniter\Session\Handlers\FileHandler' driver.
INFO - 2025-08-05 05:41:20 --> Session: Class initialized using 'CodeIgniter\Session\Handlers\FileHandler' driver.
INFO - 2025-08-05 05:44:41 --> Session: Class initialized using 'CodeIgniter\Session\Handlers\FileHandler' driver.
INFO - 2025-08-05 05:47:23 --> Session: Class initialized using 'CodeIgniter\Session\Handlers\FileHandler' driver.
INFO - 2025-08-05 05:54:56 --> Session: Class initialized using 'CodeIgniter\Session\Handlers\FileHandler' driver.
INFO - 2025-08-05 05:54:57 --> Session: Class initialized using 'CodeIgniter\Session\Handlers\FileHandler' driver.
INFO - 2025-08-05 05:55:04 --> Session: Class initialized using 'CodeIgniter\Session\Handlers\FileHandler' driver.
INFO - 2025-08-05 05:55:04 --> Session: Class initialized using 'CodeIgniter\Session\Handlers\FileHandler' driver.
INFO - 2025-08-05 05:55:22 --> Session: Class initialized using 'CodeIgniter\Session\Handlers\FileHandler' driver.
INFO - 2025-08-05 05:55:22 --> Session: Class initialized using 'CodeIgniter\Session\Handlers\FileHandler' driver.
INFO - 2025-08-05 05:55:28 --> Session: Class initialized using 'CodeIgniter\Session\Handlers\FileHandler' driver.
INFO - 2025-08-05 06:02:32 --> Session: Class initialized using 'CodeIgniter\Session\Handlers\FileHandler' driver.
INFO - 2025-08-05 06:04:59 --> Session: Class initialized using 'CodeIgniter\Session\Handlers\FileHandler' driver.
INFO - 2025-08-05 06:07:50 --> Session: Class initialized using 'CodeIgniter\Session\Handlers\FileHandler' driver.
INFO - 2025-08-05 06:07:56 --> Session: Class initialized using 'CodeIgniter\Session\Handlers\FileHandler' driver.
INFO - 2025-08-05 06:07:58 --> Session: Class initialized using 'CodeIgniter\Session\Handlers\FileHandler' driver.
INFO - 2025-08-05 06:08:00 --> Session: Class initialized using 'CodeIgniter\Session\Handlers\FileHandler' driver.
INFO - 2025-08-05 06:08:03 --> Session: Class initialized using 'CodeIgniter\Session\Handlers\FileHandler' driver.
INFO - 2025-08-05 06:08:03 --> Session: Class initialized using 'CodeIgniter\Session\Handlers\FileHandler' driver.
INFO - 2025-08-05 06:08:05 --> Session: Class initialized using 'CodeIgniter\Session\Handlers\FileHandler' driver.
INFO - 2025-08-05 06:08:08 --> Session: Class initialized using 'CodeIgniter\Session\Handlers\FileHandler' driver.
INFO - 2025-08-05 06:08:08 --> Session: Class initialized using 'CodeIgniter\Session\Handlers\FileHandler' driver.
INFO - 2025-08-05 06:08:09 --> Session: Class initialized using 'CodeIgniter\Session\Handlers\FileHandler' driver.
INFO - 2025-08-05 06:10:58 --> Session: Class initialized using 'CodeIgniter\Session\Handlers\FileHandler' driver.
INFO - 2025-08-05 06:11:01 --> Session: Class initialized using 'CodeIgniter\Session\Handlers\FileHandler' driver.
