INFO - 2025-06-17 18:40:03 --> Session: Class initialized using 'CodeIgniter\Session\Handlers\FileHandler' driver.
INFO - 2025-06-17 18:40:29 --> Session: Class initialized using 'CodeIgniter\Session\Handlers\FileHandler' driver.
INFO - 2025-06-17 19:00:20 --> Session: Class initialized using 'CodeIgniter\Session\Handlers\FileHandler' driver.
INFO - 2025-06-17 19:00:24 --> Session: Class initialized using 'CodeIgniter\Session\Handlers\FileHandler' driver.
INFO - 2025-06-17 19:00:36 --> Session: Class initialized using 'CodeIgniter\Session\Handlers\FileHandler' driver.
INFO - 2025-06-17 19:00:36 --> Session: Class initialized using 'CodeIgniter\Session\Handlers\FileHandler' driver.
INFO - 2025-06-17 19:00:40 --> Session: Class initialized using 'CodeIgniter\Session\Handlers\FileHandler' driver.
INFO - 2025-06-17 19:00:40 --> Session: Class initialized using 'CodeIgniter\Session\Handlers\FileHandler' driver.
INFO - 2025-06-17 19:43:30 --> Session: Class initialized using 'CodeIgniter\Session\Handlers\FileHandler' driver.
INFO - 2025-06-17 19:43:32 --> Session: Class initialized using 'CodeIgniter\Session\Handlers\FileHandler' driver.
INFO - 2025-06-17 19:43:32 --> Session: Class initialized using 'CodeIgniter\Session\Handlers\FileHandler' driver.
CRITICAL - 2025-06-17 19:43:35 --> Invalid file: "layouts/template.php"
in SYSTEMPATH\Exceptions\FrameworkException.php on line 33.
 1 SYSTEMPATH\View\View.php(212): CodeIgniter\Exceptions\FrameworkException::forInvalidFile('layouts/template.php')
 2 SYSTEMPATH\View\View.php(240): CodeIgniter\View\View->render('layouts/template', [], true)
 3 SYSTEMPATH\Common.php(1176): CodeIgniter\View\View->render('mentalbot/index', [], true)
 4 APPPATH\Controllers\MentalBot.php(20): view('mentalbot/index')
 5 SYSTEMPATH\CodeIgniter.php(932): App\Controllers\MentalBot->index()
 6 SYSTEMPATH\CodeIgniter.php(497): CodeIgniter\CodeIgniter->runController(Object(App\Controllers\MentalBot))
 7 SYSTEMPATH\CodeIgniter.php(366): CodeIgniter\CodeIgniter->handleRequest(null, Object(Config\Cache), false)
 8 FCPATH\index.php(67): CodeIgniter\CodeIgniter->run()
 9 SYSTEMPATH\Commands\Server\rewrite.php(47): require_once('C:\\xampp-pa\\htdocs\\MentalCare\\public\\index.php')
CRITICAL - 2025-06-17 19:44:46 --> Undefined variable $title
in APPPATH\Views\layout\dash\head.php on line 9.
 1 APPPATH\Views\layout\dash\head.php(9): CodeIgniter\Debug\Exceptions->errorHandler(2, 'Undefined variable $title', 'C:\\xampp-pa\\htdocs\\MentalCare\\app\\Views\\layout\\dash\\head.php', 9)
 2 APPPATH\Views\layout\app.php(4): include('C:\\xampp-pa\\htdocs\\MentalCare\\app\\Views\\layout\\dash\\head.php')
 3 SYSTEMPATH\View\View.php(224): include('C:\\xampp-pa\\htdocs\\MentalCare\\app\\Views\\layout\\app.php')
 4 SYSTEMPATH\View\View.php(227): CodeIgniter\View\View->CodeIgniter\View\{closure}()
 5 SYSTEMPATH\View\View.php(240): CodeIgniter\View\View->render('layout/app', [], true)
 6 SYSTEMPATH\Common.php(1176): CodeIgniter\View\View->render('mentalbot/index', [], true)
 7 APPPATH\Controllers\MentalBot.php(20): view('mentalbot/index')
 8 SYSTEMPATH\CodeIgniter.php(932): App\Controllers\MentalBot->index()
 9 SYSTEMPATH\CodeIgniter.php(497): CodeIgniter\CodeIgniter->runController(Object(App\Controllers\MentalBot))
10 SYSTEMPATH\CodeIgniter.php(366): CodeIgniter\CodeIgniter->handleRequest(null, Object(Config\Cache), false)
11 FCPATH\index.php(67): CodeIgniter\CodeIgniter->run()
12 SYSTEMPATH\Commands\Server\rewrite.php(47): require_once('C:\\xampp-pa\\htdocs\\MentalCare\\public\\index.php')
CRITICAL - 2025-06-17 19:45:20 --> Undefined variable $title
in APPPATH\Views\layout\dash\head.php on line 9.
 1 APPPATH\Views\layout\dash\head.php(9): CodeIgniter\Debug\Exceptions->errorHandler(2, 'Undefined variable $title', 'C:\\xampp-pa\\htdocs\\MentalCare\\app\\Views\\layout\\dash\\head.php', 9)
 2 APPPATH\Views\layout\app.php(4): include('C:\\xampp-pa\\htdocs\\MentalCare\\app\\Views\\layout\\dash\\head.php')
 3 SYSTEMPATH\View\View.php(224): include('C:\\xampp-pa\\htdocs\\MentalCare\\app\\Views\\layout\\app.php')
 4 SYSTEMPATH\View\View.php(227): CodeIgniter\View\View->CodeIgniter\View\{closure}()
 5 SYSTEMPATH\View\View.php(240): CodeIgniter\View\View->render('layout/app', [], true)
 6 SYSTEMPATH\Common.php(1176): CodeIgniter\View\View->render('mentalbot/index', [], true)
 7 APPPATH\Controllers\MentalBot.php(20): view('mentalbot/index')
 8 SYSTEMPATH\CodeIgniter.php(932): App\Controllers\MentalBot->index()
 9 SYSTEMPATH\CodeIgniter.php(497): CodeIgniter\CodeIgniter->runController(Object(App\Controllers\MentalBot))
10 SYSTEMPATH\CodeIgniter.php(366): CodeIgniter\CodeIgniter->handleRequest(null, Object(Config\Cache), false)
11 FCPATH\index.php(67): CodeIgniter\CodeIgniter->run()
12 SYSTEMPATH\Commands\Server\rewrite.php(47): require_once('C:\\xampp-pa\\htdocs\\MentalCare\\public\\index.php')
CRITICAL - 2025-06-17 19:45:31 --> Undefined variable $title
in APPPATH\Views\layout\dash\head.php on line 9.
 1 APPPATH\Views\layout\dash\head.php(9): CodeIgniter\Debug\Exceptions->errorHandler(2, 'Undefined variable $title', 'C:\\xampp-pa\\htdocs\\MentalCare\\app\\Views\\layout\\dash\\head.php', 9)
 2 APPPATH\Views\layout\app.php(4): include('C:\\xampp-pa\\htdocs\\MentalCare\\app\\Views\\layout\\dash\\head.php')
 3 SYSTEMPATH\View\View.php(224): include('C:\\xampp-pa\\htdocs\\MentalCare\\app\\Views\\layout\\app.php')
 4 SYSTEMPATH\View\View.php(227): CodeIgniter\View\View->CodeIgniter\View\{closure}()
 5 SYSTEMPATH\View\View.php(240): CodeIgniter\View\View->render('layout/app', [], true)
 6 SYSTEMPATH\Common.php(1176): CodeIgniter\View\View->render('mentalbot/index', [], true)
 7 APPPATH\Controllers\MentalBot.php(20): view('mentalbot/index')
 8 SYSTEMPATH\CodeIgniter.php(932): App\Controllers\MentalBot->index()
 9 SYSTEMPATH\CodeIgniter.php(497): CodeIgniter\CodeIgniter->runController(Object(App\Controllers\MentalBot))
10 SYSTEMPATH\CodeIgniter.php(366): CodeIgniter\CodeIgniter->handleRequest(null, Object(Config\Cache), false)
11 FCPATH\index.php(67): CodeIgniter\CodeIgniter->run()
12 SYSTEMPATH\Commands\Server\rewrite.php(47): require_once('C:\\xampp-pa\\htdocs\\MentalCare\\public\\index.php')
CRITICAL - 2025-06-17 19:45:32 --> Undefined variable $title
in APPPATH\Views\layout\dash\head.php on line 9.
 1 APPPATH\Views\layout\dash\head.php(9): CodeIgniter\Debug\Exceptions->errorHandler(2, 'Undefined variable $title', 'C:\\xampp-pa\\htdocs\\MentalCare\\app\\Views\\layout\\dash\\head.php', 9)
 2 APPPATH\Views\layout\app.php(4): include('C:\\xampp-pa\\htdocs\\MentalCare\\app\\Views\\layout\\dash\\head.php')
 3 SYSTEMPATH\View\View.php(224): include('C:\\xampp-pa\\htdocs\\MentalCare\\app\\Views\\layout\\app.php')
 4 SYSTEMPATH\View\View.php(227): CodeIgniter\View\View->CodeIgniter\View\{closure}()
 5 SYSTEMPATH\View\View.php(240): CodeIgniter\View\View->render('layout/app', [], true)
 6 SYSTEMPATH\Common.php(1176): CodeIgniter\View\View->render('mentalbot/index', [], true)
 7 APPPATH\Controllers\MentalBot.php(20): view('mentalbot/index')
 8 SYSTEMPATH\CodeIgniter.php(932): App\Controllers\MentalBot->index()
 9 SYSTEMPATH\CodeIgniter.php(497): CodeIgniter\CodeIgniter->runController(Object(App\Controllers\MentalBot))
10 SYSTEMPATH\CodeIgniter.php(366): CodeIgniter\CodeIgniter->handleRequest(null, Object(Config\Cache), false)
11 FCPATH\index.php(67): CodeIgniter\CodeIgniter->run()
12 SYSTEMPATH\Commands\Server\rewrite.php(47): require_once('C:\\xampp-pa\\htdocs\\MentalCare\\public\\index.php')
CRITICAL - 2025-06-17 19:45:32 --> Undefined variable $title
in APPPATH\Views\layout\dash\head.php on line 9.
 1 APPPATH\Views\layout\dash\head.php(9): CodeIgniter\Debug\Exceptions->errorHandler(2, 'Undefined variable $title', 'C:\\xampp-pa\\htdocs\\MentalCare\\app\\Views\\layout\\dash\\head.php', 9)
 2 APPPATH\Views\layout\app.php(4): include('C:\\xampp-pa\\htdocs\\MentalCare\\app\\Views\\layout\\dash\\head.php')
 3 SYSTEMPATH\View\View.php(224): include('C:\\xampp-pa\\htdocs\\MentalCare\\app\\Views\\layout\\app.php')
 4 SYSTEMPATH\View\View.php(227): CodeIgniter\View\View->CodeIgniter\View\{closure}()
 5 SYSTEMPATH\View\View.php(240): CodeIgniter\View\View->render('layout/app', [], true)
 6 SYSTEMPATH\Common.php(1176): CodeIgniter\View\View->render('mentalbot/index', [], true)
 7 APPPATH\Controllers\MentalBot.php(20): view('mentalbot/index')
 8 SYSTEMPATH\CodeIgniter.php(932): App\Controllers\MentalBot->index()
 9 SYSTEMPATH\CodeIgniter.php(497): CodeIgniter\CodeIgniter->runController(Object(App\Controllers\MentalBot))
10 SYSTEMPATH\CodeIgniter.php(366): CodeIgniter\CodeIgniter->handleRequest(null, Object(Config\Cache), false)
11 FCPATH\index.php(67): CodeIgniter\CodeIgniter->run()
12 SYSTEMPATH\Commands\Server\rewrite.php(47): require_once('C:\\xampp-pa\\htdocs\\MentalCare\\public\\index.php')
CRITICAL - 2025-06-17 19:46:16 --> Undefined variable $title
in APPPATH\Views\layout\dash\head.php on line 9.
 1 APPPATH\Views\layout\dash\head.php(9): CodeIgniter\Debug\Exceptions->errorHandler(2, 'Undefined variable $title', 'C:\\xampp-pa\\htdocs\\MentalCare\\app\\Views\\layout\\dash\\head.php', 9)
 2 SYSTEMPATH\View\View.php(224): include('C:\\xampp-pa\\htdocs\\MentalCare\\app\\Views\\layout\\dash\\head.php')
 3 SYSTEMPATH\View\View.php(227): CodeIgniter\View\View->CodeIgniter\View\{closure}()
 4 SYSTEMPATH\View\View.php(452): CodeIgniter\View\View->render('layout/dash/head', [...], true)
 5 APPPATH\Views\mentalbot\index.php(5): CodeIgniter\View\View->include('layout/dash/head', [...])
 6 SYSTEMPATH\View\View.php(224): include('C:\\xampp-pa\\htdocs\\MentalCare\\app\\Views\\mentalbot\\index.php')
 7 SYSTEMPATH\View\View.php(227): CodeIgniter\View\View->CodeIgniter\View\{closure}()
 8 SYSTEMPATH\Common.php(1176): CodeIgniter\View\View->render('mentalbot/index', [], true)
 9 APPPATH\Controllers\MentalBot.php(20): view('mentalbot/index')
10 SYSTEMPATH\CodeIgniter.php(932): App\Controllers\MentalBot->index()
11 SYSTEMPATH\CodeIgniter.php(497): CodeIgniter\CodeIgniter->runController(Object(App\Controllers\MentalBot))
12 SYSTEMPATH\CodeIgniter.php(366): CodeIgniter\CodeIgniter->handleRequest(null, Object(Config\Cache), false)
13 FCPATH\index.php(67): CodeIgniter\CodeIgniter->run()
14 SYSTEMPATH\Commands\Server\rewrite.php(47): require_once('C:\\xampp-pa\\htdocs\\MentalCare\\public\\index.php')
CRITICAL - 2025-06-17 19:46:17 --> Undefined variable $title
in APPPATH\Views\layout\dash\head.php on line 9.
 1 APPPATH\Views\layout\dash\head.php(9): CodeIgniter\Debug\Exceptions->errorHandler(2, 'Undefined variable $title', 'C:\\xampp-pa\\htdocs\\MentalCare\\app\\Views\\layout\\dash\\head.php', 9)
 2 SYSTEMPATH\View\View.php(224): include('C:\\xampp-pa\\htdocs\\MentalCare\\app\\Views\\layout\\dash\\head.php')
 3 SYSTEMPATH\View\View.php(227): CodeIgniter\View\View->CodeIgniter\View\{closure}()
 4 SYSTEMPATH\View\View.php(452): CodeIgniter\View\View->render('layout/dash/head', [...], true)
 5 APPPATH\Views\mentalbot\index.php(5): CodeIgniter\View\View->include('layout/dash/head', [...])
 6 SYSTEMPATH\View\View.php(224): include('C:\\xampp-pa\\htdocs\\MentalCare\\app\\Views\\mentalbot\\index.php')
 7 SYSTEMPATH\View\View.php(227): CodeIgniter\View\View->CodeIgniter\View\{closure}()
 8 SYSTEMPATH\Common.php(1176): CodeIgniter\View\View->render('mentalbot/index', [], true)
 9 APPPATH\Controllers\MentalBot.php(20): view('mentalbot/index')
10 SYSTEMPATH\CodeIgniter.php(932): App\Controllers\MentalBot->index()
11 SYSTEMPATH\CodeIgniter.php(497): CodeIgniter\CodeIgniter->runController(Object(App\Controllers\MentalBot))
12 SYSTEMPATH\CodeIgniter.php(366): CodeIgniter\CodeIgniter->handleRequest(null, Object(Config\Cache), false)
13 FCPATH\index.php(67): CodeIgniter\CodeIgniter->run()
14 SYSTEMPATH\Commands\Server\rewrite.php(47): require_once('C:\\xampp-pa\\htdocs\\MentalCare\\public\\index.php')
CRITICAL - 2025-06-17 19:46:18 --> Undefined variable $title
in APPPATH\Views\layout\dash\head.php on line 9.
 1 APPPATH\Views\layout\dash\head.php(9): CodeIgniter\Debug\Exceptions->errorHandler(2, 'Undefined variable $title', 'C:\\xampp-pa\\htdocs\\MentalCare\\app\\Views\\layout\\dash\\head.php', 9)
 2 SYSTEMPATH\View\View.php(224): include('C:\\xampp-pa\\htdocs\\MentalCare\\app\\Views\\layout\\dash\\head.php')
 3 SYSTEMPATH\View\View.php(227): CodeIgniter\View\View->CodeIgniter\View\{closure}()
 4 SYSTEMPATH\View\View.php(452): CodeIgniter\View\View->render('layout/dash/head', [...], true)
 5 APPPATH\Views\mentalbot\index.php(5): CodeIgniter\View\View->include('layout/dash/head', [...])
 6 SYSTEMPATH\View\View.php(224): include('C:\\xampp-pa\\htdocs\\MentalCare\\app\\Views\\mentalbot\\index.php')
 7 SYSTEMPATH\View\View.php(227): CodeIgniter\View\View->CodeIgniter\View\{closure}()
 8 SYSTEMPATH\Common.php(1176): CodeIgniter\View\View->render('mentalbot/index', [], true)
 9 APPPATH\Controllers\MentalBot.php(20): view('mentalbot/index')
10 SYSTEMPATH\CodeIgniter.php(932): App\Controllers\MentalBot->index()
11 SYSTEMPATH\CodeIgniter.php(497): CodeIgniter\CodeIgniter->runController(Object(App\Controllers\MentalBot))
12 SYSTEMPATH\CodeIgniter.php(366): CodeIgniter\CodeIgniter->handleRequest(null, Object(Config\Cache), false)
13 FCPATH\index.php(67): CodeIgniter\CodeIgniter->run()
14 SYSTEMPATH\Commands\Server\rewrite.php(47): require_once('C:\\xampp-pa\\htdocs\\MentalCare\\public\\index.php')
CRITICAL - 2025-06-17 19:46:18 --> Undefined variable $title
in APPPATH\Views\layout\dash\head.php on line 9.
 1 APPPATH\Views\layout\dash\head.php(9): CodeIgniter\Debug\Exceptions->errorHandler(2, 'Undefined variable $title', 'C:\\xampp-pa\\htdocs\\MentalCare\\app\\Views\\layout\\dash\\head.php', 9)
 2 SYSTEMPATH\View\View.php(224): include('C:\\xampp-pa\\htdocs\\MentalCare\\app\\Views\\layout\\dash\\head.php')
 3 SYSTEMPATH\View\View.php(227): CodeIgniter\View\View->CodeIgniter\View\{closure}()
 4 SYSTEMPATH\View\View.php(452): CodeIgniter\View\View->render('layout/dash/head', [...], true)
 5 APPPATH\Views\mentalbot\index.php(5): CodeIgniter\View\View->include('layout/dash/head', [...])
 6 SYSTEMPATH\View\View.php(224): include('C:\\xampp-pa\\htdocs\\MentalCare\\app\\Views\\mentalbot\\index.php')
 7 SYSTEMPATH\View\View.php(227): CodeIgniter\View\View->CodeIgniter\View\{closure}()
 8 SYSTEMPATH\Common.php(1176): CodeIgniter\View\View->render('mentalbot/index', [], true)
 9 APPPATH\Controllers\MentalBot.php(20): view('mentalbot/index')
10 SYSTEMPATH\CodeIgniter.php(932): App\Controllers\MentalBot->index()
11 SYSTEMPATH\CodeIgniter.php(497): CodeIgniter\CodeIgniter->runController(Object(App\Controllers\MentalBot))
12 SYSTEMPATH\CodeIgniter.php(366): CodeIgniter\CodeIgniter->handleRequest(null, Object(Config\Cache), false)
13 FCPATH\index.php(67): CodeIgniter\CodeIgniter->run()
14 SYSTEMPATH\Commands\Server\rewrite.php(47): require_once('C:\\xampp-pa\\htdocs\\MentalCare\\public\\index.php')
CRITICAL - 2025-06-17 19:46:18 --> Undefined variable $title
in APPPATH\Views\layout\dash\head.php on line 9.
 1 APPPATH\Views\layout\dash\head.php(9): CodeIgniter\Debug\Exceptions->errorHandler(2, 'Undefined variable $title', 'C:\\xampp-pa\\htdocs\\MentalCare\\app\\Views\\layout\\dash\\head.php', 9)
 2 SYSTEMPATH\View\View.php(224): include('C:\\xampp-pa\\htdocs\\MentalCare\\app\\Views\\layout\\dash\\head.php')
 3 SYSTEMPATH\View\View.php(227): CodeIgniter\View\View->CodeIgniter\View\{closure}()
 4 SYSTEMPATH\View\View.php(452): CodeIgniter\View\View->render('layout/dash/head', [...], true)
 5 APPPATH\Views\mentalbot\index.php(5): CodeIgniter\View\View->include('layout/dash/head', [...])
 6 SYSTEMPATH\View\View.php(224): include('C:\\xampp-pa\\htdocs\\MentalCare\\app\\Views\\mentalbot\\index.php')
 7 SYSTEMPATH\View\View.php(227): CodeIgniter\View\View->CodeIgniter\View\{closure}()
 8 SYSTEMPATH\Common.php(1176): CodeIgniter\View\View->render('mentalbot/index', [], true)
 9 APPPATH\Controllers\MentalBot.php(20): view('mentalbot/index')
10 SYSTEMPATH\CodeIgniter.php(932): App\Controllers\MentalBot->index()
11 SYSTEMPATH\CodeIgniter.php(497): CodeIgniter\CodeIgniter->runController(Object(App\Controllers\MentalBot))
12 SYSTEMPATH\CodeIgniter.php(366): CodeIgniter\CodeIgniter->handleRequest(null, Object(Config\Cache), false)
13 FCPATH\index.php(67): CodeIgniter\CodeIgniter->run()
14 SYSTEMPATH\Commands\Server\rewrite.php(47): require_once('C:\\xampp-pa\\htdocs\\MentalCare\\public\\index.php')
CRITICAL - 2025-06-17 19:46:18 --> Undefined variable $title
in APPPATH\Views\layout\dash\head.php on line 9.
 1 APPPATH\Views\layout\dash\head.php(9): CodeIgniter\Debug\Exceptions->errorHandler(2, 'Undefined variable $title', 'C:\\xampp-pa\\htdocs\\MentalCare\\app\\Views\\layout\\dash\\head.php', 9)
 2 SYSTEMPATH\View\View.php(224): include('C:\\xampp-pa\\htdocs\\MentalCare\\app\\Views\\layout\\dash\\head.php')
 3 SYSTEMPATH\View\View.php(227): CodeIgniter\View\View->CodeIgniter\View\{closure}()
 4 SYSTEMPATH\View\View.php(452): CodeIgniter\View\View->render('layout/dash/head', [...], true)
 5 APPPATH\Views\mentalbot\index.php(5): CodeIgniter\View\View->include('layout/dash/head', [...])
 6 SYSTEMPATH\View\View.php(224): include('C:\\xampp-pa\\htdocs\\MentalCare\\app\\Views\\mentalbot\\index.php')
 7 SYSTEMPATH\View\View.php(227): CodeIgniter\View\View->CodeIgniter\View\{closure}()
 8 SYSTEMPATH\Common.php(1176): CodeIgniter\View\View->render('mentalbot/index', [], true)
 9 APPPATH\Controllers\MentalBot.php(20): view('mentalbot/index')
10 SYSTEMPATH\CodeIgniter.php(932): App\Controllers\MentalBot->index()
11 SYSTEMPATH\CodeIgniter.php(497): CodeIgniter\CodeIgniter->runController(Object(App\Controllers\MentalBot))
12 SYSTEMPATH\CodeIgniter.php(366): CodeIgniter\CodeIgniter->handleRequest(null, Object(Config\Cache), false)
13 FCPATH\index.php(67): CodeIgniter\CodeIgniter->run()
14 SYSTEMPATH\Commands\Server\rewrite.php(47): require_once('C:\\xampp-pa\\htdocs\\MentalCare\\public\\index.php')
CRITICAL - 2025-06-17 19:46:18 --> Undefined variable $title
in APPPATH\Views\layout\dash\head.php on line 9.
 1 APPPATH\Views\layout\dash\head.php(9): CodeIgniter\Debug\Exceptions->errorHandler(2, 'Undefined variable $title', 'C:\\xampp-pa\\htdocs\\MentalCare\\app\\Views\\layout\\dash\\head.php', 9)
 2 SYSTEMPATH\View\View.php(224): include('C:\\xampp-pa\\htdocs\\MentalCare\\app\\Views\\layout\\dash\\head.php')
 3 SYSTEMPATH\View\View.php(227): CodeIgniter\View\View->CodeIgniter\View\{closure}()
 4 SYSTEMPATH\View\View.php(452): CodeIgniter\View\View->render('layout/dash/head', [...], true)
 5 APPPATH\Views\mentalbot\index.php(5): CodeIgniter\View\View->include('layout/dash/head', [...])
 6 SYSTEMPATH\View\View.php(224): include('C:\\xampp-pa\\htdocs\\MentalCare\\app\\Views\\mentalbot\\index.php')
 7 SYSTEMPATH\View\View.php(227): CodeIgniter\View\View->CodeIgniter\View\{closure}()
 8 SYSTEMPATH\Common.php(1176): CodeIgniter\View\View->render('mentalbot/index', [], true)
 9 APPPATH\Controllers\MentalBot.php(20): view('mentalbot/index')
10 SYSTEMPATH\CodeIgniter.php(932): App\Controllers\MentalBot->index()
11 SYSTEMPATH\CodeIgniter.php(497): CodeIgniter\CodeIgniter->runController(Object(App\Controllers\MentalBot))
12 SYSTEMPATH\CodeIgniter.php(366): CodeIgniter\CodeIgniter->handleRequest(null, Object(Config\Cache), false)
13 FCPATH\index.php(67): CodeIgniter\CodeIgniter->run()
14 SYSTEMPATH\Commands\Server\rewrite.php(47): require_once('C:\\xampp-pa\\htdocs\\MentalCare\\public\\index.php')
CRITICAL - 2025-06-17 19:46:19 --> Undefined variable $title
in APPPATH\Views\layout\dash\head.php on line 9.
 1 APPPATH\Views\layout\dash\head.php(9): CodeIgniter\Debug\Exceptions->errorHandler(2, 'Undefined variable $title', 'C:\\xampp-pa\\htdocs\\MentalCare\\app\\Views\\layout\\dash\\head.php', 9)
 2 SYSTEMPATH\View\View.php(224): include('C:\\xampp-pa\\htdocs\\MentalCare\\app\\Views\\layout\\dash\\head.php')
 3 SYSTEMPATH\View\View.php(227): CodeIgniter\View\View->CodeIgniter\View\{closure}()
 4 SYSTEMPATH\View\View.php(452): CodeIgniter\View\View->render('layout/dash/head', [...], true)
 5 APPPATH\Views\mentalbot\index.php(5): CodeIgniter\View\View->include('layout/dash/head', [...])
 6 SYSTEMPATH\View\View.php(224): include('C:\\xampp-pa\\htdocs\\MentalCare\\app\\Views\\mentalbot\\index.php')
 7 SYSTEMPATH\View\View.php(227): CodeIgniter\View\View->CodeIgniter\View\{closure}()
 8 SYSTEMPATH\Common.php(1176): CodeIgniter\View\View->render('mentalbot/index', [], true)
 9 APPPATH\Controllers\MentalBot.php(20): view('mentalbot/index')
10 SYSTEMPATH\CodeIgniter.php(932): App\Controllers\MentalBot->index()
11 SYSTEMPATH\CodeIgniter.php(497): CodeIgniter\CodeIgniter->runController(Object(App\Controllers\MentalBot))
12 SYSTEMPATH\CodeIgniter.php(366): CodeIgniter\CodeIgniter->handleRequest(null, Object(Config\Cache), false)
13 FCPATH\index.php(67): CodeIgniter\CodeIgniter->run()
14 SYSTEMPATH\Commands\Server\rewrite.php(47): require_once('C:\\xampp-pa\\htdocs\\MentalCare\\public\\index.php')
CRITICAL - 2025-06-17 19:46:19 --> Undefined variable $title
in APPPATH\Views\layout\dash\head.php on line 9.
 1 APPPATH\Views\layout\dash\head.php(9): CodeIgniter\Debug\Exceptions->errorHandler(2, 'Undefined variable $title', 'C:\\xampp-pa\\htdocs\\MentalCare\\app\\Views\\layout\\dash\\head.php', 9)
 2 SYSTEMPATH\View\View.php(224): include('C:\\xampp-pa\\htdocs\\MentalCare\\app\\Views\\layout\\dash\\head.php')
 3 SYSTEMPATH\View\View.php(227): CodeIgniter\View\View->CodeIgniter\View\{closure}()
 4 SYSTEMPATH\View\View.php(452): CodeIgniter\View\View->render('layout/dash/head', [...], true)
 5 APPPATH\Views\mentalbot\index.php(5): CodeIgniter\View\View->include('layout/dash/head', [...])
 6 SYSTEMPATH\View\View.php(224): include('C:\\xampp-pa\\htdocs\\MentalCare\\app\\Views\\mentalbot\\index.php')
 7 SYSTEMPATH\View\View.php(227): CodeIgniter\View\View->CodeIgniter\View\{closure}()
 8 SYSTEMPATH\Common.php(1176): CodeIgniter\View\View->render('mentalbot/index', [], true)
 9 APPPATH\Controllers\MentalBot.php(20): view('mentalbot/index')
10 SYSTEMPATH\CodeIgniter.php(932): App\Controllers\MentalBot->index()
11 SYSTEMPATH\CodeIgniter.php(497): CodeIgniter\CodeIgniter->runController(Object(App\Controllers\MentalBot))
12 SYSTEMPATH\CodeIgniter.php(366): CodeIgniter\CodeIgniter->handleRequest(null, Object(Config\Cache), false)
13 FCPATH\index.php(67): CodeIgniter\CodeIgniter->run()
14 SYSTEMPATH\Commands\Server\rewrite.php(47): require_once('C:\\xampp-pa\\htdocs\\MentalCare\\public\\index.php')
CRITICAL - 2025-06-17 19:46:19 --> Undefined variable $title
in APPPATH\Views\layout\dash\head.php on line 9.
 1 APPPATH\Views\layout\dash\head.php(9): CodeIgniter\Debug\Exceptions->errorHandler(2, 'Undefined variable $title', 'C:\\xampp-pa\\htdocs\\MentalCare\\app\\Views\\layout\\dash\\head.php', 9)
 2 SYSTEMPATH\View\View.php(224): include('C:\\xampp-pa\\htdocs\\MentalCare\\app\\Views\\layout\\dash\\head.php')
 3 SYSTEMPATH\View\View.php(227): CodeIgniter\View\View->CodeIgniter\View\{closure}()
 4 SYSTEMPATH\View\View.php(452): CodeIgniter\View\View->render('layout/dash/head', [...], true)
 5 APPPATH\Views\mentalbot\index.php(5): CodeIgniter\View\View->include('layout/dash/head', [...])
 6 SYSTEMPATH\View\View.php(224): include('C:\\xampp-pa\\htdocs\\MentalCare\\app\\Views\\mentalbot\\index.php')
 7 SYSTEMPATH\View\View.php(227): CodeIgniter\View\View->CodeIgniter\View\{closure}()
 8 SYSTEMPATH\Common.php(1176): CodeIgniter\View\View->render('mentalbot/index', [], true)
 9 APPPATH\Controllers\MentalBot.php(20): view('mentalbot/index')
10 SYSTEMPATH\CodeIgniter.php(932): App\Controllers\MentalBot->index()
11 SYSTEMPATH\CodeIgniter.php(497): CodeIgniter\CodeIgniter->runController(Object(App\Controllers\MentalBot))
12 SYSTEMPATH\CodeIgniter.php(366): CodeIgniter\CodeIgniter->handleRequest(null, Object(Config\Cache), false)
13 FCPATH\index.php(67): CodeIgniter\CodeIgniter->run()
14 SYSTEMPATH\Commands\Server\rewrite.php(47): require_once('C:\\xampp-pa\\htdocs\\MentalCare\\public\\index.php')
CRITICAL - 2025-06-17 19:46:19 --> Undefined variable $title
in APPPATH\Views\layout\dash\head.php on line 9.
 1 APPPATH\Views\layout\dash\head.php(9): CodeIgniter\Debug\Exceptions->errorHandler(2, 'Undefined variable $title', 'C:\\xampp-pa\\htdocs\\MentalCare\\app\\Views\\layout\\dash\\head.php', 9)
 2 SYSTEMPATH\View\View.php(224): include('C:\\xampp-pa\\htdocs\\MentalCare\\app\\Views\\layout\\dash\\head.php')
 3 SYSTEMPATH\View\View.php(227): CodeIgniter\View\View->CodeIgniter\View\{closure}()
 4 SYSTEMPATH\View\View.php(452): CodeIgniter\View\View->render('layout/dash/head', [...], true)
 5 APPPATH\Views\mentalbot\index.php(5): CodeIgniter\View\View->include('layout/dash/head', [...])
 6 SYSTEMPATH\View\View.php(224): include('C:\\xampp-pa\\htdocs\\MentalCare\\app\\Views\\mentalbot\\index.php')
 7 SYSTEMPATH\View\View.php(227): CodeIgniter\View\View->CodeIgniter\View\{closure}()
 8 SYSTEMPATH\Common.php(1176): CodeIgniter\View\View->render('mentalbot/index', [], true)
 9 APPPATH\Controllers\MentalBot.php(20): view('mentalbot/index')
10 SYSTEMPATH\CodeIgniter.php(932): App\Controllers\MentalBot->index()
11 SYSTEMPATH\CodeIgniter.php(497): CodeIgniter\CodeIgniter->runController(Object(App\Controllers\MentalBot))
12 SYSTEMPATH\CodeIgniter.php(366): CodeIgniter\CodeIgniter->handleRequest(null, Object(Config\Cache), false)
13 FCPATH\index.php(67): CodeIgniter\CodeIgniter->run()
14 SYSTEMPATH\Commands\Server\rewrite.php(47): require_once('C:\\xampp-pa\\htdocs\\MentalCare\\public\\index.php')
CRITICAL - 2025-06-17 19:46:20 --> Undefined variable $title
in APPPATH\Views\layout\dash\head.php on line 9.
 1 APPPATH\Views\layout\dash\head.php(9): CodeIgniter\Debug\Exceptions->errorHandler(2, 'Undefined variable $title', 'C:\\xampp-pa\\htdocs\\MentalCare\\app\\Views\\layout\\dash\\head.php', 9)
 2 SYSTEMPATH\View\View.php(224): include('C:\\xampp-pa\\htdocs\\MentalCare\\app\\Views\\layout\\dash\\head.php')
 3 SYSTEMPATH\View\View.php(227): CodeIgniter\View\View->CodeIgniter\View\{closure}()
 4 SYSTEMPATH\View\View.php(452): CodeIgniter\View\View->render('layout/dash/head', [...], true)
 5 APPPATH\Views\mentalbot\index.php(5): CodeIgniter\View\View->include('layout/dash/head', [...])
 6 SYSTEMPATH\View\View.php(224): include('C:\\xampp-pa\\htdocs\\MentalCare\\app\\Views\\mentalbot\\index.php')
 7 SYSTEMPATH\View\View.php(227): CodeIgniter\View\View->CodeIgniter\View\{closure}()
 8 SYSTEMPATH\Common.php(1176): CodeIgniter\View\View->render('mentalbot/index', [], true)
 9 APPPATH\Controllers\MentalBot.php(20): view('mentalbot/index')
10 SYSTEMPATH\CodeIgniter.php(932): App\Controllers\MentalBot->index()
11 SYSTEMPATH\CodeIgniter.php(497): CodeIgniter\CodeIgniter->runController(Object(App\Controllers\MentalBot))
12 SYSTEMPATH\CodeIgniter.php(366): CodeIgniter\CodeIgniter->handleRequest(null, Object(Config\Cache), false)
13 FCPATH\index.php(67): CodeIgniter\CodeIgniter->run()
14 SYSTEMPATH\Commands\Server\rewrite.php(47): require_once('C:\\xampp-pa\\htdocs\\MentalCare\\public\\index.php')
CRITICAL - 2025-06-17 19:46:20 --> Undefined variable $title
in APPPATH\Views\layout\dash\head.php on line 9.
 1 APPPATH\Views\layout\dash\head.php(9): CodeIgniter\Debug\Exceptions->errorHandler(2, 'Undefined variable $title', 'C:\\xampp-pa\\htdocs\\MentalCare\\app\\Views\\layout\\dash\\head.php', 9)
 2 SYSTEMPATH\View\View.php(224): include('C:\\xampp-pa\\htdocs\\MentalCare\\app\\Views\\layout\\dash\\head.php')
 3 SYSTEMPATH\View\View.php(227): CodeIgniter\View\View->CodeIgniter\View\{closure}()
 4 SYSTEMPATH\View\View.php(452): CodeIgniter\View\View->render('layout/dash/head', [...], true)
 5 APPPATH\Views\mentalbot\index.php(5): CodeIgniter\View\View->include('layout/dash/head', [...])
 6 SYSTEMPATH\View\View.php(224): include('C:\\xampp-pa\\htdocs\\MentalCare\\app\\Views\\mentalbot\\index.php')
 7 SYSTEMPATH\View\View.php(227): CodeIgniter\View\View->CodeIgniter\View\{closure}()
 8 SYSTEMPATH\Common.php(1176): CodeIgniter\View\View->render('mentalbot/index', [], true)
 9 APPPATH\Controllers\MentalBot.php(20): view('mentalbot/index')
10 SYSTEMPATH\CodeIgniter.php(932): App\Controllers\MentalBot->index()
11 SYSTEMPATH\CodeIgniter.php(497): CodeIgniter\CodeIgniter->runController(Object(App\Controllers\MentalBot))
12 SYSTEMPATH\CodeIgniter.php(366): CodeIgniter\CodeIgniter->handleRequest(null, Object(Config\Cache), false)
13 FCPATH\index.php(67): CodeIgniter\CodeIgniter->run()
14 SYSTEMPATH\Commands\Server\rewrite.php(47): require_once('C:\\xampp-pa\\htdocs\\MentalCare\\public\\index.php')
CRITICAL - 2025-06-17 19:46:20 --> Undefined variable $title
in APPPATH\Views\layout\dash\head.php on line 9.
 1 APPPATH\Views\layout\dash\head.php(9): CodeIgniter\Debug\Exceptions->errorHandler(2, 'Undefined variable $title', 'C:\\xampp-pa\\htdocs\\MentalCare\\app\\Views\\layout\\dash\\head.php', 9)
 2 SYSTEMPATH\View\View.php(224): include('C:\\xampp-pa\\htdocs\\MentalCare\\app\\Views\\layout\\dash\\head.php')
 3 SYSTEMPATH\View\View.php(227): CodeIgniter\View\View->CodeIgniter\View\{closure}()
 4 SYSTEMPATH\View\View.php(452): CodeIgniter\View\View->render('layout/dash/head', [...], true)
 5 APPPATH\Views\mentalbot\index.php(5): CodeIgniter\View\View->include('layout/dash/head', [...])
 6 SYSTEMPATH\View\View.php(224): include('C:\\xampp-pa\\htdocs\\MentalCare\\app\\Views\\mentalbot\\index.php')
 7 SYSTEMPATH\View\View.php(227): CodeIgniter\View\View->CodeIgniter\View\{closure}()
 8 SYSTEMPATH\Common.php(1176): CodeIgniter\View\View->render('mentalbot/index', [], true)
 9 APPPATH\Controllers\MentalBot.php(20): view('mentalbot/index')
10 SYSTEMPATH\CodeIgniter.php(932): App\Controllers\MentalBot->index()
11 SYSTEMPATH\CodeIgniter.php(497): CodeIgniter\CodeIgniter->runController(Object(App\Controllers\MentalBot))
12 SYSTEMPATH\CodeIgniter.php(366): CodeIgniter\CodeIgniter->handleRequest(null, Object(Config\Cache), false)
13 FCPATH\index.php(67): CodeIgniter\CodeIgniter->run()
14 SYSTEMPATH\Commands\Server\rewrite.php(47): require_once('C:\\xampp-pa\\htdocs\\MentalCare\\public\\index.php')
CRITICAL - 2025-06-17 19:46:20 --> Undefined variable $title
in APPPATH\Views\layout\dash\head.php on line 9.
 1 APPPATH\Views\layout\dash\head.php(9): CodeIgniter\Debug\Exceptions->errorHandler(2, 'Undefined variable $title', 'C:\\xampp-pa\\htdocs\\MentalCare\\app\\Views\\layout\\dash\\head.php', 9)
 2 SYSTEMPATH\View\View.php(224): include('C:\\xampp-pa\\htdocs\\MentalCare\\app\\Views\\layout\\dash\\head.php')
 3 SYSTEMPATH\View\View.php(227): CodeIgniter\View\View->CodeIgniter\View\{closure}()
 4 SYSTEMPATH\View\View.php(452): CodeIgniter\View\View->render('layout/dash/head', [...], true)
 5 APPPATH\Views\mentalbot\index.php(5): CodeIgniter\View\View->include('layout/dash/head', [...])
 6 SYSTEMPATH\View\View.php(224): include('C:\\xampp-pa\\htdocs\\MentalCare\\app\\Views\\mentalbot\\index.php')
 7 SYSTEMPATH\View\View.php(227): CodeIgniter\View\View->CodeIgniter\View\{closure}()
 8 SYSTEMPATH\Common.php(1176): CodeIgniter\View\View->render('mentalbot/index', [], true)
 9 APPPATH\Controllers\MentalBot.php(20): view('mentalbot/index')
10 SYSTEMPATH\CodeIgniter.php(932): App\Controllers\MentalBot->index()
11 SYSTEMPATH\CodeIgniter.php(497): CodeIgniter\CodeIgniter->runController(Object(App\Controllers\MentalBot))
12 SYSTEMPATH\CodeIgniter.php(366): CodeIgniter\CodeIgniter->handleRequest(null, Object(Config\Cache), false)
13 FCPATH\index.php(67): CodeIgniter\CodeIgniter->run()
14 SYSTEMPATH\Commands\Server\rewrite.php(47): require_once('C:\\xampp-pa\\htdocs\\MentalCare\\public\\index.php')
INFO - 2025-06-17 19:47:37 --> Session: Class initialized using 'CodeIgniter\Session\Handlers\FileHandler' driver.
INFO - 2025-06-17 19:52:14 --> Session: Class initialized using 'CodeIgniter\Session\Handlers\FileHandler' driver.
INFO - 2025-06-17 19:52:23 --> Session: Class initialized using 'CodeIgniter\Session\Handlers\FileHandler' driver.
INFO - 2025-06-17 19:52:23 --> Session: Class initialized using 'CodeIgniter\Session\Handlers\FileHandler' driver.
INFO - 2025-06-17 19:52:25 --> Session: Class initialized using 'CodeIgniter\Session\Handlers\FileHandler' driver.
INFO - 2025-06-17 19:52:27 --> Session: Class initialized using 'CodeIgniter\Session\Handlers\FileHandler' driver.
INFO - 2025-06-17 19:52:27 --> Session: Class initialized using 'CodeIgniter\Session\Handlers\FileHandler' driver.
INFO - 2025-06-17 19:53:47 --> Session: Class initialized using 'CodeIgniter\Session\Handlers\FileHandler' driver.
INFO - 2025-06-17 19:54:05 --> Session: Class initialized using 'CodeIgniter\Session\Handlers\FileHandler' driver.
INFO - 2025-06-17 19:55:11 --> Session: Class initialized using 'CodeIgniter\Session\Handlers\FileHandler' driver.
INFO - 2025-06-17 20:01:11 --> Session: Class initialized using 'CodeIgniter\Session\Handlers\FileHandler' driver.
INFO - 2025-06-17 20:01:38 --> Session: Class initialized using 'CodeIgniter\Session\Handlers\FileHandler' driver.
INFO - 2025-06-17 20:01:49 --> Session: Class initialized using 'CodeIgniter\Session\Handlers\FileHandler' driver.
INFO - 2025-06-17 20:03:51 --> Session: Class initialized using 'CodeIgniter\Session\Handlers\FileHandler' driver.
INFO - 2025-06-17 20:04:52 --> Session: Class initialized using 'CodeIgniter\Session\Handlers\FileHandler' driver.
INFO - 2025-06-17 20:05:11 --> Session: Class initialized using 'CodeIgniter\Session\Handlers\FileHandler' driver.
INFO - 2025-06-17 20:05:19 --> Session: Class initialized using 'CodeIgniter\Session\Handlers\FileHandler' driver.
INFO - 2025-06-17 20:05:29 --> Session: Class initialized using 'CodeIgniter\Session\Handlers\FileHandler' driver.
INFO - 2025-06-17 20:05:40 --> Session: Class initialized using 'CodeIgniter\Session\Handlers\FileHandler' driver.
INFO - 2025-06-17 20:05:40 --> Session: Class initialized using 'CodeIgniter\Session\Handlers\FileHandler' driver.
INFO - 2025-06-17 20:05:42 --> Session: Class initialized using 'CodeIgniter\Session\Handlers\FileHandler' driver.
INFO - 2025-06-17 20:05:42 --> Session: Class initialized using 'CodeIgniter\Session\Handlers\FileHandler' driver.
INFO - 2025-06-17 20:06:36 --> Session: Class initialized using 'CodeIgniter\Session\Handlers\FileHandler' driver.
INFO - 2025-06-17 20:06:40 --> Session: Class initialized using 'CodeIgniter\Session\Handlers\FileHandler' driver.
INFO - 2025-06-17 20:06:40 --> Session: Class initialized using 'CodeIgniter\Session\Handlers\FileHandler' driver.
INFO - 2025-06-17 20:06:53 --> Session: Class initialized using 'CodeIgniter\Session\Handlers\FileHandler' driver.
INFO - 2025-06-17 20:06:56 --> Session: Class initialized using 'CodeIgniter\Session\Handlers\FileHandler' driver.
INFO - 2025-06-17 20:06:56 --> Session: Class initialized using 'CodeIgniter\Session\Handlers\FileHandler' driver.
INFO - 2025-06-17 20:10:56 --> Session: Class initialized using 'CodeIgniter\Session\Handlers\FileHandler' driver.
INFO - 2025-06-17 20:12:49 --> Session: Class initialized using 'CodeIgniter\Session\Handlers\FileHandler' driver.
INFO - 2025-06-17 20:12:53 --> Session: Class initialized using 'CodeIgniter\Session\Handlers\FileHandler' driver.
INFO - 2025-06-17 20:13:02 --> Session: Class initialized using 'CodeIgniter\Session\Handlers\FileHandler' driver.
INFO - 2025-06-17 20:13:02 --> Session: Class initialized using 'CodeIgniter\Session\Handlers\FileHandler' driver.
INFO - 2025-06-17 20:13:05 --> Session: Class initialized using 'CodeIgniter\Session\Handlers\FileHandler' driver.
INFO - 2025-06-17 20:13:06 --> Session: Class initialized using 'CodeIgniter\Session\Handlers\FileHandler' driver.
INFO - 2025-06-17 20:14:18 --> Session: Class initialized using 'CodeIgniter\Session\Handlers\FileHandler' driver.
INFO - 2025-06-17 20:14:18 --> Session: Class initialized using 'CodeIgniter\Session\Handlers\FileHandler' driver.
INFO - 2025-06-17 20:14:23 --> Session: Class initialized using 'CodeIgniter\Session\Handlers\FileHandler' driver.
INFO - 2025-06-17 20:14:24 --> Session: Class initialized using 'CodeIgniter\Session\Handlers\FileHandler' driver.
INFO - 2025-06-17 20:19:04 --> Session: Class initialized using 'CodeIgniter\Session\Handlers\FileHandler' driver.
INFO - 2025-06-17 20:19:42 --> Session: Class initialized using 'CodeIgniter\Session\Handlers\FileHandler' driver.
INFO - 2025-06-17 20:21:42 --> Session: Class initialized using 'CodeIgniter\Session\Handlers\FileHandler' driver.
INFO - 2025-06-17 20:24:39 --> Session: Class initialized using 'CodeIgniter\Session\Handlers\FileHandler' driver.
INFO - 2025-06-17 20:24:42 --> Session: Class initialized using 'CodeIgniter\Session\Handlers\FileHandler' driver.
INFO - 2025-06-17 20:25:10 --> Session: Class initialized using 'CodeIgniter\Session\Handlers\FileHandler' driver.
INFO - 2025-06-17 20:25:13 --> Session: Class initialized using 'CodeIgniter\Session\Handlers\FileHandler' driver.
INFO - 2025-06-17 20:25:13 --> Session: Class initialized using 'CodeIgniter\Session\Handlers\FileHandler' driver.
INFO - 2025-06-17 20:25:15 --> Session: Class initialized using 'CodeIgniter\Session\Handlers\FileHandler' driver.
INFO - 2025-06-17 20:25:17 --> Session: Class initialized using 'CodeIgniter\Session\Handlers\FileHandler' driver.
INFO - 2025-06-17 20:25:17 --> Session: Class initialized using 'CodeIgniter\Session\Handlers\FileHandler' driver.
INFO - 2025-06-17 20:33:33 --> Session: Class initialized using 'CodeIgniter\Session\Handlers\FileHandler' driver.
INFO - 2025-06-17 20:45:16 --> Session: Class initialized using 'CodeIgniter\Session\Handlers\FileHandler' driver.
INFO - 2025-06-17 20:46:17 --> Session: Class initialized using 'CodeIgniter\Session\Handlers\FileHandler' driver.
DEBUG - 2025-06-17 20:46:17 --> Selected Gejala: Array
(
    [0] => 8
    [1] => 9
)

DEBUG - 2025-06-17 20:46:17 --> List CF: Array
(
    [0] => 5
    [1] => 1
)

DEBUG - 2025-06-17 20:46:17 --> Merged Data CF: Array
(
    [0] => Array
        (
            [id_gejala] => 8
            [tingkat_kepercayaan] => Pasti
            [cf_user] => 0.8
        )

    [1] => Array
        (
            [id_gejala] => 9
            [tingkat_kepercayaan] => Tidak Sama Sekali
            [cf_user] => 0
        )

)

DEBUG - 2025-06-17 20:46:17 --> Checking relation for gejala 8: Array
(
    [0] => Array
        (
            [id_aturan] => 3
            [id_penyakit] => 1
            [id_gejala] => 8
            [mb] => 0.8
            [md] => 0
            [cf] => 0.8
            [deleted_at] => 
        )

    [1] => Array
        (
            [id_aturan] => 11
            [id_penyakit] => 3
            [id_gejala] => 8
            [mb] => 0.7
            [md] => 0
            [cf] => 0.7
            [deleted_at] => 
        )

    [2] => Array
        (
            [id_aturan] => 24
            [id_penyakit] => 5
            [id_gejala] => 8
            [mb] => 0.5
            [md] => 0
            [cf] => 0.5
            [deleted_at] => 
        )

)

DEBUG - 2025-06-17 20:46:17 --> Found penyakit for relation: Array
(
    [id_penyakit] => 1
    [kode_penyakit] => P01
    [nama_penyakit] => Mild Major Depressive Disorder (Ringan)
    [deskripsi_penyakit] => Mild Major Depressive Disorder adalah tingkat depresi mayor yang
                memiliki gejala yang lebih ringan dibandingkan dengan tingkat yang lebih
                parah. Pada tingkat ini, gejala depresi biasanya memengaruhi kehidupan
                sehari-hari, namun individu masih dapat menjalani aktivitas sehari-hari
                dengan tingkat fungsionalitas yang relatif normal.
    [solusi_penyakit] => Solusi penanganan untuk Mild Major Depressive Disorder melibatkan kombinasi terapi kognitif perilaku (CBT), terapi dukungan, dan perubahan gaya hidup sehat. Terapi kognitif perilaku membantu individu mengubah pola pikir negatif menjadi pola pikir yang lebih adaptif dan positif. Terapi dukungan, seperti terapi interpersonal atau kelompok dukungan, dapat memberikan wadah untuk berbagi pengalaman dan mendapatkan dukungan emosional dari orang-orang terdekat. Selain itu, menjaga pola tidur yang teratur, mengadopsi pola makan sehat, dan berpartisipasi dalam kegiatan fisik yang memadai juga penting untuk meningkatkan kesejahteraan mental dan mengurangi gejala depresi pada tingkat yang lebih ringan.
    [deleted_at] => 
)

DEBUG - 2025-06-17 20:46:17 --> Added to CF array: Array
(
    [id_gejala] => 8
    [kode_gejala] => G08
    [nama_gejala] => Anda kesulitan berpikir atau berkonsentrasi, atau sulit membuat keputusan hampir setiap hari dalam 2 minggu terakhir
    [tingkat_kepercayaan] => Pasti
    [cf_user] => 0.8
    [cf_pakar] => 0.8
    [nilai_cf] => 0.64
    [id_penyakit] => 1
)

DEBUG - 2025-06-17 20:46:17 --> Found penyakit for relation: Array
(
    [id_penyakit] => 3
    [kode_penyakit] => P03
    [nama_penyakit] => Moderate Major Depressive Disorder (Sedang)
    [deskripsi_penyakit] => Moderate Major Depressive Disorder mengacu pada tingkat depresi mayor
                yang memiliki gejala sedang. Pada tingkat ini, gejala depresi dapat lebih
                mengganggu kehidupan sehari-hari individu dan mempengaruhi
                fungsionalitas mereka dalam berbagai bidang, seperti pekerjaan, hubungan,
                atau aktivitas sosial.
    [solusi_penyakit] => Solusi penanganan untuk Moderate Major Depressive Disorder melibatkan pendekatan terapi kombinasi yang mencakup terapi kognitif perilaku (CBT), terapi interpersonal, dan mungkin juga penggunaan obat antidepresan yang diresepkan oleh dokter. Terapi kognitif perilaku membantu individu mengidentifikasi dan mengubah pola pikir negatif yang mendasari depresi, sedangkan terapi interpersonal fokus pada perbaikan hubungan dan interaksi sosial. Penggunaan obat antidepresan dapat membantu mengurangi gejala depresi. Dalam kombinasi dengan dukungan sosial dan perubahan gaya hidup sehat, seperti menjaga rutinitas tidur yang teratur, pola makan sehat, dan olahraga, solusi penanganan tersebut bertujuan untuk memperbaiki kesejahteraan mental individu dan membantu mereka mengatasi gejala depresi yang sedang.
    [deleted_at] => 
)

DEBUG - 2025-06-17 20:46:17 --> Added to CF array: Array
(
    [id_gejala] => 8
    [kode_gejala] => G08
    [nama_gejala] => Anda kesulitan berpikir atau berkonsentrasi, atau sulit membuat keputusan hampir setiap hari dalam 2 minggu terakhir
    [tingkat_kepercayaan] => Pasti
    [cf_user] => 0.8
    [cf_pakar] => 0.7
    [nilai_cf] => 0.56
    [id_penyakit] => 3
)

DEBUG - 2025-06-17 20:46:17 --> Found penyakit for relation: Array
(
    [id_penyakit] => 5
    [kode_penyakit] => P05
    [nama_penyakit] => Severe Major Depressive Disorder (Parah)
    [deskripsi_penyakit] => Severe Major Depressive Disorder adalah tingkat depresi mayor yang
                memiliki gejala yang sangat parah dan mengganggu. Pada tingkat ini, gejala
                depresi sangat menghambat individu dalam menjalani kehidupan seharihari. Mereka mungkin mengalami kesulitan dalam menjalankan tugas-tugas
                rutin, berinteraksi dengan orang lain, atau bahkan memiliki pemikiran atau
                perilaku yang berpotensi merugikan diri sendiri.
    [solusi_penyakit] => Solusi penanganan untuk Severe Major Depressive Disorder yang parah meliputi kombinasi konseling terapi psikologis, pengobatan dengan obat antidepresan yang diresepkan oleh dokter, dan dukungan sosial yang kuat. Terapi kognitif perilaku dan terapi interpersonal dapat membantu individu mengatasi gejala depresi dan mengembangkan strategi penanganan yang efektif. Penting juga untuk melibatkan keluarga dan teman-teman dalam proses pemulihan serta memonitor dan mengurangi risiko perilaku yang merugikan diri sendiri melalui perawatan yang tepat dan pengawasan yang ketat.
    [deleted_at] => 
)

DEBUG - 2025-06-17 20:46:17 --> Added to CF array: Array
(
    [id_gejala] => 8
    [kode_gejala] => G08
    [nama_gejala] => Anda kesulitan berpikir atau berkonsentrasi, atau sulit membuat keputusan hampir setiap hari dalam 2 minggu terakhir
    [tingkat_kepercayaan] => Pasti
    [cf_user] => 0.8
    [cf_pakar] => 0.5
    [nilai_cf] => 0.4
    [id_penyakit] => 5
)

DEBUG - 2025-06-17 20:46:17 --> Checking relation for gejala 9: Array
(
    [0] => Array
        (
            [id_aturan] => 25
            [id_penyakit] => 5
            [id_gejala] => 9
            [mb] => 1
            [md] => 0
            [cf] => 1
            [deleted_at] => 
        )

)

DEBUG - 2025-06-17 20:46:17 --> Found penyakit for relation: Array
(
    [id_penyakit] => 5
    [kode_penyakit] => P05
    [nama_penyakit] => Severe Major Depressive Disorder (Parah)
    [deskripsi_penyakit] => Severe Major Depressive Disorder adalah tingkat depresi mayor yang
                memiliki gejala yang sangat parah dan mengganggu. Pada tingkat ini, gejala
                depresi sangat menghambat individu dalam menjalani kehidupan seharihari. Mereka mungkin mengalami kesulitan dalam menjalankan tugas-tugas
                rutin, berinteraksi dengan orang lain, atau bahkan memiliki pemikiran atau
                perilaku yang berpotensi merugikan diri sendiri.
    [solusi_penyakit] => Solusi penanganan untuk Severe Major Depressive Disorder yang parah meliputi kombinasi konseling terapi psikologis, pengobatan dengan obat antidepresan yang diresepkan oleh dokter, dan dukungan sosial yang kuat. Terapi kognitif perilaku dan terapi interpersonal dapat membantu individu mengatasi gejala depresi dan mengembangkan strategi penanganan yang efektif. Penting juga untuk melibatkan keluarga dan teman-teman dalam proses pemulihan serta memonitor dan mengurangi risiko perilaku yang merugikan diri sendiri melalui perawatan yang tepat dan pengawasan yang ketat.
    [deleted_at] => 
)

DEBUG - 2025-06-17 20:46:17 --> Added to CF array: Array
(
    [id_gejala] => 9
    [kode_gejala] => G09
    [nama_gejala] => Anda sering memikirkan tentang kematian, memiliki pemikiran bunuh diri berulang tanpa rencana khusus, atau pernah mencoba bunuh diri atau memiliki rencana spesifik untuk bunuh diri dalam 2 minggu terakhir
    [tingkat_kepercayaan] => Tidak Sama Sekali
    [cf_user] => 0
    [cf_pakar] => 1
    [nilai_cf] => 0
    [id_penyakit] => 5
)

DEBUG - 2025-06-17 20:46:17 --> Final CF Array: Array
(
    [0] => Array
        (
            [id_gejala] => 8
            [kode_gejala] => G08
            [nama_gejala] => Anda kesulitan berpikir atau berkonsentrasi, atau sulit membuat keputusan hampir setiap hari dalam 2 minggu terakhir
            [tingkat_kepercayaan] => Pasti
            [cf_user] => 0.8
            [cf_pakar] => 0.8
            [nilai_cf] => 0.64
            [id_penyakit] => 1
        )

    [1] => Array
        (
            [id_gejala] => 8
            [kode_gejala] => G08
            [nama_gejala] => Anda kesulitan berpikir atau berkonsentrasi, atau sulit membuat keputusan hampir setiap hari dalam 2 minggu terakhir
            [tingkat_kepercayaan] => Pasti
            [cf_user] => 0.8
            [cf_pakar] => 0.7
            [nilai_cf] => 0.56
            [id_penyakit] => 3
        )

    [2] => Array
        (
            [id_gejala] => 8
            [kode_gejala] => G08
            [nama_gejala] => Anda kesulitan berpikir atau berkonsentrasi, atau sulit membuat keputusan hampir setiap hari dalam 2 minggu terakhir
            [tingkat_kepercayaan] => Pasti
            [cf_user] => 0.8
            [cf_pakar] => 0.5
            [nilai_cf] => 0.4
            [id_penyakit] => 5
        )

    [3] => Array
        (
            [id_gejala] => 9
            [kode_gejala] => G09
            [nama_gejala] => Anda sering memikirkan tentang kematian, memiliki pemikiran bunuh diri berulang tanpa rencana khusus, atau pernah mencoba bunuh diri atau memiliki rencana spesifik untuk bunuh diri dalam 2 minggu terakhir
            [tingkat_kepercayaan] => Tidak Sama Sekali
            [cf_user] => 0
            [cf_pakar] => 1
            [nilai_cf] => 0
            [id_penyakit] => 5
        )

)

DEBUG - 2025-06-17 20:46:17 --> Grouped By Penyakit: Array
(
    [1] => Array
        (
            [0] => Array
                (
                    [id_gejala] => 8
                    [kode_gejala] => G08
                    [nama_gejala] => Anda kesulitan berpikir atau berkonsentrasi, atau sulit membuat keputusan hampir setiap hari dalam 2 minggu terakhir
                    [tingkat_kepercayaan] => Pasti
                    [cf_user] => 0.8
                    [cf_pakar] => 0.8
                    [nilai_cf] => 0.64
                    [id_penyakit] => 1
                )

        )

    [3] => Array
        (
            [0] => Array
                (
                    [id_gejala] => 8
                    [kode_gejala] => G08
                    [nama_gejala] => Anda kesulitan berpikir atau berkonsentrasi, atau sulit membuat keputusan hampir setiap hari dalam 2 minggu terakhir
                    [tingkat_kepercayaan] => Pasti
                    [cf_user] => 0.8
                    [cf_pakar] => 0.7
                    [nilai_cf] => 0.56
                    [id_penyakit] => 3
                )

        )

    [5] => Array
        (
            [0] => Array
                (
                    [id_gejala] => 8
                    [kode_gejala] => G08
                    [nama_gejala] => Anda kesulitan berpikir atau berkonsentrasi, atau sulit membuat keputusan hampir setiap hari dalam 2 minggu terakhir
                    [tingkat_kepercayaan] => Pasti
                    [cf_user] => 0.8
                    [cf_pakar] => 0.5
                    [nilai_cf] => 0.4
                    [id_penyakit] => 5
                )

            [1] => Array
                (
                    [id_gejala] => 9
                    [kode_gejala] => G09
                    [nama_gejala] => Anda sering memikirkan tentang kematian, memiliki pemikiran bunuh diri berulang tanpa rencana khusus, atau pernah mencoba bunuh diri atau memiliki rencana spesifik untuk bunuh diri dalam 2 minggu terakhir
                    [tingkat_kepercayaan] => Tidak Sama Sekali
                    [cf_user] => 0
                    [cf_pakar] => 1
                    [nilai_cf] => 0
                    [id_penyakit] => 5
                )

        )

)

DEBUG - 2025-06-17 20:46:17 --> Isi array $new: Array
(
    [0] => Array
        (
            [id_penyakit] => 1
            [nilai_cf] => 0.64
        )

    [1] => Array
        (
            [id_penyakit] => 3
            [nilai_cf] => 0.56
        )

    [2] => Array
        (
            [id_penyakit] => 5
            [nilai_cf] => 0.4
        )

)

DEBUG - 2025-06-17 20:46:17 --> Max CF Value: 0.64
DEBUG - 2025-06-17 20:46:17 --> ID Penyakit Terbesar: 1
DEBUG - 2025-06-17 20:46:17 --> Penyakit Data: Array
(
    [id_penyakit] => 1
    [kode_penyakit] => P01
    [nama_penyakit] => Mild Major Depressive Disorder (Ringan)
    [deskripsi_penyakit] => Mild Major Depressive Disorder adalah tingkat depresi mayor yang
                memiliki gejala yang lebih ringan dibandingkan dengan tingkat yang lebih
                parah. Pada tingkat ini, gejala depresi biasanya memengaruhi kehidupan
                sehari-hari, namun individu masih dapat menjalani aktivitas sehari-hari
                dengan tingkat fungsionalitas yang relatif normal.
    [solusi_penyakit] => Solusi penanganan untuk Mild Major Depressive Disorder melibatkan kombinasi terapi kognitif perilaku (CBT), terapi dukungan, dan perubahan gaya hidup sehat. Terapi kognitif perilaku membantu individu mengubah pola pikir negatif menjadi pola pikir yang lebih adaptif dan positif. Terapi dukungan, seperti terapi interpersonal atau kelompok dukungan, dapat memberikan wadah untuk berbagi pengalaman dan mendapatkan dukungan emosional dari orang-orang terdekat. Selain itu, menjaga pola tidur yang teratur, mengadopsi pola makan sehat, dan berpartisipasi dalam kegiatan fisik yang memadai juga penting untuk meningkatkan kesejahteraan mental dan mengurangi gejala depresi pada tingkat yang lebih ringan.
    [deleted_at] => 
)

INFO - 2025-06-17 20:47:10 --> Session: Class initialized using 'CodeIgniter\Session\Handlers\FileHandler' driver.
INFO - 2025-06-17 20:47:19 --> Session: Class initialized using 'CodeIgniter\Session\Handlers\FileHandler' driver.
INFO - 2025-06-17 20:50:18 --> Session: Class initialized using 'CodeIgniter\Session\Handlers\FileHandler' driver.
INFO - 2025-06-17 20:53:39 --> Session: Class initialized using 'CodeIgniter\Session\Handlers\FileHandler' driver.
INFO - 2025-06-17 20:53:44 --> Session: Class initialized using 'CodeIgniter\Session\Handlers\FileHandler' driver.
INFO - 2025-06-17 20:58:49 --> Session: Class initialized using 'CodeIgniter\Session\Handlers\FileHandler' driver.
INFO - 2025-06-17 20:59:17 --> Session: Class initialized using 'CodeIgniter\Session\Handlers\FileHandler' driver.
INFO - 2025-06-17 21:03:08 --> Session: Class initialized using 'CodeIgniter\Session\Handlers\FileHandler' driver.
INFO - 2025-06-17 21:09:59 --> Session: Class initialized using 'CodeIgniter\Session\Handlers\FileHandler' driver.
INFO - 2025-06-17 21:12:56 --> Session: Class initialized using 'CodeIgniter\Session\Handlers\FileHandler' driver.
INFO - 2025-06-17 21:15:48 --> Session: Class initialized using 'CodeIgniter\Session\Handlers\FileHandler' driver.
INFO - 2025-06-17 21:18:23 --> Session: Class initialized using 'CodeIgniter\Session\Handlers\FileHandler' driver.
INFO - 2025-06-17 21:18:48 --> Session: Class initialized using 'CodeIgniter\Session\Handlers\FileHandler' driver.
INFO - 2025-06-17 21:19:28 --> Session: Class initialized using 'CodeIgniter\Session\Handlers\FileHandler' driver.
INFO - 2025-06-17 21:20:30 --> Session: Class initialized using 'CodeIgniter\Session\Handlers\FileHandler' driver.
INFO - 2025-06-17 21:24:56 --> Session: Class initialized using 'CodeIgniter\Session\Handlers\FileHandler' driver.
INFO - 2025-06-17 21:28:17 --> Session: Class initialized using 'CodeIgniter\Session\Handlers\FileHandler' driver.
INFO - 2025-06-17 21:38:13 --> Session: Class initialized using 'CodeIgniter\Session\Handlers\FileHandler' driver.
INFO - 2025-06-17 21:38:13 --> Session: Class initialized using 'CodeIgniter\Session\Handlers\FileHandler' driver.
INFO - 2025-06-17 21:38:19 --> Session: Class initialized using 'CodeIgniter\Session\Handlers\FileHandler' driver.
INFO - 2025-06-17 21:38:25 --> Session: Class initialized using 'CodeIgniter\Session\Handlers\FileHandler' driver.
INFO - 2025-06-17 21:38:25 --> Session: Class initialized using 'CodeIgniter\Session\Handlers\FileHandler' driver.
INFO - 2025-06-17 21:38:29 --> Session: Class initialized using 'CodeIgniter\Session\Handlers\FileHandler' driver.
INFO - 2025-06-17 21:39:55 --> Session: Class initialized using 'CodeIgniter\Session\Handlers\FileHandler' driver.
INFO - 2025-06-17 21:39:55 --> Session: Class initialized using 'CodeIgniter\Session\Handlers\FileHandler' driver.
INFO - 2025-06-17 21:49:23 --> Session: Class initialized using 'CodeIgniter\Session\Handlers\FileHandler' driver.
INFO - 2025-06-17 21:49:29 --> Session: Class initialized using 'CodeIgniter\Session\Handlers\FileHandler' driver.
INFO - 2025-06-17 21:49:29 --> Session: Class initialized using 'CodeIgniter\Session\Handlers\FileHandler' driver.
INFO - 2025-06-17 21:50:43 --> Session: Class initialized using 'CodeIgniter\Session\Handlers\FileHandler' driver.
INFO - 2025-06-17 21:50:43 --> Session: Class initialized using 'CodeIgniter\Session\Handlers\FileHandler' driver.
INFO - 2025-06-17 21:50:46 --> Session: Class initialized using 'CodeIgniter\Session\Handlers\FileHandler' driver.
INFO - 2025-06-17 21:50:50 --> Session: Class initialized using 'CodeIgniter\Session\Handlers\FileHandler' driver.
INFO - 2025-06-17 21:50:50 --> Session: Class initialized using 'CodeIgniter\Session\Handlers\FileHandler' driver.
DEBUG - 2025-06-17 22:12:12 --> Indonesian Question: apa itu kesehatan mental?
DEBUG - 2025-06-17 22:12:12 --> Translated English Question: What is mental health?
DEBUG - 2025-06-17 22:14:48 --> Indonesian Question: apa itu kesehatan mental?
DEBUG - 2025-06-17 22:14:48 --> Translated English Question: What is mental health?
DEBUG - 2025-06-17 22:15:38 --> Indonesian Question: Apa artinya memiliki gangguan mental?
DEBUG - 2025-06-17 22:15:38 --> Translated English Question: What does it mean to have a mental disorder?
DEBUG - 2025-06-17 22:22:03 --> Indonesian Question: Apa artinya memiliki gangguan mental?
DEBUG - 2025-06-17 22:22:03 --> Translated English Question: What does it mean to have a mental disorder?
DEBUG - 2025-06-17 22:23:03 --> Indonesian Question: apa itu kesehatan mental?
DEBUG - 2025-06-17 22:23:03 --> Translated English Question: What is mental health?
DEBUG - 2025-06-17 22:26:47 --> Indonesian Question: Apa artinya memiliki gangguan mental?
DEBUG - 2025-06-17 22:26:47 --> Translated English Question: What does it mean to have a mental disorder?
DEBUG - 2025-06-17 22:28:03 --> Indonesian Question: politeknik negeri subang
DEBUG - 2025-06-17 22:28:03 --> Translated English Question: Subang State Polytechnic
DEBUG - 2025-06-17 22:31:51 --> Indonesian Question: apa itu kesehatan mental?
DEBUG - 2025-06-17 22:31:51 --> Translated English Question: What is mental health?
DEBUG - 2025-06-17 22:42:55 --> Indonesian Question: Apa artinya memiliki gangguan mental?
DEBUG - 2025-06-17 22:42:55 --> Translated English Question: What does it mean to have a mental disorder?
DEBUG - 2025-06-17 22:45:20 --> Indonesian Question: apa itu kesehatan mental?
DEBUG - 2025-06-17 22:45:20 --> Translated English Question: What is mental health?
INFO - 2025-06-17 22:55:33 --> Session: Class initialized using 'CodeIgniter\Session\Handlers\FileHandler' driver.
INFO - 2025-06-17 22:58:48 --> Session: Class initialized using 'CodeIgniter\Session\Handlers\FileHandler' driver.
INFO - 2025-06-17 22:59:18 --> Session: Class initialized using 'CodeIgniter\Session\Handlers\FileHandler' driver.
DEBUG - 2025-06-17 23:02:20 --> Indonesian Question: Apakah orang dengan gangguan mental bisa sembuh?
DEBUG - 2025-06-17 23:02:20 --> Translated English Question: Can people with mental disorders recover?
DEBUG - 2025-06-17 23:03:32 --> Indonesian Question: Bisakah orang dengan gangguan mental bisa sembuh?
DEBUG - 2025-06-17 23:03:32 --> Translated English Question: Can people with mental disorders be cured?
DEBUG - 2025-06-17 23:10:42 --> Indonesian Question: Bisakah orang dengan gangguan mental bisa sembuh?
DEBUG - 2025-06-17 23:10:42 --> Translated English Question: Can people with mental disorders be cured?
DEBUG - 2025-06-17 23:11:51 --> Indonesian Question: Can people with mental illness recover?
DEBUG - 2025-06-17 23:11:51 --> Translated English Question: Can people with mental illness recover?
DEBUG - 2025-06-17 23:15:43 --> Indonesian Question: Bisakah orang dengan gangguan mental bisa sembuh?
DEBUG - 2025-06-17 23:15:43 --> Translated English Question: Can people with mental disorders be cured?
DEBUG - 2025-06-17 23:16:38 --> Indonesian Question: Can people with mental illness recover?
DEBUG - 2025-06-17 23:16:38 --> Translated English Question: Can people with mental illness recover?
DEBUG - 2025-06-17 23:20:38 --> Indonesian Question: Bisakah orang dengan gangguan mental bisa sembuh?
DEBUG - 2025-06-17 23:20:38 --> Translated English Question: Can people with mental disorders be cured?
