INFO - 2025-03-09 15:36:27 --> Session: Class initialized using 'CodeIgniter\Session\Handlers\FileHandler' driver.
INFO - 2025-03-09 15:36:35 --> Session: Class initialized using 'CodeIgniter\Session\Handlers\FileHandler' driver.
INFO - 2025-03-09 15:37:13 --> Session: Class initialized using 'CodeIgniter\Session\Handlers\FileHandler' driver.
INFO - 2025-03-09 15:37:33 --> Session: Class initialized using 'CodeIgniter\Session\Handlers\FileHandler' driver.
INFO - 2025-03-09 15:37:56 --> Session: Class initialized using 'CodeIgniter\Session\Handlers\FileHandler' driver.
INFO - 2025-03-09 15:38:27 --> Session: Class initialized using 'CodeIgniter\Session\Handlers\FileHandler' driver.
INFO - 2025-03-09 15:38:27 --> Session: Class initialized using 'CodeIgniter\Session\Handlers\FileHandler' driver.
INFO - 2025-03-09 15:53:04 --> Session: Class initialized using 'CodeIgniter\Session\Handlers\FileHandler' driver.
INFO - 2025-03-09 15:53:05 --> Session: Class initialized using 'CodeIgniter\Session\Handlers\FileHandler' driver.
INFO - 2025-03-09 15:54:45 --> Session: Class initialized using 'CodeIgniter\Session\Handlers\FileHandler' driver.
INFO - 2025-03-09 15:54:47 --> Session: Class initialized using 'CodeIgniter\Session\Handlers\FileHandler' driver.
INFO - 2025-03-09 15:54:48 --> Session: Class initialized using 'CodeIgniter\Session\Handlers\FileHandler' driver.
INFO - 2025-03-09 15:58:20 --> Session: Class initialized using 'CodeIgniter\Session\Handlers\FileHandler' driver.
INFO - 2025-03-09 15:58:57 --> Session: Class initialized using 'CodeIgniter\Session\Handlers\FileHandler' driver.
INFO - 2025-03-09 15:58:59 --> Session: Class initialized using 'CodeIgniter\Session\Handlers\FileHandler' driver.
INFO - 2025-03-09 15:59:02 --> Session: Class initialized using 'CodeIgniter\Session\Handlers\FileHandler' driver.
INFO - 2025-03-09 15:59:05 --> Session: Class initialized using 'CodeIgniter\Session\Handlers\FileHandler' driver.
INFO - 2025-03-09 16:03:22 --> Session: Class initialized using 'CodeIgniter\Session\Handlers\FileHandler' driver.
INFO - 2025-03-09 16:03:32 --> Session: Class initialized using 'CodeIgniter\Session\Handlers\FileHandler' driver.
INFO - 2025-03-09 16:03:37 --> Session: Class initialized using 'CodeIgniter\Session\Handlers\FileHandler' driver.
INFO - 2025-03-09 16:03:41 --> Session: Class initialized using 'CodeIgniter\Session\Handlers\FileHandler' driver.
INFO - 2025-03-09 16:05:45 --> Session: Class initialized using 'CodeIgniter\Session\Handlers\FileHandler' driver.
INFO - 2025-03-09 16:05:53 --> Session: Class initialized using 'CodeIgniter\Session\Handlers\FileHandler' driver.
INFO - 2025-03-09 16:05:55 --> Session: Class initialized using 'CodeIgniter\Session\Handlers\FileHandler' driver.
INFO - 2025-03-09 16:05:58 --> Session: Class initialized using 'CodeIgniter\Session\Handlers\FileHandler' driver.
INFO - 2025-03-09 16:06:12 --> Session: Class initialized using 'CodeIgniter\Session\Handlers\FileHandler' driver.
INFO - 2025-03-09 16:06:21 --> Session: Class initialized using 'CodeIgniter\Session\Handlers\FileHandler' driver.
INFO - 2025-03-09 16:06:57 --> Session: Class initialized using 'CodeIgniter\Session\Handlers\FileHandler' driver.
INFO - 2025-03-09 16:08:08 --> Session: Class initialized using 'CodeIgniter\Session\Handlers\FileHandler' driver.
INFO - 2025-03-09 16:12:43 --> Session: Class initialized using 'CodeIgniter\Session\Handlers\FileHandler' driver.
INFO - 2025-03-09 16:12:47 --> Session: Class initialized using 'CodeIgniter\Session\Handlers\FileHandler' driver.
INFO - 2025-03-09 16:12:50 --> Session: Class initialized using 'CodeIgniter\Session\Handlers\FileHandler' driver.
INFO - 2025-03-09 16:12:54 --> Session: Class initialized using 'CodeIgniter\Session\Handlers\FileHandler' driver.
INFO - 2025-03-09 16:12:57 --> Session: Class initialized using 'CodeIgniter\Session\Handlers\FileHandler' driver.
INFO - 2025-03-09 16:13:08 --> Session: Class initialized using 'CodeIgniter\Session\Handlers\FileHandler' driver.
INFO - 2025-03-09 16:13:10 --> Session: Class initialized using 'CodeIgniter\Session\Handlers\FileHandler' driver.
INFO - 2025-03-09 16:13:14 --> Session: Class initialized using 'CodeIgniter\Session\Handlers\FileHandler' driver.
INFO - 2025-03-09 16:13:17 --> Session: Class initialized using 'CodeIgniter\Session\Handlers\FileHandler' driver.
INFO - 2025-03-09 16:14:30 --> Session: Class initialized using 'CodeIgniter\Session\Handlers\FileHandler' driver.
INFO - 2025-03-09 16:15:35 --> Session: Class initialized using 'CodeIgniter\Session\Handlers\FileHandler' driver.
INFO - 2025-03-09 16:16:20 --> Session: Class initialized using 'CodeIgniter\Session\Handlers\FileHandler' driver.
INFO - 2025-03-09 16:43:59 --> Session: Class initialized using 'CodeIgniter\Session\Handlers\FileHandler' driver.
INFO - 2025-03-09 16:44:02 --> Session: Class initialized using 'CodeIgniter\Session\Handlers\FileHandler' driver.
INFO - 2025-03-09 16:44:45 --> Session: Class initialized using 'CodeIgniter\Session\Handlers\FileHandler' driver.
INFO - 2025-03-09 16:44:45 --> Session: Class initialized using 'CodeIgniter\Session\Handlers\FileHandler' driver.
INFO - 2025-03-09 16:53:24 --> Session: Class initialized using 'CodeIgniter\Session\Handlers\FileHandler' driver.
INFO - 2025-03-09 16:53:27 --> Session: Class initialized using 'CodeIgniter\Session\Handlers\FileHandler' driver.
INFO - 2025-03-09 16:54:09 --> Session: Class initialized using 'CodeIgniter\Session\Handlers\FileHandler' driver.
INFO - 2025-03-09 16:54:12 --> Session: Class initialized using 'CodeIgniter\Session\Handlers\FileHandler' driver.
INFO - 2025-03-09 16:54:12 --> Session: Class initialized using 'CodeIgniter\Session\Handlers\FileHandler' driver.
INFO - 2025-03-09 16:54:18 --> Session: Class initialized using 'CodeIgniter\Session\Handlers\FileHandler' driver.
INFO - 2025-03-09 16:54:25 --> Session: Class initialized using 'CodeIgniter\Session\Handlers\FileHandler' driver.
INFO - 2025-03-09 16:55:25 --> Session: Class initialized using 'CodeIgniter\Session\Handlers\FileHandler' driver.
INFO - 2025-03-09 16:55:25 --> Session: Class initialized using 'CodeIgniter\Session\Handlers\FileHandler' driver.
INFO - 2025-03-09 16:55:38 --> Session: Class initialized using 'CodeIgniter\Session\Handlers\FileHandler' driver.
INFO - 2025-03-09 16:55:39 --> Session: Class initialized using 'CodeIgniter\Session\Handlers\FileHandler' driver.
INFO - 2025-03-09 16:55:39 --> Session: Class initialized using 'CodeIgniter\Session\Handlers\FileHandler' driver.
INFO - 2025-03-09 16:55:39 --> Session: Class initialized using 'CodeIgniter\Session\Handlers\FileHandler' driver.
INFO - 2025-03-09 16:55:47 --> Session: Class initialized using 'CodeIgniter\Session\Handlers\FileHandler' driver.
INFO - 2025-03-09 16:55:47 --> Session: Class initialized using 'CodeIgniter\Session\Handlers\FileHandler' driver.
INFO - 2025-03-09 16:55:49 --> Session: Class initialized using 'CodeIgniter\Session\Handlers\FileHandler' driver.
INFO - 2025-03-09 16:56:09 --> Session: Class initialized using 'CodeIgniter\Session\Handlers\FileHandler' driver.
INFO - 2025-03-09 16:56:09 --> Session: Class initialized using 'CodeIgniter\Session\Handlers\FileHandler' driver.
INFO - 2025-03-09 16:56:14 --> Session: Class initialized using 'CodeIgniter\Session\Handlers\FileHandler' driver.
INFO - 2025-03-09 16:56:19 --> Session: Class initialized using 'CodeIgniter\Session\Handlers\FileHandler' driver.
INFO - 2025-03-09 16:56:19 --> Session: Class initialized using 'CodeIgniter\Session\Handlers\FileHandler' driver.
INFO - 2025-03-09 16:56:25 --> Session: Class initialized using 'CodeIgniter\Session\Handlers\FileHandler' driver.
INFO - 2025-03-09 16:56:51 --> Session: Class initialized using 'CodeIgniter\Session\Handlers\FileHandler' driver.
INFO - 2025-03-09 16:56:51 --> Session: Class initialized using 'CodeIgniter\Session\Handlers\FileHandler' driver.
INFO - 2025-03-09 16:57:05 --> Session: Class initialized using 'CodeIgniter\Session\Handlers\FileHandler' driver.
INFO - 2025-03-09 16:57:05 --> Session: Class initialized using 'CodeIgniter\Session\Handlers\FileHandler' driver.
INFO - 2025-03-09 16:57:05 --> Session: Class initialized using 'CodeIgniter\Session\Handlers\FileHandler' driver.
INFO - 2025-03-09 16:57:06 --> Session: Class initialized using 'CodeIgniter\Session\Handlers\FileHandler' driver.
INFO - 2025-03-09 16:57:14 --> Session: Class initialized using 'CodeIgniter\Session\Handlers\FileHandler' driver.
INFO - 2025-03-09 16:57:19 --> Session: Class initialized using 'CodeIgniter\Session\Handlers\FileHandler' driver.
INFO - 2025-03-09 16:57:20 --> Session: Class initialized using 'CodeIgniter\Session\Handlers\FileHandler' driver.
INFO - 2025-03-09 16:57:25 --> Session: Class initialized using 'CodeIgniter\Session\Handlers\FileHandler' driver.
INFO - 2025-03-09 16:58:18 --> Session: Class initialized using 'CodeIgniter\Session\Handlers\FileHandler' driver.
INFO - 2025-03-09 16:58:19 --> Session: Class initialized using 'CodeIgniter\Session\Handlers\FileHandler' driver.
INFO - 2025-03-09 16:58:57 --> Session: Class initialized using 'CodeIgniter\Session\Handlers\FileHandler' driver.
INFO - 2025-03-09 16:58:58 --> Session: Class initialized using 'CodeIgniter\Session\Handlers\FileHandler' driver.
INFO - 2025-03-09 16:58:58 --> Session: Class initialized using 'CodeIgniter\Session\Handlers\FileHandler' driver.
INFO - 2025-03-09 16:58:58 --> Session: Class initialized using 'CodeIgniter\Session\Handlers\FileHandler' driver.
INFO - 2025-03-09 16:59:18 --> Session: Class initialized using 'CodeIgniter\Session\Handlers\FileHandler' driver.
INFO - 2025-03-09 17:05:06 --> Session: Class initialized using 'CodeIgniter\Session\Handlers\FileHandler' driver.
INFO - 2025-03-09 17:05:10 --> Session: Class initialized using 'CodeIgniter\Session\Handlers\FileHandler' driver.
INFO - 2025-03-09 17:05:11 --> Session: Class initialized using 'CodeIgniter\Session\Handlers\FileHandler' driver.
INFO - 2025-03-09 17:05:18 --> Session: Class initialized using 'CodeIgniter\Session\Handlers\FileHandler' driver.
INFO - 2025-03-09 17:05:18 --> Session: Class initialized using 'CodeIgniter\Session\Handlers\FileHandler' driver.
INFO - 2025-03-09 17:06:21 --> Session: Class initialized using 'CodeIgniter\Session\Handlers\FileHandler' driver.
INFO - 2025-03-09 17:06:31 --> Session: Class initialized using 'CodeIgniter\Session\Handlers\FileHandler' driver.
INFO - 2025-03-09 17:06:46 --> Session: Class initialized using 'CodeIgniter\Session\Handlers\FileHandler' driver.
INFO - 2025-03-09 17:06:47 --> Session: Class initialized using 'CodeIgniter\Session\Handlers\FileHandler' driver.
CRITICAL - 2025-03-09 17:06:47 --> foreach() argument must be of type array|object, string given
in APPPATH\Views\diagnosis\auth\register.php on line 39.
 1 APPPATH\Views\diagnosis\auth\register.php(39): CodeIgniter\Debug\Exceptions->errorHandler(2, 'foreach() argument must be of type array|object, string given', 'C:\\xampp-pa\\htdocs\\MentalCare\\app\\Views\\diagnosis\\auth\\register.php', 39)
 2 SYSTEMPATH\View\View.php(224): include('C:\\xampp-pa\\htdocs\\MentalCare\\app\\Views\\diagnosis\\auth\\register.php')
 3 SYSTEMPATH\View\View.php(227): CodeIgniter\View\View->CodeIgniter\View\{closure}()
 4 SYSTEMPATH\Common.php(1176): CodeIgniter\View\View->render('diagnosis/auth/register', [], true)
 5 APPPATH\Controllers\RegisterController.php(59): view('diagnosis/auth/register')
 6 SYSTEMPATH\CodeIgniter.php(932): App\Controllers\RegisterController->register()
 7 SYSTEMPATH\CodeIgniter.php(497): CodeIgniter\CodeIgniter->runController(Object(App\Controllers\RegisterController))
 8 SYSTEMPATH\CodeIgniter.php(366): CodeIgniter\CodeIgniter->handleRequest(null, Object(Config\Cache), false)
 9 FCPATH\index.php(67): CodeIgniter\CodeIgniter->run()
10 SYSTEMPATH\Commands\Server\rewrite.php(47): require_once('C:\\xampp-pa\\htdocs\\MentalCare\\public\\index.php')
INFO - 2025-03-09 17:07:03 --> Session: Class initialized using 'CodeIgniter\Session\Handlers\FileHandler' driver.
INFO - 2025-03-09 17:07:11 --> Session: Class initialized using 'CodeIgniter\Session\Handlers\FileHandler' driver.
INFO - 2025-03-09 17:07:11 --> Session: Class initialized using 'CodeIgniter\Session\Handlers\FileHandler' driver.
CRITICAL - 2025-03-09 17:07:11 --> foreach() argument must be of type array|object, string given
in APPPATH\Views\diagnosis\auth\register.php on line 39.
 1 APPPATH\Views\diagnosis\auth\register.php(39): CodeIgniter\Debug\Exceptions->errorHandler(2, 'foreach() argument must be of type array|object, string given', 'C:\\xampp-pa\\htdocs\\MentalCare\\app\\Views\\diagnosis\\auth\\register.php', 39)
 2 SYSTEMPATH\View\View.php(224): include('C:\\xampp-pa\\htdocs\\MentalCare\\app\\Views\\diagnosis\\auth\\register.php')
 3 SYSTEMPATH\View\View.php(227): CodeIgniter\View\View->CodeIgniter\View\{closure}()
 4 SYSTEMPATH\Common.php(1176): CodeIgniter\View\View->render('diagnosis/auth/register', [], true)
 5 APPPATH\Controllers\RegisterController.php(59): view('diagnosis/auth/register')
 6 SYSTEMPATH\CodeIgniter.php(932): App\Controllers\RegisterController->register()
 7 SYSTEMPATH\CodeIgniter.php(497): CodeIgniter\CodeIgniter->runController(Object(App\Controllers\RegisterController))
 8 SYSTEMPATH\CodeIgniter.php(366): CodeIgniter\CodeIgniter->handleRequest(null, Object(Config\Cache), false)
 9 FCPATH\index.php(67): CodeIgniter\CodeIgniter->run()
10 SYSTEMPATH\Commands\Server\rewrite.php(47): require_once('C:\\xampp-pa\\htdocs\\MentalCare\\public\\index.php')
INFO - 2025-03-09 17:07:18 --> Session: Class initialized using 'CodeIgniter\Session\Handlers\FileHandler' driver.
INFO - 2025-03-09 17:07:21 --> Session: Class initialized using 'CodeIgniter\Session\Handlers\FileHandler' driver.
INFO - 2025-03-09 17:07:29 --> Session: Class initialized using 'CodeIgniter\Session\Handlers\FileHandler' driver.
INFO - 2025-03-09 17:07:32 --> Session: Class initialized using 'CodeIgniter\Session\Handlers\FileHandler' driver.
INFO - 2025-03-09 17:07:36 --> Session: Class initialized using 'CodeIgniter\Session\Handlers\FileHandler' driver.
INFO - 2025-03-09 17:07:39 --> Session: Class initialized using 'CodeIgniter\Session\Handlers\FileHandler' driver.
INFO - 2025-03-09 17:07:54 --> Session: Class initialized using 'CodeIgniter\Session\Handlers\FileHandler' driver.
INFO - 2025-03-09 17:08:02 --> Session: Class initialized using 'CodeIgniter\Session\Handlers\FileHandler' driver.
INFO - 2025-03-09 17:08:28 --> Session: Class initialized using 'CodeIgniter\Session\Handlers\FileHandler' driver.
INFO - 2025-03-09 17:08:28 --> Session: Class initialized using 'CodeIgniter\Session\Handlers\FileHandler' driver.
INFO - 2025-03-09 17:13:38 --> Session: Class initialized using 'CodeIgniter\Session\Handlers\FileHandler' driver.
INFO - 2025-03-09 17:13:38 --> Session: Class initialized using 'CodeIgniter\Session\Handlers\FileHandler' driver.
INFO - 2025-03-09 17:13:42 --> Session: Class initialized using 'CodeIgniter\Session\Handlers\FileHandler' driver.
INFO - 2025-03-09 17:13:47 --> Session: Class initialized using 'CodeIgniter\Session\Handlers\FileHandler' driver.
INFO - 2025-03-09 17:13:47 --> Session: Class initialized using 'CodeIgniter\Session\Handlers\FileHandler' driver.
INFO - 2025-03-09 17:13:50 --> Session: Class initialized using 'CodeIgniter\Session\Handlers\FileHandler' driver.
INFO - 2025-03-09 17:13:51 --> Session: Class initialized using 'CodeIgniter\Session\Handlers\FileHandler' driver.
INFO - 2025-03-09 17:13:56 --> Session: Class initialized using 'CodeIgniter\Session\Handlers\FileHandler' driver.
INFO - 2025-03-09 17:14:00 --> Session: Class initialized using 'CodeIgniter\Session\Handlers\FileHandler' driver.
INFO - 2025-03-09 17:14:22 --> Session: Class initialized using 'CodeIgniter\Session\Handlers\FileHandler' driver.
INFO - 2025-03-09 17:14:23 --> Session: Class initialized using 'CodeIgniter\Session\Handlers\FileHandler' driver.
INFO - 2025-03-09 17:14:50 --> Session: Class initialized using 'CodeIgniter\Session\Handlers\FileHandler' driver.
INFO - 2025-03-09 17:14:51 --> Session: Class initialized using 'CodeIgniter\Session\Handlers\FileHandler' driver.
INFO - 2025-03-09 17:15:20 --> Session: Class initialized using 'CodeIgniter\Session\Handlers\FileHandler' driver.
INFO - 2025-03-09 17:15:20 --> Session: Class initialized using 'CodeIgniter\Session\Handlers\FileHandler' driver.
INFO - 2025-03-09 17:16:43 --> Session: Class initialized using 'CodeIgniter\Session\Handlers\FileHandler' driver.
INFO - 2025-03-09 17:17:03 --> Session: Class initialized using 'CodeIgniter\Session\Handlers\FileHandler' driver.
INFO - 2025-03-09 17:17:03 --> Session: Class initialized using 'CodeIgniter\Session\Handlers\FileHandler' driver.
INFO - 2025-03-09 17:17:03 --> Session: Class initialized using 'CodeIgniter\Session\Handlers\FileHandler' driver.
INFO - 2025-03-09 17:17:03 --> Session: Class initialized using 'CodeIgniter\Session\Handlers\FileHandler' driver.
INFO - 2025-03-09 17:17:08 --> Session: Class initialized using 'CodeIgniter\Session\Handlers\FileHandler' driver.
INFO - 2025-03-09 17:19:47 --> Session: Class initialized using 'CodeIgniter\Session\Handlers\FileHandler' driver.
INFO - 2025-03-09 17:19:53 --> Session: Class initialized using 'CodeIgniter\Session\Handlers\FileHandler' driver.
INFO - 2025-03-09 17:19:56 --> Session: Class initialized using 'CodeIgniter\Session\Handlers\FileHandler' driver.
INFO - 2025-03-09 17:19:57 --> Session: Class initialized using 'CodeIgniter\Session\Handlers\FileHandler' driver.
INFO - 2025-03-09 17:20:27 --> Session: Class initialized using 'CodeIgniter\Session\Handlers\FileHandler' driver.
INFO - 2025-03-09 17:20:28 --> Session: Class initialized using 'CodeIgniter\Session\Handlers\FileHandler' driver.
INFO - 2025-03-09 17:20:56 --> Session: Class initialized using 'CodeIgniter\Session\Handlers\FileHandler' driver.
INFO - 2025-03-09 17:20:57 --> Session: Class initialized using 'CodeIgniter\Session\Handlers\FileHandler' driver.
INFO - 2025-03-09 17:21:20 --> Session: Class initialized using 'CodeIgniter\Session\Handlers\FileHandler' driver.
INFO - 2025-03-09 17:21:20 --> Session: Class initialized using 'CodeIgniter\Session\Handlers\FileHandler' driver.
INFO - 2025-03-09 17:21:21 --> Session: Class initialized using 'CodeIgniter\Session\Handlers\FileHandler' driver.
INFO - 2025-03-09 17:21:21 --> Session: Class initialized using 'CodeIgniter\Session\Handlers\FileHandler' driver.
INFO - 2025-03-09 17:21:33 --> Session: Class initialized using 'CodeIgniter\Session\Handlers\FileHandler' driver.
INFO - 2025-03-09 17:23:22 --> Session: Class initialized using 'CodeIgniter\Session\Handlers\FileHandler' driver.
INFO - 2025-03-09 17:23:26 --> Session: Class initialized using 'CodeIgniter\Session\Handlers\FileHandler' driver.
INFO - 2025-03-09 17:23:29 --> Session: Class initialized using 'CodeIgniter\Session\Handlers\FileHandler' driver.
INFO - 2025-03-09 17:23:30 --> Session: Class initialized using 'CodeIgniter\Session\Handlers\FileHandler' driver.
INFO - 2025-03-09 17:24:00 --> Session: Class initialized using 'CodeIgniter\Session\Handlers\FileHandler' driver.
INFO - 2025-03-09 17:24:00 --> Session: Class initialized using 'CodeIgniter\Session\Handlers\FileHandler' driver.
INFO - 2025-03-09 17:24:20 --> Session: Class initialized using 'CodeIgniter\Session\Handlers\FileHandler' driver.
INFO - 2025-03-09 17:24:21 --> Session: Class initialized using 'CodeIgniter\Session\Handlers\FileHandler' driver.
INFO - 2025-03-09 17:24:21 --> Session: Class initialized using 'CodeIgniter\Session\Handlers\FileHandler' driver.
INFO - 2025-03-09 17:24:21 --> Session: Class initialized using 'CodeIgniter\Session\Handlers\FileHandler' driver.
INFO - 2025-03-09 17:26:56 --> Session: Class initialized using 'CodeIgniter\Session\Handlers\FileHandler' driver.
INFO - 2025-03-09 17:26:59 --> Session: Class initialized using 'CodeIgniter\Session\Handlers\FileHandler' driver.
INFO - 2025-03-09 17:27:25 --> Session: Class initialized using 'CodeIgniter\Session\Handlers\FileHandler' driver.
INFO - 2025-03-09 17:27:25 --> Session: Class initialized using 'CodeIgniter\Session\Handlers\FileHandler' driver.
INFO - 2025-03-09 17:27:47 --> Session: Class initialized using 'CodeIgniter\Session\Handlers\FileHandler' driver.
INFO - 2025-03-09 17:27:47 --> Session: Class initialized using 'CodeIgniter\Session\Handlers\FileHandler' driver.
INFO - 2025-03-09 17:27:47 --> Session: Class initialized using 'CodeIgniter\Session\Handlers\FileHandler' driver.
INFO - 2025-03-09 17:27:48 --> Session: Class initialized using 'CodeIgniter\Session\Handlers\FileHandler' driver.
INFO - 2025-03-09 17:31:20 --> Session: Class initialized using 'CodeIgniter\Session\Handlers\FileHandler' driver.
INFO - 2025-03-09 17:31:23 --> Session: Class initialized using 'CodeIgniter\Session\Handlers\FileHandler' driver.
INFO - 2025-03-09 17:31:27 --> Session: Class initialized using 'CodeIgniter\Session\Handlers\FileHandler' driver.
INFO - 2025-03-09 17:31:27 --> Session: Class initialized using 'CodeIgniter\Session\Handlers\FileHandler' driver.
INFO - 2025-03-09 17:31:52 --> Session: Class initialized using 'CodeIgniter\Session\Handlers\FileHandler' driver.
INFO - 2025-03-09 17:31:57 --> Session: Class initialized using 'CodeIgniter\Session\Handlers\FileHandler' driver.
INFO - 2025-03-09 17:32:12 --> Session: Class initialized using 'CodeIgniter\Session\Handlers\FileHandler' driver.
INFO - 2025-03-09 17:32:12 --> Session: Class initialized using 'CodeIgniter\Session\Handlers\FileHandler' driver.
INFO - 2025-03-09 17:32:13 --> Session: Class initialized using 'CodeIgniter\Session\Handlers\FileHandler' driver.
INFO - 2025-03-09 17:32:13 --> Session: Class initialized using 'CodeIgniter\Session\Handlers\FileHandler' driver.
INFO - 2025-03-09 17:39:21 --> Session: Class initialized using 'CodeIgniter\Session\Handlers\FileHandler' driver.
INFO - 2025-03-09 17:39:24 --> Session: Class initialized using 'CodeIgniter\Session\Handlers\FileHandler' driver.
INFO - 2025-03-09 17:39:29 --> Session: Class initialized using 'CodeIgniter\Session\Handlers\FileHandler' driver.
INFO - 2025-03-09 17:39:29 --> Session: Class initialized using 'CodeIgniter\Session\Handlers\FileHandler' driver.
INFO - 2025-03-09 17:39:50 --> Session: Class initialized using 'CodeIgniter\Session\Handlers\FileHandler' driver.
INFO - 2025-03-09 17:39:55 --> OTP berhasil dikirim ke: 5asetfm@gmail.com
INFO - 2025-03-09 17:39:55 --> Session: Class initialized using 'CodeIgniter\Session\Handlers\FileHandler' driver.
INFO - 2025-03-09 17:40:45 --> Session: Class initialized using 'CodeIgniter\Session\Handlers\FileHandler' driver.
INFO - 2025-03-09 17:40:45 --> Session: Class initialized using 'CodeIgniter\Session\Handlers\FileHandler' driver.
INFO - 2025-03-09 17:40:46 --> Session: Class initialized using 'CodeIgniter\Session\Handlers\FileHandler' driver.
INFO - 2025-03-09 17:40:46 --> Session: Class initialized using 'CodeIgniter\Session\Handlers\FileHandler' driver.
INFO - 2025-03-09 17:42:55 --> Session: Class initialized using 'CodeIgniter\Session\Handlers\FileHandler' driver.
INFO - 2025-03-09 17:43:00 --> Session: Class initialized using 'CodeIgniter\Session\Handlers\FileHandler' driver.
INFO - 2025-03-09 17:43:01 --> Session: Class initialized using 'CodeIgniter\Session\Handlers\FileHandler' driver.
INFO - 2025-03-09 17:43:59 --> Session: Class initialized using 'CodeIgniter\Session\Handlers\FileHandler' driver.
INFO - 2025-03-09 17:44:03 --> Session: Class initialized using 'CodeIgniter\Session\Handlers\FileHandler' driver.
INFO - 2025-03-09 17:44:23 --> Session: Class initialized using 'CodeIgniter\Session\Handlers\FileHandler' driver.
INFO - 2025-03-09 17:44:24 --> Session: Class initialized using 'CodeIgniter\Session\Handlers\FileHandler' driver.
CRITICAL - 2025-03-09 17:44:24 --> Array to string conversion
in APPPATH\Views\components\alerts.php on line 8.
 1 APPPATH\Views\components\alerts.php(8): CodeIgniter\Debug\Exceptions->errorHandler(2, 'Array to string conversion', 'C:\\xampp-pa\\htdocs\\MentalCare\\app\\Views\\components\\alerts.php', 8)
 2 SYSTEMPATH\View\View.php(224): include('C:\\xampp-pa\\htdocs\\MentalCare\\app\\Views\\components\\alerts.php')
 3 SYSTEMPATH\View\View.php(227): CodeIgniter\View\View->CodeIgniter\View\{closure}()
 4 SYSTEMPATH\View\View.php(452): CodeIgniter\View\View->render('components/alerts', null, true)
 5 APPPATH\Views\admin\master_user\index.php(3): CodeIgniter\View\View->include('components/alerts')
 6 SYSTEMPATH\View\View.php(224): include('C:\\xampp-pa\\htdocs\\MentalCare\\app\\Views\\admin\\master_user\\index.php')
 7 SYSTEMPATH\View\View.php(227): CodeIgniter\View\View->CodeIgniter\View\{closure}()
 8 SYSTEMPATH\Common.php(1176): CodeIgniter\View\View->render('admin/master_user/index', [], true)
 9 APPPATH\Controllers\MasterUserController.php(31): view('admin/master_user/index', [...])
10 SYSTEMPATH\CodeIgniter.php(932): App\Controllers\MasterUserController->indexUser()
11 SYSTEMPATH\CodeIgniter.php(497): CodeIgniter\CodeIgniter->runController(Object(App\Controllers\MasterUserController))
12 SYSTEMPATH\CodeIgniter.php(366): CodeIgniter\CodeIgniter->handleRequest(null, Object(Config\Cache), false)
13 FCPATH\index.php(67): CodeIgniter\CodeIgniter->run()
14 SYSTEMPATH\Commands\Server\rewrite.php(47): require_once('C:\\xampp-pa\\htdocs\\MentalCare\\public\\index.php')
INFO - 2025-03-09 17:47:59 --> Session: Class initialized using 'CodeIgniter\Session\Handlers\FileHandler' driver.
INFO - 2025-03-09 17:48:05 --> Session: Class initialized using 'CodeIgniter\Session\Handlers\FileHandler' driver.
INFO - 2025-03-09 17:48:08 --> Session: Class initialized using 'CodeIgniter\Session\Handlers\FileHandler' driver.
INFO - 2025-03-09 17:48:11 --> Session: Class initialized using 'CodeIgniter\Session\Handlers\FileHandler' driver.
INFO - 2025-03-09 17:48:15 --> Session: Class initialized using 'CodeIgniter\Session\Handlers\FileHandler' driver.
INFO - 2025-03-09 17:48:36 --> Session: Class initialized using 'CodeIgniter\Session\Handlers\FileHandler' driver.
INFO - 2025-03-09 17:48:37 --> Session: Class initialized using 'CodeIgniter\Session\Handlers\FileHandler' driver.
INFO - 2025-03-09 17:48:37 --> Session: Class initialized using 'CodeIgniter\Session\Handlers\FileHandler' driver.
INFO - 2025-03-09 17:48:58 --> Session: Class initialized using 'CodeIgniter\Session\Handlers\FileHandler' driver.
INFO - 2025-03-09 17:48:59 --> Session: Class initialized using 'CodeIgniter\Session\Handlers\FileHandler' driver.
INFO - 2025-03-09 17:49:31 --> Session: Class initialized using 'CodeIgniter\Session\Handlers\FileHandler' driver.
INFO - 2025-03-09 17:49:34 --> Session: Class initialized using 'CodeIgniter\Session\Handlers\FileHandler' driver.
INFO - 2025-03-09 17:49:56 --> Session: Class initialized using 'CodeIgniter\Session\Handlers\FileHandler' driver.
INFO - 2025-03-09 17:49:56 --> Session: Class initialized using 'CodeIgniter\Session\Handlers\FileHandler' driver.
INFO - 2025-03-09 17:50:25 --> Session: Class initialized using 'CodeIgniter\Session\Handlers\FileHandler' driver.
INFO - 2025-03-09 17:50:26 --> Session: Class initialized using 'CodeIgniter\Session\Handlers\FileHandler' driver.
INFO - 2025-03-09 17:50:31 --> Session: Class initialized using 'CodeIgniter\Session\Handlers\FileHandler' driver.
INFO - 2025-03-09 17:50:31 --> Session: Class initialized using 'CodeIgniter\Session\Handlers\FileHandler' driver.
INFO - 2025-03-09 17:50:43 --> Session: Class initialized using 'CodeIgniter\Session\Handlers\FileHandler' driver.
INFO - 2025-03-09 17:50:46 --> Session: Class initialized using 'CodeIgniter\Session\Handlers\FileHandler' driver.
INFO - 2025-03-09 17:51:17 --> Session: Class initialized using 'CodeIgniter\Session\Handlers\FileHandler' driver.
INFO - 2025-03-09 17:51:17 --> Session: Class initialized using 'CodeIgniter\Session\Handlers\FileHandler' driver.
INFO - 2025-03-09 17:51:47 --> Session: Class initialized using 'CodeIgniter\Session\Handlers\FileHandler' driver.
INFO - 2025-03-09 17:51:52 --> OTP berhasil dikirim ke: 5asetfm@gmail.com
INFO - 2025-03-09 17:51:53 --> Session: Class initialized using 'CodeIgniter\Session\Handlers\FileHandler' driver.
INFO - 2025-03-09 17:52:14 --> Session: Class initialized using 'CodeIgniter\Session\Handlers\FileHandler' driver.
INFO - 2025-03-09 17:52:15 --> Session: Class initialized using 'CodeIgniter\Session\Handlers\FileHandler' driver.
INFO - 2025-03-09 17:52:26 --> Session: Class initialized using 'CodeIgniter\Session\Handlers\FileHandler' driver.
INFO - 2025-03-09 17:52:26 --> Session: Class initialized using 'CodeIgniter\Session\Handlers\FileHandler' driver.
INFO - 2025-03-09 17:52:30 --> Session: Class initialized using 'CodeIgniter\Session\Handlers\FileHandler' driver.
INFO - 2025-03-09 17:52:55 --> Session: Class initialized using 'CodeIgniter\Session\Handlers\FileHandler' driver.
INFO - 2025-03-09 17:55:18 --> Session: Class initialized using 'CodeIgniter\Session\Handlers\FileHandler' driver.
INFO - 2025-03-09 17:55:23 --> OTP berhasil dikirim ke: 5asetfm@gmail.com
INFO - 2025-03-09 17:55:23 --> Session: Class initialized using 'CodeIgniter\Session\Handlers\FileHandler' driver.
INFO - 2025-03-09 17:57:44 --> Session: Class initialized using 'CodeIgniter\Session\Handlers\FileHandler' driver.
INFO - 2025-03-09 17:57:49 --> OTP berhasil dikirim ke: 5asetfm@gmail.com
INFO - 2025-03-09 18:08:39 --> Session: Class initialized using 'CodeIgniter\Session\Handlers\FileHandler' driver.
INFO - 2025-03-09 18:08:39 --> Session: Class initialized using 'CodeIgniter\Session\Handlers\FileHandler' driver.
INFO - 2025-03-09 18:18:12 --> Session: Class initialized using 'CodeIgniter\Session\Handlers\FileHandler' driver.
INFO - 2025-03-09 18:18:44 --> Session: Class initialized using 'CodeIgniter\Session\Handlers\FileHandler' driver.
INFO - 2025-03-09 18:18:51 --> OTP berhasil dikirim ke: 5asetfm@gmail.com
INFO - 2025-03-09 18:18:52 --> Session: Class initialized using 'CodeIgniter\Session\Handlers\FileHandler' driver.
INFO - 2025-03-09 18:21:13 --> Session: Class initialized using 'CodeIgniter\Session\Handlers\FileHandler' driver.
INFO - 2025-03-09 18:22:29 --> Session: Class initialized using 'CodeIgniter\Session\Handlers\FileHandler' driver.
INFO - 2025-03-09 18:22:30 --> Session: Class initialized using 'CodeIgniter\Session\Handlers\FileHandler' driver.
INFO - 2025-03-09 18:28:20 --> Session: Class initialized using 'CodeIgniter\Session\Handlers\FileHandler' driver.
INFO - 2025-03-09 18:31:45 --> Session: Class initialized using 'CodeIgniter\Session\Handlers\FileHandler' driver.
INFO - 2025-03-09 18:35:14 --> Session: Class initialized using 'CodeIgniter\Session\Handlers\FileHandler' driver.
INFO - 2025-03-09 18:35:58 --> Session: Class initialized using 'CodeIgniter\Session\Handlers\FileHandler' driver.
INFO - 2025-03-09 18:36:12 --> Session: Class initialized using 'CodeIgniter\Session\Handlers\FileHandler' driver.
INFO - 2025-03-09 18:40:22 --> Session: Class initialized using 'CodeIgniter\Session\Handlers\FileHandler' driver.
INFO - 2025-03-09 18:41:37 --> Session: Class initialized using 'CodeIgniter\Session\Handlers\FileHandler' driver.
INFO - 2025-03-09 18:42:08 --> Session: Class initialized using 'CodeIgniter\Session\Handlers\FileHandler' driver.
INFO - 2025-03-09 18:42:28 --> Session: Class initialized using 'CodeIgniter\Session\Handlers\FileHandler' driver.
INFO - 2025-03-09 18:43:03 --> Session: Class initialized using 'CodeIgniter\Session\Handlers\FileHandler' driver.
INFO - 2025-03-09 18:44:42 --> Session: Class initialized using 'CodeIgniter\Session\Handlers\FileHandler' driver.
INFO - 2025-03-09 18:45:56 --> Session: Class initialized using 'CodeIgniter\Session\Handlers\FileHandler' driver.
INFO - 2025-03-09 18:48:39 --> Session: Class initialized using 'CodeIgniter\Session\Handlers\FileHandler' driver.
INFO - 2025-03-09 18:51:40 --> Session: Class initialized using 'CodeIgniter\Session\Handlers\FileHandler' driver.
INFO - 2025-03-09 18:54:17 --> Session: Class initialized using 'CodeIgniter\Session\Handlers\FileHandler' driver.
INFO - 2025-03-09 18:55:38 --> Session: Class initialized using 'CodeIgniter\Session\Handlers\FileHandler' driver.
INFO - 2025-03-09 18:55:44 --> OTP berhasil dikirim ke: 5asetfm@gmail.com
INFO - 2025-03-09 18:55:44 --> Session: Class initialized using 'CodeIgniter\Session\Handlers\FileHandler' driver.
INFO - 2025-03-09 18:56:28 --> Session: Class initialized using 'CodeIgniter\Session\Handlers\FileHandler' driver.
INFO - 2025-03-09 18:56:33 --> OTP berhasil dikirim ke: 5asetfm@gmail.com
INFO - 2025-03-09 18:56:58 --> Session: Class initialized using 'CodeIgniter\Session\Handlers\FileHandler' driver.
INFO - 2025-03-09 18:56:59 --> Session: Class initialized using 'CodeIgniter\Session\Handlers\FileHandler' driver.
INFO - 2025-03-09 18:57:08 --> Session: Class initialized using 'CodeIgniter\Session\Handlers\FileHandler' driver.
INFO - 2025-03-09 18:57:08 --> Session: Class initialized using 'CodeIgniter\Session\Handlers\FileHandler' driver.
INFO - 2025-03-09 18:57:20 --> Session: Class initialized using 'CodeIgniter\Session\Handlers\FileHandler' driver.
INFO - 2025-03-09 18:57:20 --> Session: Class initialized using 'CodeIgniter\Session\Handlers\FileHandler' driver.
INFO - 2025-03-09 18:57:53 --> Session: Class initialized using 'CodeIgniter\Session\Handlers\FileHandler' driver.
INFO - 2025-03-09 18:57:59 --> OTP berhasil dikirim ke: 5asetfm@gmail.com
INFO - 2025-03-09 18:57:59 --> Session: Class initialized using 'CodeIgniter\Session\Handlers\FileHandler' driver.
INFO - 2025-03-09 18:58:14 --> Session: Class initialized using 'CodeIgniter\Session\Handlers\FileHandler' driver.
INFO - 2025-03-09 18:58:14 --> Session: Class initialized using 'CodeIgniter\Session\Handlers\FileHandler' driver.
INFO - 2025-03-09 18:59:54 --> Session: Class initialized using 'CodeIgniter\Session\Handlers\FileHandler' driver.
INFO - 2025-03-09 18:59:55 --> Session: Class initialized using 'CodeIgniter\Session\Handlers\FileHandler' driver.
INFO - 2025-03-09 19:01:26 --> Session: Class initialized using 'CodeIgniter\Session\Handlers\FileHandler' driver.
INFO - 2025-03-09 19:01:27 --> Session: Class initialized using 'CodeIgniter\Session\Handlers\FileHandler' driver.
INFO - 2025-03-09 19:01:29 --> Session: Class initialized using 'CodeIgniter\Session\Handlers\FileHandler' driver.
INFO - 2025-03-09 19:02:09 --> Session: Class initialized using 'CodeIgniter\Session\Handlers\FileHandler' driver.
INFO - 2025-03-09 19:02:11 --> Session: Class initialized using 'CodeIgniter\Session\Handlers\FileHandler' driver.
INFO - 2025-03-09 19:02:14 --> Session: Class initialized using 'CodeIgniter\Session\Handlers\FileHandler' driver.
INFO - 2025-03-09 19:02:57 --> Session: Class initialized using 'CodeIgniter\Session\Handlers\FileHandler' driver.
INFO - 2025-03-09 19:03:58 --> Session: Class initialized using 'CodeIgniter\Session\Handlers\FileHandler' driver.
INFO - 2025-03-09 19:06:51 --> Session: Class initialized using 'CodeIgniter\Session\Handlers\FileHandler' driver.
INFO - 2025-03-09 19:07:22 --> Session: Class initialized using 'CodeIgniter\Session\Handlers\FileHandler' driver.
INFO - 2025-03-09 19:07:48 --> Session: Class initialized using 'CodeIgniter\Session\Handlers\FileHandler' driver.
INFO - 2025-03-09 19:07:53 --> Session: Class initialized using 'CodeIgniter\Session\Handlers\FileHandler' driver.
INFO - 2025-03-09 19:07:59 --> Session: Class initialized using 'CodeIgniter\Session\Handlers\FileHandler' driver.
INFO - 2025-03-09 19:08:02 --> Session: Class initialized using 'CodeIgniter\Session\Handlers\FileHandler' driver.
INFO - 2025-03-09 19:08:04 --> Session: Class initialized using 'CodeIgniter\Session\Handlers\FileHandler' driver.
INFO - 2025-03-09 19:08:06 --> Session: Class initialized using 'CodeIgniter\Session\Handlers\FileHandler' driver.
INFO - 2025-03-09 19:08:10 --> Session: Class initialized using 'CodeIgniter\Session\Handlers\FileHandler' driver.
INFO - 2025-03-09 19:08:34 --> Session: Class initialized using 'CodeIgniter\Session\Handlers\FileHandler' driver.
INFO - 2025-03-09 19:08:50 --> Session: Class initialized using 'CodeIgniter\Session\Handlers\FileHandler' driver.
INFO - 2025-03-09 19:18:44 --> Session: Class initialized using 'CodeIgniter\Session\Handlers\FileHandler' driver.
INFO - 2025-03-09 19:20:53 --> Session: Class initialized using 'CodeIgniter\Session\Handlers\FileHandler' driver.
INFO - 2025-03-09 19:22:52 --> Session: Class initialized using 'CodeIgniter\Session\Handlers\FileHandler' driver.
INFO - 2025-03-09 19:47:58 --> Session: Class initialized using 'CodeIgniter\Session\Handlers\FileHandler' driver.
INFO - 2025-03-09 19:48:04 --> OTP berhasil dikirim ke: 5asetfm@gmail.com
INFO - 2025-03-09 19:48:04 --> Session: Class initialized using 'CodeIgniter\Session\Handlers\FileHandler' driver.
INFO - 2025-03-09 19:48:24 --> Session: Class initialized using 'CodeIgniter\Session\Handlers\FileHandler' driver.
INFO - 2025-03-09 19:48:24 --> Session: Class initialized using 'CodeIgniter\Session\Handlers\FileHandler' driver.
INFO - 2025-03-09 19:49:20 --> Session: Class initialized using 'CodeIgniter\Session\Handlers\FileHandler' driver.
INFO - 2025-03-09 19:49:20 --> Session: Class initialized using 'CodeIgniter\Session\Handlers\FileHandler' driver.
INFO - 2025-03-09 19:53:34 --> Session: Class initialized using 'CodeIgniter\Session\Handlers\FileHandler' driver.
INFO - 2025-03-09 20:00:58 --> Session: Class initialized using 'CodeIgniter\Session\Handlers\FileHandler' driver.
CRITICAL - 2025-03-09 20:00:58 --> Undefined array key "nama_cf_user"
in APPPATH\Views\diagnosis\index.php on line 207.
 1 APPPATH\Views\diagnosis\index.php(207): CodeIgniter\Debug\Exceptions->errorHandler(2, 'Undefined array key "nama_cf_user"', 'C:\\xampp-pa\\htdocs\\MentalCare\\app\\Views\\diagnosis\\index.php', 207)
 2 SYSTEMPATH\View\View.php(224): include('C:\\xampp-pa\\htdocs\\MentalCare\\app\\Views\\diagnosis\\index.php')
 3 SYSTEMPATH\View\View.php(227): CodeIgniter\View\View->CodeIgniter\View\{closure}()
 4 SYSTEMPATH\Common.php(1176): CodeIgniter\View\View->render('diagnosis/index', [], true)
 5 APPPATH\Controllers\MasterDiagnosisController.php(24): view('diagnosis/index', [...])
 6 SYSTEMPATH\CodeIgniter.php(932): App\Controllers\MasterDiagnosisController->cek_diagnosis()
 7 SYSTEMPATH\CodeIgniter.php(497): CodeIgniter\CodeIgniter->runController(Object(App\Controllers\MasterDiagnosisController))
 8 SYSTEMPATH\CodeIgniter.php(366): CodeIgniter\CodeIgniter->handleRequest(null, Object(Config\Cache), false)
 9 FCPATH\index.php(67): CodeIgniter\CodeIgniter->run()
10 SYSTEMPATH\Commands\Server\rewrite.php(47): require_once('C:\\xampp-pa\\htdocs\\MentalCare\\public\\index.php')
INFO - 2025-03-09 20:06:08 --> Session: Class initialized using 'CodeIgniter\Session\Handlers\FileHandler' driver.
CRITICAL - 2025-03-09 20:06:08 --> Undefined array key "nama_cf_user"
in APPPATH\Views\diagnosis\index.php on line 231.
 1 APPPATH\Views\diagnosis\index.php(231): CodeIgniter\Debug\Exceptions->errorHandler(2, 'Undefined array key "nama_cf_user"', 'C:\\xampp-pa\\htdocs\\MentalCare\\app\\Views\\diagnosis\\index.php', 231)
 2 SYSTEMPATH\View\View.php(224): include('C:\\xampp-pa\\htdocs\\MentalCare\\app\\Views\\diagnosis\\index.php')
 3 SYSTEMPATH\View\View.php(227): CodeIgniter\View\View->CodeIgniter\View\{closure}()
 4 SYSTEMPATH\Common.php(1176): CodeIgniter\View\View->render('diagnosis/index', [], true)
 5 APPPATH\Controllers\MasterDiagnosisController.php(24): view('diagnosis/index', [...])
 6 SYSTEMPATH\CodeIgniter.php(932): App\Controllers\MasterDiagnosisController->cek_diagnosis()
 7 SYSTEMPATH\CodeIgniter.php(497): CodeIgniter\CodeIgniter->runController(Object(App\Controllers\MasterDiagnosisController))
 8 SYSTEMPATH\CodeIgniter.php(366): CodeIgniter\CodeIgniter->handleRequest(null, Object(Config\Cache), false)
 9 FCPATH\index.php(67): CodeIgniter\CodeIgniter->run()
10 SYSTEMPATH\Commands\Server\rewrite.php(47): require_once('C:\\xampp-pa\\htdocs\\MentalCare\\public\\index.php')
INFO - 2025-03-09 20:06:12 --> Session: Class initialized using 'CodeIgniter\Session\Handlers\FileHandler' driver.
CRITICAL - 2025-03-09 20:06:12 --> Undefined array key "nama_cf_user"
in APPPATH\Views\diagnosis\index.php on line 231.
 1 APPPATH\Views\diagnosis\index.php(231): CodeIgniter\Debug\Exceptions->errorHandler(2, 'Undefined array key "nama_cf_user"', 'C:\\xampp-pa\\htdocs\\MentalCare\\app\\Views\\diagnosis\\index.php', 231)
 2 SYSTEMPATH\View\View.php(224): include('C:\\xampp-pa\\htdocs\\MentalCare\\app\\Views\\diagnosis\\index.php')
 3 SYSTEMPATH\View\View.php(227): CodeIgniter\View\View->CodeIgniter\View\{closure}()
 4 SYSTEMPATH\Common.php(1176): CodeIgniter\View\View->render('diagnosis/index', [], true)
 5 APPPATH\Controllers\MasterDiagnosisController.php(24): view('diagnosis/index', [...])
 6 SYSTEMPATH\CodeIgniter.php(932): App\Controllers\MasterDiagnosisController->cek_diagnosis()
 7 SYSTEMPATH\CodeIgniter.php(497): CodeIgniter\CodeIgniter->runController(Object(App\Controllers\MasterDiagnosisController))
 8 SYSTEMPATH\CodeIgniter.php(366): CodeIgniter\CodeIgniter->handleRequest(null, Object(Config\Cache), false)
 9 FCPATH\index.php(67): CodeIgniter\CodeIgniter->run()
10 SYSTEMPATH\Commands\Server\rewrite.php(47): require_once('C:\\xampp-pa\\htdocs\\MentalCare\\public\\index.php')
INFO - 2025-03-09 20:06:13 --> Session: Class initialized using 'CodeIgniter\Session\Handlers\FileHandler' driver.
INFO - 2025-03-09 20:06:14 --> Session: Class initialized using 'CodeIgniter\Session\Handlers\FileHandler' driver.
CRITICAL - 2025-03-09 20:06:14 --> Undefined array key "nama_cf_user"
in APPPATH\Views\diagnosis\index.php on line 231.
 1 APPPATH\Views\diagnosis\index.php(231): CodeIgniter\Debug\Exceptions->errorHandler(2, 'Undefined array key "nama_cf_user"', 'C:\\xampp-pa\\htdocs\\MentalCare\\app\\Views\\diagnosis\\index.php', 231)
 2 SYSTEMPATH\View\View.php(224): include('C:\\xampp-pa\\htdocs\\MentalCare\\app\\Views\\diagnosis\\index.php')
 3 SYSTEMPATH\View\View.php(227): CodeIgniter\View\View->CodeIgniter\View\{closure}()
 4 SYSTEMPATH\Common.php(1176): CodeIgniter\View\View->render('diagnosis/index', [], true)
 5 APPPATH\Controllers\MasterDiagnosisController.php(24): view('diagnosis/index', [...])
 6 SYSTEMPATH\CodeIgniter.php(932): App\Controllers\MasterDiagnosisController->cek_diagnosis()
 7 SYSTEMPATH\CodeIgniter.php(497): CodeIgniter\CodeIgniter->runController(Object(App\Controllers\MasterDiagnosisController))
 8 SYSTEMPATH\CodeIgniter.php(366): CodeIgniter\CodeIgniter->handleRequest(null, Object(Config\Cache), false)
 9 FCPATH\index.php(67): CodeIgniter\CodeIgniter->run()
10 SYSTEMPATH\Commands\Server\rewrite.php(47): require_once('C:\\xampp-pa\\htdocs\\MentalCare\\public\\index.php')
INFO - 2025-03-09 20:11:24 --> Session: Class initialized using 'CodeIgniter\Session\Handlers\FileHandler' driver.
INFO - 2025-03-09 20:17:06 --> Session: Class initialized using 'CodeIgniter\Session\Handlers\FileHandler' driver.
INFO - 2025-03-09 20:19:16 --> Session: Class initialized using 'CodeIgniter\Session\Handlers\FileHandler' driver.
INFO - 2025-03-09 20:20:48 --> Session: Class initialized using 'CodeIgniter\Session\Handlers\FileHandler' driver.
INFO - 2025-03-09 20:21:08 --> Session: Class initialized using 'CodeIgniter\Session\Handlers\FileHandler' driver.
INFO - 2025-03-09 20:24:02 --> Session: Class initialized using 'CodeIgniter\Session\Handlers\FileHandler' driver.
INFO - 2025-03-09 20:25:42 --> Session: Class initialized using 'CodeIgniter\Session\Handlers\FileHandler' driver.
INFO - 2025-03-09 20:29:40 --> Session: Class initialized using 'CodeIgniter\Session\Handlers\FileHandler' driver.
INFO - 2025-03-09 20:32:18 --> Session: Class initialized using 'CodeIgniter\Session\Handlers\FileHandler' driver.
INFO - 2025-03-09 20:48:41 --> Session: Class initialized using 'CodeIgniter\Session\Handlers\FileHandler' driver.
INFO - 2025-03-09 20:48:42 --> Session: Class initialized using 'CodeIgniter\Session\Handlers\FileHandler' driver.
INFO - 2025-03-09 20:48:46 --> Session: Class initialized using 'CodeIgniter\Session\Handlers\FileHandler' driver.
INFO - 2025-03-09 20:51:45 --> Session: Class initialized using 'CodeIgniter\Session\Handlers\FileHandler' driver.
INFO - 2025-03-09 20:57:16 --> Session: Class initialized using 'CodeIgniter\Session\Handlers\FileHandler' driver.
INFO - 2025-03-09 21:00:33 --> Session: Class initialized using 'CodeIgniter\Session\Handlers\FileHandler' driver.
INFO - 2025-03-09 21:00:42 --> Session: Class initialized using 'CodeIgniter\Session\Handlers\FileHandler' driver.
INFO - 2025-03-09 21:05:08 --> Session: Class initialized using 'CodeIgniter\Session\Handlers\FileHandler' driver.
INFO - 2025-03-09 21:31:30 --> Session: Class initialized using 'CodeIgniter\Session\Handlers\FileHandler' driver.
INFO - 2025-03-09 21:42:53 --> Session: Class initialized using 'CodeIgniter\Session\Handlers\FileHandler' driver.
INFO - 2025-03-09 21:52:56 --> Session: Class initialized using 'CodeIgniter\Session\Handlers\FileHandler' driver.
INFO - 2025-03-09 21:56:41 --> Session: Class initialized using 'CodeIgniter\Session\Handlers\FileHandler' driver.
INFO - 2025-03-09 21:56:54 --> Session: Class initialized using 'CodeIgniter\Session\Handlers\FileHandler' driver.
INFO - 2025-03-09 21:56:54 --> Session: Class initialized using 'CodeIgniter\Session\Handlers\FileHandler' driver.
INFO - 2025-03-09 21:56:55 --> Session: Class initialized using 'CodeIgniter\Session\Handlers\FileHandler' driver.
INFO - 2025-03-09 21:56:55 --> Session: Class initialized using 'CodeIgniter\Session\Handlers\FileHandler' driver.
INFO - 2025-03-09 21:56:55 --> Session: Class initialized using 'CodeIgniter\Session\Handlers\FileHandler' driver.
INFO - 2025-03-09 21:56:56 --> Session: Class initialized using 'CodeIgniter\Session\Handlers\FileHandler' driver.
INFO - 2025-03-09 21:56:56 --> Session: Class initialized using 'CodeIgniter\Session\Handlers\FileHandler' driver.
INFO - 2025-03-09 21:56:57 --> Session: Class initialized using 'CodeIgniter\Session\Handlers\FileHandler' driver.
INFO - 2025-03-09 21:57:05 --> Session: Class initialized using 'CodeIgniter\Session\Handlers\FileHandler' driver.
INFO - 2025-03-09 21:57:05 --> Session: Class initialized using 'CodeIgniter\Session\Handlers\FileHandler' driver.
INFO - 2025-03-09 21:57:08 --> Session: Class initialized using 'CodeIgniter\Session\Handlers\FileHandler' driver.
INFO - 2025-03-09 21:57:11 --> Session: Class initialized using 'CodeIgniter\Session\Handlers\FileHandler' driver.
INFO - 2025-03-09 21:57:16 --> Session: Class initialized using 'CodeIgniter\Session\Handlers\FileHandler' driver.
INFO - 2025-03-09 21:57:17 --> Session: Class initialized using 'CodeIgniter\Session\Handlers\FileHandler' driver.
INFO - 2025-03-09 21:57:19 --> Session: Class initialized using 'CodeIgniter\Session\Handlers\FileHandler' driver.
INFO - 2025-03-09 21:57:23 --> Session: Class initialized using 'CodeIgniter\Session\Handlers\FileHandler' driver.
INFO - 2025-03-09 21:58:05 --> Session: Class initialized using 'CodeIgniter\Session\Handlers\FileHandler' driver.
INFO - 2025-03-09 22:01:03 --> Session: Class initialized using 'CodeIgniter\Session\Handlers\FileHandler' driver.
INFO - 2025-03-09 22:17:59 --> Session: Class initialized using 'CodeIgniter\Session\Handlers\FileHandler' driver.
INFO - 2025-03-09 22:18:03 --> Session: Class initialized using 'CodeIgniter\Session\Handlers\FileHandler' driver.
INFO - 2025-03-09 22:18:54 --> Session: Class initialized using 'CodeIgniter\Session\Handlers\FileHandler' driver.
INFO - 2025-03-09 22:20:01 --> Session: Class initialized using 'CodeIgniter\Session\Handlers\FileHandler' driver.
INFO - 2025-03-09 22:20:01 --> Session: Class initialized using 'CodeIgniter\Session\Handlers\FileHandler' driver.
INFO - 2025-03-09 22:22:47 --> Session: Class initialized using 'CodeIgniter\Session\Handlers\FileHandler' driver.
INFO - 2025-03-09 22:23:02 --> Session: Class initialized using 'CodeIgniter\Session\Handlers\FileHandler' driver.
INFO - 2025-03-09 22:23:12 --> Session: Class initialized using 'CodeIgniter\Session\Handlers\FileHandler' driver.
INFO - 2025-03-09 22:23:13 --> Session: Class initialized using 'CodeIgniter\Session\Handlers\FileHandler' driver.
INFO - 2025-03-09 22:35:19 --> Session: Class initialized using 'CodeIgniter\Session\Handlers\FileHandler' driver.
CRITICAL - 2025-03-09 22:35:20 --> Undefined array key "is_major"
in APPPATH\Views\diagnosis\index.php on line 235.
 1 APPPATH\Views\diagnosis\index.php(235): CodeIgniter\Debug\Exceptions->errorHandler(2, 'Undefined array key "is_major"', 'C:\\xampp-pa\\htdocs\\MentalCare\\app\\Views\\diagnosis\\index.php', 235)
 2 SYSTEMPATH\View\View.php(224): include('C:\\xampp-pa\\htdocs\\MentalCare\\app\\Views\\diagnosis\\index.php')
 3 SYSTEMPATH\View\View.php(227): CodeIgniter\View\View->CodeIgniter\View\{closure}()
 4 SYSTEMPATH\Common.php(1176): CodeIgniter\View\View->render('diagnosis/index', [], true)
 5 APPPATH\Controllers\MasterDiagnosisController.php(24): view('diagnosis/index', [...])
 6 SYSTEMPATH\CodeIgniter.php(932): App\Controllers\MasterDiagnosisController->cek_diagnosis()
 7 SYSTEMPATH\CodeIgniter.php(497): CodeIgniter\CodeIgniter->runController(Object(App\Controllers\MasterDiagnosisController))
 8 SYSTEMPATH\CodeIgniter.php(366): CodeIgniter\CodeIgniter->handleRequest(null, Object(Config\Cache), false)
 9 FCPATH\index.php(67): CodeIgniter\CodeIgniter->run()
10 SYSTEMPATH\Commands\Server\rewrite.php(47): require_once('C:\\xampp-pa\\htdocs\\MentalCare\\public\\index.php')
INFO - 2025-03-09 22:38:01 --> Session: Class initialized using 'CodeIgniter\Session\Handlers\FileHandler' driver.
INFO - 2025-03-09 22:43:07 --> Session: Class initialized using 'CodeIgniter\Session\Handlers\FileHandler' driver.
INFO - 2025-03-09 22:53:07 --> Session: Class initialized using 'CodeIgniter\Session\Handlers\FileHandler' driver.
DEBUG - 2025-03-09 22:53:07 --> Selected Gejala: Array
(
    [0] => 1
    [1] => 2
    [2] => 4
)

DEBUG - 2025-03-09 22:53:07 --> List CF: Array
(
    [0] => 1
    [1] => 5
    [2] => 2
)

DEBUG - 2025-03-09 22:53:07 --> Merged Data CF: Array
(
    [0] => Array
        (
            [id_gejala] => 1
            [tingkat_kepercayaan] => Tidak Sama Sekali
            [cf_user] => 0
        )

    [1] => Array
        (
            [id_gejala] => 2
            [tingkat_kepercayaan] => Pasti
            [cf_user] => 0.8
        )

    [2] => Array
        (
            [id_gejala] => 4
            [tingkat_kepercayaan] => Tidak Yakin
            [cf_user] => 0.2
        )

)

DEBUG - 2025-03-09 22:53:07 --> Checking relation for gejala 1: Array
(
    [0] => Array
        (
            [id_aturan] => 1
            [id_penyakit] => 1
            [id_gejala] => 1
            [mb] => 0.8
            [md] => 0
            [cf] => 0.8
        )

    [1] => Array
        (
            [id_aturan] => 7
            [id_penyakit] => 3
            [id_gejala] => 1
            [mb] => 0.8
            [md] => 0
            [cf] => 0.8
        )

    [2] => Array
        (
            [id_aturan] => 17
            [id_penyakit] => 5
            [id_gejala] => 1
            [mb] => 0.9
            [md] => 0
            [cf] => 0.9
        )

)

DEBUG - 2025-03-09 22:53:07 --> Found penyakit for relation: Array
(
    [id_penyakit] => 1
    [kode_penyakit] => P01
    [nama_penyakit] => Mild Major Depressive Disorder (Ringan)
    [deskripsi_penyakit] => Mild Major Depressive Disorder adalah tingkat depresi mayor yang
                memiliki gejala yang lebih ringan dibandingkan dengan tingkat yang lebih
                parah. Pada tingkat ini, gejala depresi biasanya memengaruhi kehidupan
                sehari-hari, namun individu masih dapat menjalani aktivitas sehari-hari
                dengan tingkat fungsionalitas yang relatif normal.
    [solusi_penyakit] => Solusi penanganan untuk Mild Major Depressive Disorder melibatkan kombinasi terapi kognitif perilaku (CBT), terapi dukungan, dan perubahan gaya hidup sehat. Terapi kognitif perilaku membantu individu mengubah pola pikir negatif menjadi pola pikir yang lebih adaptif dan positif. Terapi dukungan, seperti terapi interpersonal atau kelompok dukungan, dapat memberikan wadah untuk berbagi pengalaman dan mendapatkan dukungan emosional dari orang-orang terdekat. Selain itu, menjaga pola tidur yang teratur, mengadopsi pola makan sehat, dan berpartisipasi dalam kegiatan fisik yang memadai juga penting untuk meningkatkan kesejahteraan mental dan mengurangi gejala depresi pada tingkat yang lebih ringan.
)

DEBUG - 2025-03-09 22:53:07 --> Added to CF array: Array
(
    [id_gejala] => 1
    [kode_gejala] => G01
    [nama_gejala] => Anda mengalami suasana hati sedih hampir setiap hari dalam kurun waktu 2 minggu
    [tingkat_kepercayaan] => Tidak Sama Sekali
    [cf_user] => 0
    [cf_pakar] => 0.8
    [nilai_cf] => 0
    [id_penyakit] => 1
)

DEBUG - 2025-03-09 22:53:07 --> Found penyakit for relation: Array
(
    [id_penyakit] => 3
    [kode_penyakit] => P03
    [nama_penyakit] => Moderate Major Depressive Disorder (Sedang)
    [deskripsi_penyakit] => Moderate Major Depressive Disorder mengacu pada tingkat depresi mayor
                yang memiliki gejala sedang. Pada tingkat ini, gejala depresi dapat lebih
                mengganggu kehidupan sehari-hari individu dan mempengaruhi
                fungsionalitas mereka dalam berbagai bidang, seperti pekerjaan, hubungan,
                atau aktivitas sosial.
    [solusi_penyakit] => Solusi penanganan untuk Moderate Major Depressive Disorder melibatkan pendekatan terapi kombinasi yang mencakup terapi kognitif perilaku (CBT), terapi interpersonal, dan mungkin juga penggunaan obat antidepresan yang diresepkan oleh dokter. Terapi kognitif perilaku membantu individu mengidentifikasi dan mengubah pola pikir negatif yang mendasari depresi, sedangkan terapi interpersonal fokus pada perbaikan hubungan dan interaksi sosial. Penggunaan obat antidepresan dapat membantu mengurangi gejala depresi. Dalam kombinasi dengan dukungan sosial dan perubahan gaya hidup sehat, seperti menjaga rutinitas tidur yang teratur, pola makan sehat, dan olahraga, solusi penanganan tersebut bertujuan untuk memperbaiki kesejahteraan mental individu dan membantu mereka mengatasi gejala depresi yang sedang.
)

DEBUG - 2025-03-09 22:53:07 --> Added to CF array: Array
(
    [id_gejala] => 1
    [kode_gejala] => G01
    [nama_gejala] => Anda mengalami suasana hati sedih hampir setiap hari dalam kurun waktu 2 minggu
    [tingkat_kepercayaan] => Tidak Sama Sekali
    [cf_user] => 0
    [cf_pakar] => 0.8
    [nilai_cf] => 0
    [id_penyakit] => 3
)

DEBUG - 2025-03-09 22:53:07 --> Found penyakit for relation: Array
(
    [id_penyakit] => 5
    [kode_penyakit] => P05
    [nama_penyakit] => Severe Major Depressive Disorder (Parah)
    [deskripsi_penyakit] => Severe Major Depressive Disorder adalah tingkat depresi mayor yang
                memiliki gejala yang sangat parah dan mengganggu. Pada tingkat ini, gejala
                depresi sangat menghambat individu dalam menjalani kehidupan seharihari. Mereka mungkin mengalami kesulitan dalam menjalankan tugas-tugas
                rutin, berinteraksi dengan orang lain, atau bahkan memiliki pemikiran atau
                perilaku yang berpotensi merugikan diri sendiri.
    [solusi_penyakit] => Solusi penanganan untuk Severe Major Depressive Disorder yang parah meliputi kombinasi konseling terapi psikologis, pengobatan dengan obat antidepresan yang diresepkan oleh dokter, dan dukungan sosial yang kuat. Terapi kognitif perilaku dan terapi interpersonal dapat membantu individu mengatasi gejala depresi dan mengembangkan strategi penanganan yang efektif. Penting juga untuk melibatkan keluarga dan teman-teman dalam proses pemulihan serta memonitor dan mengurangi risiko perilaku yang merugikan diri sendiri melalui perawatan yang tepat dan pengawasan yang ketat.
)

DEBUG - 2025-03-09 22:53:07 --> Added to CF array: Array
(
    [id_gejala] => 1
    [kode_gejala] => G01
    [nama_gejala] => Anda mengalami suasana hati sedih hampir setiap hari dalam kurun waktu 2 minggu
    [tingkat_kepercayaan] => Tidak Sama Sekali
    [cf_user] => 0
    [cf_pakar] => 0.9
    [nilai_cf] => 0
    [id_penyakit] => 5
)

DEBUG - 2025-03-09 22:53:07 --> Checking relation for gejala 2: Array
(
    [0] => Array
        (
            [id_aturan] => 18
            [id_penyakit] => 5
            [id_gejala] => 2
            [mb] => 0.5
            [md] => 0
            [cf] => 0.5
        )

    [1] => Array
        (
            [id_aturan] => 36
            [id_penyakit] => 3
            [id_gejala] => 2
            [mb] => 0.8
            [md] => 0
            [cf] => 0.8
        )

)

DEBUG - 2025-03-09 22:53:07 --> Found penyakit for relation: Array
(
    [id_penyakit] => 5
    [kode_penyakit] => P05
    [nama_penyakit] => Severe Major Depressive Disorder (Parah)
    [deskripsi_penyakit] => Severe Major Depressive Disorder adalah tingkat depresi mayor yang
                memiliki gejala yang sangat parah dan mengganggu. Pada tingkat ini, gejala
                depresi sangat menghambat individu dalam menjalani kehidupan seharihari. Mereka mungkin mengalami kesulitan dalam menjalankan tugas-tugas
                rutin, berinteraksi dengan orang lain, atau bahkan memiliki pemikiran atau
                perilaku yang berpotensi merugikan diri sendiri.
    [solusi_penyakit] => Solusi penanganan untuk Severe Major Depressive Disorder yang parah meliputi kombinasi konseling terapi psikologis, pengobatan dengan obat antidepresan yang diresepkan oleh dokter, dan dukungan sosial yang kuat. Terapi kognitif perilaku dan terapi interpersonal dapat membantu individu mengatasi gejala depresi dan mengembangkan strategi penanganan yang efektif. Penting juga untuk melibatkan keluarga dan teman-teman dalam proses pemulihan serta memonitor dan mengurangi risiko perilaku yang merugikan diri sendiri melalui perawatan yang tepat dan pengawasan yang ketat.
)

DEBUG - 2025-03-09 22:53:07 --> Added to CF array: Array
(
    [id_gejala] => 2
    [kode_gejala] => G02
    [nama_gejala] => Anda kehilangan minat atau kesenangan yang signifikan dalam semua hal atau hampir semua aktivitas sepanjang hari dalam kurun waktu 2 minggu terakhir
    [tingkat_kepercayaan] => Pasti
    [cf_user] => 0.8
    [cf_pakar] => 0.5
    [nilai_cf] => 0.4
    [id_penyakit] => 5
)

DEBUG - 2025-03-09 22:53:07 --> Found penyakit for relation: Array
(
    [id_penyakit] => 3
    [kode_penyakit] => P03
    [nama_penyakit] => Moderate Major Depressive Disorder (Sedang)
    [deskripsi_penyakit] => Moderate Major Depressive Disorder mengacu pada tingkat depresi mayor
                yang memiliki gejala sedang. Pada tingkat ini, gejala depresi dapat lebih
                mengganggu kehidupan sehari-hari individu dan mempengaruhi
                fungsionalitas mereka dalam berbagai bidang, seperti pekerjaan, hubungan,
                atau aktivitas sosial.
    [solusi_penyakit] => Solusi penanganan untuk Moderate Major Depressive Disorder melibatkan pendekatan terapi kombinasi yang mencakup terapi kognitif perilaku (CBT), terapi interpersonal, dan mungkin juga penggunaan obat antidepresan yang diresepkan oleh dokter. Terapi kognitif perilaku membantu individu mengidentifikasi dan mengubah pola pikir negatif yang mendasari depresi, sedangkan terapi interpersonal fokus pada perbaikan hubungan dan interaksi sosial. Penggunaan obat antidepresan dapat membantu mengurangi gejala depresi. Dalam kombinasi dengan dukungan sosial dan perubahan gaya hidup sehat, seperti menjaga rutinitas tidur yang teratur, pola makan sehat, dan olahraga, solusi penanganan tersebut bertujuan untuk memperbaiki kesejahteraan mental individu dan membantu mereka mengatasi gejala depresi yang sedang.
)

DEBUG - 2025-03-09 22:53:07 --> Added to CF array: Array
(
    [id_gejala] => 2
    [kode_gejala] => G02
    [nama_gejala] => Anda kehilangan minat atau kesenangan yang signifikan dalam semua hal atau hampir semua aktivitas sepanjang hari dalam kurun waktu 2 minggu terakhir
    [tingkat_kepercayaan] => Pasti
    [cf_user] => 0.8
    [cf_pakar] => 0.8
    [nilai_cf] => 0.64
    [id_penyakit] => 3
)

DEBUG - 2025-03-09 22:53:07 --> Checking relation for gejala 4: Array
(
    [0] => Array
        (
            [id_aturan] => 20
            [id_penyakit] => 5
            [id_gejala] => 4
            [mb] => 0.8
            [md] => 0
            [cf] => 0.8
        )

)

DEBUG - 2025-03-09 22:53:07 --> Found penyakit for relation: Array
(
    [id_penyakit] => 5
    [kode_penyakit] => P05
    [nama_penyakit] => Severe Major Depressive Disorder (Parah)
    [deskripsi_penyakit] => Severe Major Depressive Disorder adalah tingkat depresi mayor yang
                memiliki gejala yang sangat parah dan mengganggu. Pada tingkat ini, gejala
                depresi sangat menghambat individu dalam menjalani kehidupan seharihari. Mereka mungkin mengalami kesulitan dalam menjalankan tugas-tugas
                rutin, berinteraksi dengan orang lain, atau bahkan memiliki pemikiran atau
                perilaku yang berpotensi merugikan diri sendiri.
    [solusi_penyakit] => Solusi penanganan untuk Severe Major Depressive Disorder yang parah meliputi kombinasi konseling terapi psikologis, pengobatan dengan obat antidepresan yang diresepkan oleh dokter, dan dukungan sosial yang kuat. Terapi kognitif perilaku dan terapi interpersonal dapat membantu individu mengatasi gejala depresi dan mengembangkan strategi penanganan yang efektif. Penting juga untuk melibatkan keluarga dan teman-teman dalam proses pemulihan serta memonitor dan mengurangi risiko perilaku yang merugikan diri sendiri melalui perawatan yang tepat dan pengawasan yang ketat.
)

DEBUG - 2025-03-09 22:53:07 --> Added to CF array: Array
(
    [id_gejala] => 4
    [kode_gejala] => G04
    [nama_gejala] => Anda mengalami kesulitan tidur atau tidur berlebihan selama 2 minggu terakhir
    [tingkat_kepercayaan] => Tidak Yakin
    [cf_user] => 0.2
    [cf_pakar] => 0.8
    [nilai_cf] => 0.16
    [id_penyakit] => 5
)

DEBUG - 2025-03-09 22:53:07 --> Final CF Array: Array
(
    [0] => Array
        (
            [id_gejala] => 1
            [kode_gejala] => G01
            [nama_gejala] => Anda mengalami suasana hati sedih hampir setiap hari dalam kurun waktu 2 minggu
            [tingkat_kepercayaan] => Tidak Sama Sekali
            [cf_user] => 0
            [cf_pakar] => 0.8
            [nilai_cf] => 0
            [id_penyakit] => 1
        )

    [1] => Array
        (
            [id_gejala] => 1
            [kode_gejala] => G01
            [nama_gejala] => Anda mengalami suasana hati sedih hampir setiap hari dalam kurun waktu 2 minggu
            [tingkat_kepercayaan] => Tidak Sama Sekali
            [cf_user] => 0
            [cf_pakar] => 0.8
            [nilai_cf] => 0
            [id_penyakit] => 3
        )

    [2] => Array
        (
            [id_gejala] => 1
            [kode_gejala] => G01
            [nama_gejala] => Anda mengalami suasana hati sedih hampir setiap hari dalam kurun waktu 2 minggu
            [tingkat_kepercayaan] => Tidak Sama Sekali
            [cf_user] => 0
            [cf_pakar] => 0.9
            [nilai_cf] => 0
            [id_penyakit] => 5
        )

    [3] => Array
        (
            [id_gejala] => 2
            [kode_gejala] => G02
            [nama_gejala] => Anda kehilangan minat atau kesenangan yang signifikan dalam semua hal atau hampir semua aktivitas sepanjang hari dalam kurun waktu 2 minggu terakhir
            [tingkat_kepercayaan] => Pasti
            [cf_user] => 0.8
            [cf_pakar] => 0.5
            [nilai_cf] => 0.4
            [id_penyakit] => 5
        )

    [4] => Array
        (
            [id_gejala] => 2
            [kode_gejala] => G02
            [nama_gejala] => Anda kehilangan minat atau kesenangan yang signifikan dalam semua hal atau hampir semua aktivitas sepanjang hari dalam kurun waktu 2 minggu terakhir
            [tingkat_kepercayaan] => Pasti
            [cf_user] => 0.8
            [cf_pakar] => 0.8
            [nilai_cf] => 0.64
            [id_penyakit] => 3
        )

    [5] => Array
        (
            [id_gejala] => 4
            [kode_gejala] => G04
            [nama_gejala] => Anda mengalami kesulitan tidur atau tidur berlebihan selama 2 minggu terakhir
            [tingkat_kepercayaan] => Tidak Yakin
            [cf_user] => 0.2
            [cf_pakar] => 0.8
            [nilai_cf] => 0.16
            [id_penyakit] => 5
        )

)

DEBUG - 2025-03-09 22:53:07 --> Grouped By Penyakit: Array
(
    [1] => Array
        (
            [0] => Array
                (
                    [id_gejala] => 1
                    [kode_gejala] => G01
                    [nama_gejala] => Anda mengalami suasana hati sedih hampir setiap hari dalam kurun waktu 2 minggu
                    [tingkat_kepercayaan] => Tidak Sama Sekali
                    [cf_user] => 0
                    [cf_pakar] => 0.8
                    [nilai_cf] => 0
                    [id_penyakit] => 1
                )

        )

    [3] => Array
        (
            [0] => Array
                (
                    [id_gejala] => 1
                    [kode_gejala] => G01
                    [nama_gejala] => Anda mengalami suasana hati sedih hampir setiap hari dalam kurun waktu 2 minggu
                    [tingkat_kepercayaan] => Tidak Sama Sekali
                    [cf_user] => 0
                    [cf_pakar] => 0.8
                    [nilai_cf] => 0
                    [id_penyakit] => 3
                )

            [1] => Array
                (
                    [id_gejala] => 2
                    [kode_gejala] => G02
                    [nama_gejala] => Anda kehilangan minat atau kesenangan yang signifikan dalam semua hal atau hampir semua aktivitas sepanjang hari dalam kurun waktu 2 minggu terakhir
                    [tingkat_kepercayaan] => Pasti
                    [cf_user] => 0.8
                    [cf_pakar] => 0.8
                    [nilai_cf] => 0.64
                    [id_penyakit] => 3
                )

        )

    [5] => Array
        (
            [0] => Array
                (
                    [id_gejala] => 1
                    [kode_gejala] => G01
                    [nama_gejala] => Anda mengalami suasana hati sedih hampir setiap hari dalam kurun waktu 2 minggu
                    [tingkat_kepercayaan] => Tidak Sama Sekali
                    [cf_user] => 0
                    [cf_pakar] => 0.9
                    [nilai_cf] => 0
                    [id_penyakit] => 5
                )

            [1] => Array
                (
                    [id_gejala] => 2
                    [kode_gejala] => G02
                    [nama_gejala] => Anda kehilangan minat atau kesenangan yang signifikan dalam semua hal atau hampir semua aktivitas sepanjang hari dalam kurun waktu 2 minggu terakhir
                    [tingkat_kepercayaan] => Pasti
                    [cf_user] => 0.8
                    [cf_pakar] => 0.5
                    [nilai_cf] => 0.4
                    [id_penyakit] => 5
                )

            [2] => Array
                (
                    [id_gejala] => 4
                    [kode_gejala] => G04
                    [nama_gejala] => Anda mengalami kesulitan tidur atau tidur berlebihan selama 2 minggu terakhir
                    [tingkat_kepercayaan] => Tidak Yakin
                    [cf_user] => 0.2
                    [cf_pakar] => 0.8
                    [nilai_cf] => 0.16
                    [id_penyakit] => 5
                )

        )

)

DEBUG - 2025-03-09 22:53:07 --> Isi array $new: Array
(
    [0] => Array
        (
            [id_penyakit] => 1
            [nilai_cf] => 0
        )

    [1] => Array
        (
            [id_penyakit] => 3
            [nilai_cf] => 0.64
        )

    [2] => Array
        (
            [id_penyakit] => 5
            [nilai_cf] => 0.496
        )

)

DEBUG - 2025-03-09 22:53:07 --> Max CF Value: 0.64
DEBUG - 2025-03-09 22:53:07 --> ID Penyakit Terbesar: 3
DEBUG - 2025-03-09 22:53:07 --> Penyakit Data: Array
(
    [id_penyakit] => 3
    [kode_penyakit] => P03
    [nama_penyakit] => Moderate Major Depressive Disorder (Sedang)
    [deskripsi_penyakit] => Moderate Major Depressive Disorder mengacu pada tingkat depresi mayor
                yang memiliki gejala sedang. Pada tingkat ini, gejala depresi dapat lebih
                mengganggu kehidupan sehari-hari individu dan mempengaruhi
                fungsionalitas mereka dalam berbagai bidang, seperti pekerjaan, hubungan,
                atau aktivitas sosial.
    [solusi_penyakit] => Solusi penanganan untuk Moderate Major Depressive Disorder melibatkan pendekatan terapi kombinasi yang mencakup terapi kognitif perilaku (CBT), terapi interpersonal, dan mungkin juga penggunaan obat antidepresan yang diresepkan oleh dokter. Terapi kognitif perilaku membantu individu mengidentifikasi dan mengubah pola pikir negatif yang mendasari depresi, sedangkan terapi interpersonal fokus pada perbaikan hubungan dan interaksi sosial. Penggunaan obat antidepresan dapat membantu mengurangi gejala depresi. Dalam kombinasi dengan dukungan sosial dan perubahan gaya hidup sehat, seperti menjaga rutinitas tidur yang teratur, pola makan sehat, dan olahraga, solusi penanganan tersebut bertujuan untuk memperbaiki kesejahteraan mental individu dan membantu mereka mengatasi gejala depresi yang sedang.
)

INFO - 2025-03-09 22:54:14 --> Session: Class initialized using 'CodeIgniter\Session\Handlers\FileHandler' driver.
INFO - 2025-03-09 22:54:14 --> Session: Class initialized using 'CodeIgniter\Session\Handlers\FileHandler' driver.
