ERROR - 2025-07-26 11:58:15 --> Error connecting to the database: mysqli_sql_exception: Unknown database 'mentalcare' in C:\laragon\www\MentalCare\vendor\codeigniter4\framework\system\Database\MySQLi\Connection.php:173
Stack trace:
#0 C:\laragon\www\MentalCare\vendor\codeigniter4\framework\system\Database\MySQLi\Connection.php(173): mysqli->real_connect('localhost', 'root', Object(SensitiveParameterValue), 'mentalcare', 3306, '', 0)
#1 C:\laragon\www\MentalCare\vendor\codeigniter4\framework\system\Database\BaseConnection.php(391): CodeIgniter\Database\MySQLi\Connection->connect(false)
#2 C:\laragon\www\MentalCare\vendor\codeigniter4\framework\system\Database\BaseConnection.php(574): CodeIgniter\Database\BaseConnection->initialize()
#3 C:\laragon\www\MentalCare\vendor\codeigniter4\framework\system\Database\BaseBuilder.php(1616): CodeIgniter\Database\BaseConnection->query('SELECT *\nFROM `...', Array, false)
#4 C:\laragon\www\MentalCare\vendor\codeigniter4\framework\system\Model.php(241): CodeIgniter\Database\BaseBuilder->get()
#5 C:\laragon\www\MentalCare\vendor\codeigniter4\framework\system\BaseModel.php(618): CodeIgniter\Model->doFindAll(0, 0)
#6 C:\laragon\www\MentalCare\app\Controllers\Home.php(13): CodeIgniter\BaseModel->findAll()
#7 C:\laragon\www\MentalCare\vendor\codeigniter4\framework\system\CodeIgniter.php(932): App\Controllers\Home->index()
#8 C:\laragon\www\MentalCare\vendor\codeigniter4\framework\system\CodeIgniter.php(497): CodeIgniter\CodeIgniter->runController(Object(App\Controllers\Home))
#9 C:\laragon\www\MentalCare\vendor\codeigniter4\framework\system\CodeIgniter.php(366): CodeIgniter\CodeIgniter->handleRequest(NULL, Object(Config\Cache), false)
#10 C:\laragon\www\MentalCare\public\index.php(67): CodeIgniter\CodeIgniter->run()
#11 C:\laragon\www\MentalCare\vendor\codeigniter4\framework\system\Commands\Server\rewrite.php(47): require_once('C:\\laragon\\www\\...')
#12 {main}

Next CodeIgniter\Database\Exceptions\DatabaseException: Unknown database 'mentalcare' in C:\laragon\www\MentalCare\vendor\codeigniter4\framework\system\Database\MySQLi\Connection.php:218
Stack trace:
#0 C:\laragon\www\MentalCare\vendor\codeigniter4\framework\system\Database\BaseConnection.php(391): CodeIgniter\Database\MySQLi\Connection->connect(false)
#1 C:\laragon\www\MentalCare\vendor\codeigniter4\framework\system\Database\BaseConnection.php(574): CodeIgniter\Database\BaseConnection->initialize()
#2 C:\laragon\www\MentalCare\vendor\codeigniter4\framework\system\Database\BaseBuilder.php(1616): CodeIgniter\Database\BaseConnection->query('SELECT *\nFROM `...', Array, false)
#3 C:\laragon\www\MentalCare\vendor\codeigniter4\framework\system\Model.php(241): CodeIgniter\Database\BaseBuilder->get()
#4 C:\laragon\www\MentalCare\vendor\codeigniter4\framework\system\BaseModel.php(618): CodeIgniter\Model->doFindAll(0, 0)
#5 C:\laragon\www\MentalCare\app\Controllers\Home.php(13): CodeIgniter\BaseModel->findAll()
#6 C:\laragon\www\MentalCare\vendor\codeigniter4\framework\system\CodeIgniter.php(932): App\Controllers\Home->index()
#7 C:\laragon\www\MentalCare\vendor\codeigniter4\framework\system\CodeIgniter.php(497): CodeIgniter\CodeIgniter->runController(Object(App\Controllers\Home))
#8 C:\laragon\www\MentalCare\vendor\codeigniter4\framework\system\CodeIgniter.php(366): CodeIgniter\CodeIgniter->handleRequest(NULL, Object(Config\Cache), false)
#9 C:\laragon\www\MentalCare\public\index.php(67): CodeIgniter\CodeIgniter->run()
#10 C:\laragon\www\MentalCare\vendor\codeigniter4\framework\system\Commands\Server\rewrite.php(47): require_once('C:\\laragon\\www\\...')
#11 {main}
CRITICAL - 2025-07-26 11:58:15 --> Unable to connect to the database.
Main connection [MySQLi]: Unknown database 'mentalcare'
in SYSTEMPATH\Database\BaseConnection.php on line 427.
 1 SYSTEMPATH\Database\BaseConnection.php(574): CodeIgniter\Database\BaseConnection->initialize()
 2 SYSTEMPATH\Database\BaseBuilder.php(1616): CodeIgniter\Database\BaseConnection->query('SELECT *
FROM `tbl_faq`
WHERE `tbl_faq`.`deleted_at` IS NULL', [], false)
 3 SYSTEMPATH\Model.php(241): CodeIgniter\Database\BaseBuilder->get()
 4 SYSTEMPATH\BaseModel.php(618): CodeIgniter\Model->doFindAll(0, 0)
 5 APPPATH\Controllers\Home.php(13): CodeIgniter\BaseModel->findAll()
 6 SYSTEMPATH\CodeIgniter.php(932): App\Controllers\Home->index()
 7 SYSTEMPATH\CodeIgniter.php(497): CodeIgniter\CodeIgniter->runController(Object(App\Controllers\Home))
 8 SYSTEMPATH\CodeIgniter.php(366): CodeIgniter\CodeIgniter->handleRequest(null, Object(Config\Cache), false)
 9 FCPATH\index.php(67): CodeIgniter\CodeIgniter->run()
10 SYSTEMPATH\Commands\Server\rewrite.php(47): require_once('C:\\laragon\\www\\MentalCare\\public\\index.php')
ERROR - 2025-07-26 12:25:38 --> mysqli_sql_exception: BLOB, TEXT, GEOMETRY or JSON column 'riwayat_kesehatan' can't have a default value in C:\laragon\www\MentalCare\vendor\codeigniter4\framework\system\Database\MySQLi\Connection.php:295
Stack trace:
#0 C:\laragon\www\MentalCare\vendor\codeigniter4\framework\system\Database\MySQLi\Connection.php(295): mysqli->query('CREATE TABLE `t...', 0)
#1 C:\laragon\www\MentalCare\vendor\codeigniter4\framework\system\Database\BaseConnection.php(692): CodeIgniter\Database\MySQLi\Connection->execute('CREATE TABLE `t...')
#2 C:\laragon\www\MentalCare\vendor\codeigniter4\framework\system\Database\BaseConnection.php(606): CodeIgniter\Database\BaseConnection->simpleQuery('CREATE TABLE `t...')
#3 C:\laragon\www\MentalCare\vendor\codeigniter4\framework\system\Database\Forge.php(546): CodeIgniter\Database\BaseConnection->query('CREATE TABLE `t...')
#4 C:\laragon\www\MentalCare\app\Database\Migrations\2023-08-11-213605_CreateTblDiagnosis.php(66): CodeIgniter\Database\Forge->createTable('tbl_diagnosis')
#5 C:\laragon\www\MentalCare\vendor\codeigniter4\framework\system\Database\MigrationRunner.php(877): App\Database\Migrations\CreateTblDiagnosis->up()
#6 C:\laragon\www\MentalCare\vendor\codeigniter4\framework\system\Database\MigrationRunner.php(188): CodeIgniter\Database\MigrationRunner->migrate('up', Object(stdClass))
#7 C:\laragon\www\MentalCare\vendor\codeigniter4\framework\system\Commands\Database\Migrate.php(84): CodeIgniter\Database\MigrationRunner->latest(NULL)
#8 C:\laragon\www\MentalCare\vendor\codeigniter4\framework\system\CLI\Commands.php(65): CodeIgniter\Commands\Database\Migrate->run(Array)
#9 C:\laragon\www\MentalCare\vendor\codeigniter4\framework\system\CLI\Console.php(37): CodeIgniter\CLI\Commands->run('migrate', Array)
#10 C:\laragon\www\MentalCare\spark(97): CodeIgniter\CLI\Console->run()
#11 {main}
ERROR - 2025-07-26 12:29:40 --> mysqli_sql_exception: Unknown column 'role' in 'tbl_user' in C:\laragon\www\MentalCare\vendor\codeigniter4\framework\system\Database\MySQLi\Connection.php:295
Stack trace:
#0 C:\laragon\www\MentalCare\vendor\codeigniter4\framework\system\Database\MySQLi\Connection.php(295): mysqli->query('ALTER TABLE `tb...', 0)
#1 C:\laragon\www\MentalCare\vendor\codeigniter4\framework\system\Database\BaseConnection.php(692): CodeIgniter\Database\MySQLi\Connection->execute('ALTER TABLE `tb...')
#2 C:\laragon\www\MentalCare\vendor\codeigniter4\framework\system\Database\BaseConnection.php(606): CodeIgniter\Database\BaseConnection->simpleQuery('ALTER TABLE `tb...')
#3 C:\laragon\www\MentalCare\vendor\codeigniter4\framework\system\Database\Forge.php(745): CodeIgniter\Database\BaseConnection->query('ALTER TABLE `tb...')
#4 C:\laragon\www\MentalCare\app\Database\Migrations\20250615120500_Add2faColumnsToTblUser.php(26): CodeIgniter\Database\Forge->addColumn('tbl_user', Array)
#5 C:\laragon\www\MentalCare\vendor\codeigniter4\framework\system\Database\MigrationRunner.php(877): App\Database\Migrations\Add2faColumnsToTblUser->up()
#6 C:\laragon\www\MentalCare\vendor\codeigniter4\framework\system\Database\MigrationRunner.php(188): CodeIgniter\Database\MigrationRunner->migrate('up', Object(stdClass))
#7 C:\laragon\www\MentalCare\vendor\codeigniter4\framework\system\Commands\Database\Migrate.php(84): CodeIgniter\Database\MigrationRunner->latest(NULL)
#8 C:\laragon\www\MentalCare\vendor\codeigniter4\framework\system\CLI\Commands.php(65): CodeIgniter\Commands\Database\Migrate->run(Array)
#9 C:\laragon\www\MentalCare\vendor\codeigniter4\framework\system\CLI\Console.php(37): CodeIgniter\CLI\Commands->run('migrate', Array)
#10 C:\laragon\www\MentalCare\spark(97): CodeIgniter\CLI\Console->run()
#11 {main}
ERROR - 2025-07-26 12:30:51 --> mysqli_sql_exception: Unknown column 'role' in 'tbl_user' in C:\laragon\www\MentalCare\vendor\codeigniter4\framework\system\Database\MySQLi\Connection.php:295
Stack trace:
#0 C:\laragon\www\MentalCare\vendor\codeigniter4\framework\system\Database\MySQLi\Connection.php(295): mysqli->query('ALTER TABLE `tb...', 0)
#1 C:\laragon\www\MentalCare\vendor\codeigniter4\framework\system\Database\BaseConnection.php(692): CodeIgniter\Database\MySQLi\Connection->execute('ALTER TABLE `tb...')
#2 C:\laragon\www\MentalCare\vendor\codeigniter4\framework\system\Database\BaseConnection.php(606): CodeIgniter\Database\BaseConnection->simpleQuery('ALTER TABLE `tb...')
#3 C:\laragon\www\MentalCare\vendor\codeigniter4\framework\system\Database\Forge.php(745): CodeIgniter\Database\BaseConnection->query('ALTER TABLE `tb...')
#4 C:\laragon\www\MentalCare\app\Database\Migrations\20250615120500_Add2faColumnsToTblUser.php(26): CodeIgniter\Database\Forge->addColumn('tbl_user', Array)
#5 C:\laragon\www\MentalCare\vendor\codeigniter4\framework\system\Database\MigrationRunner.php(877): App\Database\Migrations\Add2faColumnsToTblUser->up()
#6 C:\laragon\www\MentalCare\vendor\codeigniter4\framework\system\Database\MigrationRunner.php(188): CodeIgniter\Database\MigrationRunner->migrate('up', Object(stdClass))
#7 C:\laragon\www\MentalCare\vendor\codeigniter4\framework\system\Commands\Database\Migrate.php(84): CodeIgniter\Database\MigrationRunner->latest(NULL)
#8 C:\laragon\www\MentalCare\vendor\codeigniter4\framework\system\CLI\Commands.php(65): CodeIgniter\Commands\Database\Migrate->run(Array)
#9 C:\laragon\www\MentalCare\vendor\codeigniter4\framework\system\CLI\Console.php(37): CodeIgniter\CLI\Commands->run('migrate', Array)
#10 C:\laragon\www\MentalCare\spark(97): CodeIgniter\CLI\Console->run()
#11 {main}
